[ 2016-10-20T09:32:55+08:00 ] 58.208.170.73 /Ucar/index.php?m=Wap&a=adminjudgescount&id=3&content=ok
INFO: [ app_begin ] --START--
INFO: ReadHtmlCache Behavior ::run [ RunTime:0.000500s ]
INFO: [ app_begin ] --END-- [ RunTime:0.000581s ]
SQL: SHOW COLUMNS FROM `suggest` [ RunTime:0.000700s ]
SQL: UPDATE `suggest` SET `id`=3,`adminsay`='ok',`flag1`=0 WHERE ( `id` = 3 ) [ RunTime:0.105162s ]
INFO: [ view_parse ] --START--
INFO: ParseTemplate Behavior ::run [ RunTime:0.006672s ]
INFO: [ view_parse ] --END-- [ RunTime:0.006740s ]
INFO: [ view_filter ] --START--
INFO: ContentReplace Behavior ::run [ RunTime:0.000326s ]
INFO: TokenBuild Behavior ::run [ RunTime:0.000367s ]
INFO: WriteHtmlCache Behavior ::run [ RunTime:0.000267s ]
INFO: ShowRuntime Behavior ::run [ RunTime:0.000433s ]
INFO: [ view_filter ] --END-- [ RunTime:0.001548s ]
INFO: [ view_end ] --START--
INFO: ShowPageTrace Behavior ::run [ RunTime:0.000610s ]
INFO: [ view_end ] --END-- [ RunTime:0.000667s ]

[ 2016-10-20T09:32:57+08:00 ] 58.208.170.73 /Ucar/index.php?m=Wap&a=adminjudge
INFO: [ app_begin ] --START--
INFO: ReadHtmlCache Behavior ::run [ RunTime:0.000489s ]
INFO: [ app_begin ] --END-- [ RunTime:0.000601s ]
SQL: SHOW COLUMNS FROM `suggest` [ RunTime:0.000768s ]
SQL: SELECT COUNT(*) AS tp_count FROM `suggest` WHERE ( `flag1` = 1 ) LIMIT 1   [ RunTime:0.000295s ]
SQL: SELECT * FROM `suggest` WHERE ( `flag1` = 1 ) LIMIT 0,3   [ RunTime:0.000277s ]
INFO: [ view_parse ] --START--
NOTIC: [2] date() expects parameter 2 to be long, string given /home/wwwroot/default/Ucar/Runtime/Cache/c2f529bf83b3d0a883e6ebd08dd98333.php 第 22 行.
NOTIC: [2] date() expects parameter 2 to be long, string given /home/wwwroot/default/Ucar/Runtime/Cache/c2f529bf83b3d0a883e6ebd08dd98333.php 第 22 行.
NOTIC: [2] date() expects parameter 2 to be long, string given /home/wwwroot/default/Ucar/Runtime/Cache/c2f529bf83b3d0a883e6ebd08dd98333.php 第 22 行.
INFO: ParseTemplate Behavior ::run [ RunTime:0.007689s ]
INFO: [ view_parse ] --END-- [ RunTime:0.007751s ]
INFO: [ view_filter ] --START--
INFO: ContentReplace Behavior ::run [ RunTime:0.000332s ]
INFO: TokenBuild Behavior ::run [ RunTime:0.000357s ]
INFO: WriteHtmlCache Behavior ::run [ RunTime:0.000247s ]
INFO: ShowRuntime Behavior ::run [ RunTime:0.000491s ]
INFO: [ view_filter ] --END-- [ RunTime:0.001574s ]
INFO: [ view_end ] --START--
INFO: ShowPageTrace Behavior ::run [ RunTime:0.000582s ]
INFO: [ view_end ] --END-- [ RunTime:0.000630s ]

[ 2016-10-20T09:41:03+08:00 ] 58.208.170.73 /Ucar/index.php?m=Wap&a=adminjudge
INFO: [ app_begin ] --START--
INFO: ReadHtmlCache Behavior ::run [ RunTime:0.000507s ]
INFO: [ app_begin ] --END-- [ RunTime:0.000592s ]
SQL: SHOW COLUMNS FROM `suggest` [ RunTime:0.000721s ]
SQL: SELECT COUNT(*) AS tp_count FROM `suggest` WHERE ( `flag1` = 1 ) LIMIT 1   [ RunTime:0.000112s ]
SQL: SELECT * FROM `suggest` WHERE ( `flag1` = 1 ) LIMIT 0,3   [ RunTime:0.000105s ]
INFO: [ view_parse ] --START--
NOTIC: [2] date() expects parameter 2 to be long, string given /home/wwwroot/default/Ucar/Runtime/Cache/c2f529bf83b3d0a883e6ebd08dd98333.php 第 22 行.
NOTIC: [2] date() expects parameter 2 to be long, string given /home/wwwroot/default/Ucar/Runtime/Cache/c2f529bf83b3d0a883e6ebd08dd98333.php 第 22 行.
NOTIC: [2] date() expects parameter 2 to be long, string given /home/wwwroot/default/Ucar/Runtime/Cache/c2f529bf83b3d0a883e6ebd08dd98333.php 第 22 行.
INFO: ParseTemplate Behavior ::run [ RunTime:0.008764s ]
INFO: [ view_parse ] --END-- [ RunTime:0.008831s ]
INFO: [ view_filter ] --START--
INFO: ContentReplace Behavior ::run [ RunTime:0.000341s ]
INFO: TokenBuild Behavior ::run [ RunTime:0.000363s ]
INFO: WriteHtmlCache Behavior ::run [ RunTime:0.000249s ]
INFO: ShowRuntime Behavior ::run [ RunTime:0.000407s ]
INFO: [ view_filter ] --END-- [ RunTime:0.001506s ]
INFO: [ view_end ] --START--
INFO: ShowPageTrace Behavior ::run [ RunTime:0.000596s ]
INFO: [ view_end ] --END-- [ RunTime:0.000646s ]

[ 2016-10-20T09:43:02+08:00 ] 58.208.170.73 /Ucar/index.php?m=Admin
INFO: [ app_begin ] --START--
INFO: ReadHtmlCache Behavior ::run [ RunTime:0.000486s ]
INFO: [ app_begin ] --END-- [ RunTime:0.000574s ]
INFO: [ view_parse ] --START--
INFO: ParseTemplate Behavior ::run [ RunTime:0.013758s ]
INFO: [ view_parse ] --END-- [ RunTime:0.013861s ]
INFO: [ view_filter ] --START--
INFO: ContentReplace Behavior ::run [ RunTime:0.000547s ]
INFO: TokenBuild Behavior ::run [ RunTime:0.000425s ]
INFO: WriteHtmlCache Behavior ::run [ RunTime:0.000266s ]
INFO: ShowRuntime Behavior ::run [ RunTime:0.000494s ]
INFO: [ view_filter ] --END-- [ RunTime:0.001898s ]
INFO: [ view_end ] --START--
INFO: ShowPageTrace Behavior ::run [ RunTime:0.000544s ]
INFO: [ view_end ] --END-- [ RunTime:0.000622s ]

[ 2016-10-20T09:52:21+08:00 ] 58.208.170.73 /Ucar/index.php?m=Admin
INFO: [ app_begin ] --START--
INFO: ReadHtmlCache Behavior ::run [ RunTime:0.000480s ]
INFO: [ app_begin ] --END-- [ RunTime:0.000560s ]
INFO: [ view_parse ] --START--
INFO: ParseTemplate Behavior ::run [ RunTime:0.013980s ]
INFO: [ view_parse ] --END-- [ RunTime:0.014063s ]
INFO: [ view_filter ] --START--
INFO: ContentReplace Behavior ::run [ RunTime:0.000424s ]
INFO: TokenBuild Behavior ::run [ RunTime:0.000352s ]
INFO: WriteHtmlCache Behavior ::run [ RunTime:0.000288s ]
INFO: ShowRuntime Behavior ::run [ RunTime:0.000481s ]
INFO: [ view_filter ] --END-- [ RunTime:0.001699s ]
INFO: [ view_end ] --START--
INFO: ShowPageTrace Behavior ::run [ RunTime:0.000740s ]
INFO: [ view_end ] --END-- [ RunTime:0.000796s ]

[ 2016-10-20T09:53:00+08:00 ] 58.208.170.73 /Ucar/index.php?m=Admin
INFO: [ app_begin ] --START--
INFO: ReadHtmlCache Behavior ::run [ RunTime:0.000491s ]
INFO: [ app_begin ] --END-- [ RunTime:0.000578s ]
INFO: [ view_parse ] --START--
INFO: ParseTemplate Behavior ::run [ RunTime:0.013035s ]
INFO: [ view_parse ] --END-- [ RunTime:0.013113s ]
INFO: [ view_filter ] --START--
INFO: ContentReplace Behavior ::run [ RunTime:0.000408s ]
INFO: TokenBuild Behavior ::run [ RunTime:0.000364s ]
INFO: WriteHtmlCache Behavior ::run [ RunTime:0.000243s ]
INFO: ShowRuntime Behavior ::run [ RunTime:0.000410s ]
INFO: [ view_filter ] --END-- [ RunTime:0.001574s ]
INFO: [ view_end ] --START--
INFO: ShowPageTrace Behavior ::run [ RunTime:0.000541s ]
INFO: [ view_end ] --END-- [ RunTime:0.000597s ]

[ 2016-10-20T09:54:24+08:00 ] 58.208.170.73 /Ucar/index.php?m=Admin
INFO: [ app_begin ] --START--
INFO: ReadHtmlCache Behavior ::run [ RunTime:0.000682s ]
INFO: [ app_begin ] --END-- [ RunTime:0.000776s ]
INFO: [ view_parse ] --START--
INFO: ParseTemplate Behavior ::run [ RunTime:0.013518s ]
INFO: [ view_parse ] --END-- [ RunTime:0.013602s ]
INFO: [ view_filter ] --START--
INFO: ContentReplace Behavior ::run [ RunTime:0.000493s ]
INFO: TokenBuild Behavior ::run [ RunTime:0.000354s ]
INFO: WriteHtmlCache Behavior ::run [ RunTime:0.000246s ]
INFO: ShowRuntime Behavior ::run [ RunTime:0.000460s ]
INFO: [ view_filter ] --END-- [ RunTime:0.001719s ]
INFO: [ view_end ] --START--
INFO: ShowPageTrace Behavior ::run [ RunTime:0.000594s ]
INFO: [ view_end ] --END-- [ RunTime:0.000648s ]

[ 2016-10-20T09:56:36+08:00 ] 58.208.170.73 /Ucar/index.php?m=Admin
INFO: [ app_begin ] --START--
INFO: ReadHtmlCache Behavior ::run [ RunTime:0.000488s ]
INFO: [ app_begin ] --END-- [ RunTime:0.000577s ]
INFO: [ view_parse ] --START--
INFO: ParseTemplate Behavior ::run [ RunTime:0.013272s ]
INFO: [ view_parse ] --END-- [ RunTime:0.013360s ]
INFO: [ view_filter ] --START--
INFO: ContentReplace Behavior ::run [ RunTime:0.000431s ]
INFO: TokenBuild Behavior ::run [ RunTime:0.000352s ]
INFO: WriteHtmlCache Behavior ::run [ RunTime:0.000275s ]
INFO: ShowRuntime Behavior ::run [ RunTime:0.000425s ]
INFO: [ view_filter ] --END-- [ RunTime:0.001631s ]
INFO: [ view_end ] --START--
INFO: ShowPageTrace Behavior ::run [ RunTime:0.000575s ]
INFO: [ view_end ] --END-- [ RunTime:0.000656s ]

[ 2016-10-20T09:57:05+08:00 ] 58.208.170.73 /Ucar/index.php?m=Admin
INFO: [ app_begin ] --START--
INFO: ReadHtmlCache Behavior ::run [ RunTime:0.000503s ]
INFO: [ app_begin ] --END-- [ RunTime:0.000581s ]
INFO: [ view_parse ] --START--
INFO: ParseTemplate Behavior ::run [ RunTime:0.013486s ]
INFO: [ view_parse ] --END-- [ RunTime:0.013553s ]
INFO: [ view_filter ] --START--
INFO: ContentReplace Behavior ::run [ RunTime:0.000396s ]
INFO: TokenBuild Behavior ::run [ RunTime:0.000364s ]
INFO: WriteHtmlCache Behavior ::run [ RunTime:0.000242s ]
INFO: ShowRuntime Behavior ::run [ RunTime:0.000479s ]
INFO: [ view_filter ] --END-- [ RunTime:0.001641s ]
INFO: [ view_end ] --START--
INFO: ShowPageTrace Behavior ::run [ RunTime:0.000525s ]
INFO: [ view_end ] --END-- [ RunTime:0.000579s ]

[ 2016-10-20T09:57:30+08:00 ] 58.208.170.73 /Ucar/index.php?m=Admin
INFO: [ app_begin ] --START--
INFO: ReadHtmlCache Behavior ::run [ RunTime:0.000534s ]
INFO: [ app_begin ] --END-- [ RunTime:0.000615s ]
INFO: [ view_parse ] --START--
INFO: ParseTemplate Behavior ::run [ RunTime:0.013386s ]
INFO: [ view_parse ] --END-- [ RunTime:0.013466s ]
INFO: [ view_filter ] --START--
INFO: ContentReplace Behavior ::run [ RunTime:0.000548s ]
INFO: TokenBuild Behavior ::run [ RunTime:0.000377s ]
INFO: WriteHtmlCache Behavior ::run [ RunTime:0.000362s ]
INFO: ShowRuntime Behavior ::run [ RunTime:0.000511s ]
INFO: [ view_filter ] --END-- [ RunTime:0.001958s ]
INFO: [ view_end ] --START--
INFO: ShowPageTrace Behavior ::run [ RunTime:0.000571s ]
INFO: [ view_end ] --END-- [ RunTime:0.000652s ]

[ 2016-10-20T10:02:27+08:00 ] 58.208.170.73 /Ucar/index.php?m=Admin
INFO: [ app_begin ] --START--
INFO: ReadHtmlCache Behavior ::run [ RunTime:0.000532s ]
INFO: [ app_begin ] --END-- [ RunTime:0.000616s ]
INFO: [ view_parse ] --START--
INFO: ParseTemplate Behavior ::run [ RunTime:0.005702s ]
INFO: [ view_parse ] --END-- [ RunTime:0.005789s ]
INFO: [ view_filter ] --START--
INFO: ContentReplace Behavior ::run [ RunTime:0.000366s ]
INFO: TokenBuild Behavior ::run [ RunTime:0.000334s ]
INFO: WriteHtmlCache Behavior ::run [ RunTime:0.000241s ]
INFO: ShowRuntime Behavior ::run [ RunTime:0.000435s ]
INFO: [ view_filter ] --END-- [ RunTime:0.001520s ]
INFO: [ view_end ] --START--
INFO: ShowPageTrace Behavior ::run [ RunTime:0.000530s ]
INFO: [ view_end ] --END-- [ RunTime:0.000578s ]

[ 2016-10-20T10:10:26+08:00 ] 58.208.170.73 /Ucar/index.php?m=Admin
INFO: [ app_begin ] --START--
INFO: ReadHtmlCache Behavior ::run [ RunTime:0.000520s ]
INFO: [ app_begin ] --END-- [ RunTime:0.000607s ]
INFO: [ view_parse ] --START--
INFO: ParseTemplate Behavior ::run [ RunTime:0.005815s ]
INFO: [ view_parse ] --END-- [ RunTime:0.005884s ]
INFO: [ view_filter ] --START--
INFO: ContentReplace Behavior ::run [ RunTime:0.000354s ]
INFO: TokenBuild Behavior ::run [ RunTime:0.000332s ]
INFO: WriteHtmlCache Behavior ::run [ RunTime:0.000242s ]
INFO: ShowRuntime Behavior ::run [ RunTime:0.000424s ]
INFO: [ view_filter ] --END-- [ RunTime:0.001496s ]
INFO: [ view_end ] --START--
INFO: ShowPageTrace Behavior ::run [ RunTime:0.000529s ]
INFO: [ view_end ] --END-- [ RunTime:0.000668s ]

[ 2016-10-20T10:19:38+08:00 ] 58.208.170.73 /Ucar/index.php?m=Admin
INFO: [ app_begin ] --START--
INFO: ReadHtmlCache Behavior ::run [ RunTime:0.000510s ]
INFO: [ app_begin ] --END-- [ RunTime:0.000604s ]
INFO: [ view_parse ] --START--
INFO: ParseTemplate Behavior ::run [ RunTime:0.006336s ]
INFO: [ view_parse ] --END-- [ RunTime:0.006396s ]
INFO: [ view_filter ] --START--
INFO: ContentReplace Behavior ::run [ RunTime:0.000331s ]
INFO: TokenBuild Behavior ::run [ RunTime:0.000340s ]
INFO: WriteHtmlCache Behavior ::run [ RunTime:0.000331s ]
INFO: ShowRuntime Behavior ::run [ RunTime:0.000403s ]
INFO: [ view_filter ] --END-- [ RunTime:0.001550s ]
INFO: [ view_end ] --START--
INFO: ShowPageTrace Behavior ::run [ RunTime:0.000618s ]
INFO: [ view_end ] --END-- [ RunTime:0.000665s ]

[ 2016-10-20T10:19:40+08:00 ] 58.208.170.73 /Ucar/index.php?m=Wap&a=adminjudge
INFO: [ app_begin ] --START--
INFO: ReadHtmlCache Behavior ::run [ RunTime:0.000515s ]
INFO: [ app_begin ] --END-- [ RunTime:0.000616s ]
SQL: SHOW COLUMNS FROM `suggest` [ RunTime:0.000679s ]
SQL: SELECT COUNT(*) AS tp_count FROM `suggest` WHERE ( `flag1` = 1 ) LIMIT 1   [ RunTime:0.000111s ]
SQL: SELECT * FROM `suggest` WHERE ( `flag1` = 1 ) LIMIT 0,3   [ RunTime:0.000105s ]
INFO: [ view_parse ] --START--
NOTIC: [2] date() expects parameter 2 to be long, string given /home/wwwroot/default/Ucar/Runtime/Cache/c2f529bf83b3d0a883e6ebd08dd98333.php 第 22 行.
NOTIC: [2] date() expects parameter 2 to be long, string given /home/wwwroot/default/Ucar/Runtime/Cache/c2f529bf83b3d0a883e6ebd08dd98333.php 第 22 行.
NOTIC: [2] date() expects parameter 2 to be long, string given /home/wwwroot/default/Ucar/Runtime/Cache/c2f529bf83b3d0a883e6ebd08dd98333.php 第 22 行.
INFO: ParseTemplate Behavior ::run [ RunTime:0.007738s ]
INFO: [ view_parse ] --END-- [ RunTime:0.007802s ]
INFO: [ view_filter ] --START--
INFO: ContentReplace Behavior ::run [ RunTime:0.000365s ]
INFO: TokenBuild Behavior ::run [ RunTime:0.000341s ]
INFO: WriteHtmlCache Behavior ::run [ RunTime:0.000251s ]
INFO: ShowRuntime Behavior ::run [ RunTime:0.000429s ]
INFO: [ view_filter ] --END-- [ RunTime:0.001532s ]
INFO: [ view_end ] --START--
INFO: ShowPageTrace Behavior ::run [ RunTime:0.000559s ]
INFO: [ view_end ] --END-- [ RunTime:0.000608s ]

[ 2016-10-20T10:21:02+08:00 ] 58.208.170.73 /Ucar/index.php?m=Wap&a=adminjudge
INFO: [ app_begin ] --START--
INFO: ReadHtmlCache Behavior ::run [ RunTime:0.000503s ]
INFO: [ app_begin ] --END-- [ RunTime:0.000583s ]
SQL: SHOW COLUMNS FROM `suggest` [ RunTime:0.000765s ]
SQL: SELECT COUNT(*) AS tp_count FROM `suggest` WHERE ( `flag1` = 1 ) LIMIT 1   [ RunTime:0.000114s ]
SQL: SELECT * FROM `suggest` WHERE ( `flag1` = 1 ) LIMIT 0,3   [ RunTime:0.000106s ]
INFO: [ view_parse ] --START--
NOTIC: [2] date() expects parameter 2 to be long, string given /home/wwwroot/default/Ucar/Runtime/Cache/c2f529bf83b3d0a883e6ebd08dd98333.php 第 22 行.
NOTIC: [2] date() expects parameter 2 to be long, string given /home/wwwroot/default/Ucar/Runtime/Cache/c2f529bf83b3d0a883e6ebd08dd98333.php 第 22 行.
NOTIC: [2] date() expects parameter 2 to be long, string given /home/wwwroot/default/Ucar/Runtime/Cache/c2f529bf83b3d0a883e6ebd08dd98333.php 第 22 行.
INFO: ParseTemplate Behavior ::run [ RunTime:0.008137s ]
INFO: [ view_parse ] --END-- [ RunTime:0.008200s ]
INFO: [ view_filter ] --START--
INFO: ContentReplace Behavior ::run [ RunTime:0.000354s ]
INFO: TokenBuild Behavior ::run [ RunTime:0.000343s ]
INFO: WriteHtmlCache Behavior ::run [ RunTime:0.000248s ]
INFO: ShowRuntime Behavior ::run [ RunTime:0.000492s ]
INFO: [ view_filter ] --END-- [ RunTime:0.001581s ]
INFO: [ view_end ] --START--
INFO: ShowPageTrace Behavior ::run [ RunTime:0.000586s ]
INFO: [ view_end ] --END-- [ RunTime:0.000635s ]

[ 2016-10-20T10:21:13+08:00 ] 58.208.170.73 /Ucar/index.php?m=Wap&a=adminjudge
INFO: [ app_begin ] --START--
INFO: ReadHtmlCache Behavior ::run [ RunTime:0.000486s ]
INFO: [ app_begin ] --END-- [ RunTime:0.000574s ]
SQL: SHOW COLUMNS FROM `suggest` [ RunTime:0.000691s ]
SQL: SELECT COUNT(*) AS tp_count FROM `suggest` WHERE ( `flag1` = 1 ) LIMIT 1   [ RunTime:0.000111s ]
SQL: SELECT * FROM `suggest` WHERE ( `flag1` = 1 ) LIMIT 0,3   [ RunTime:0.000103s ]
INFO: [ view_parse ] --START--
NOTIC: [2] date() expects parameter 2 to be long, string given /home/wwwroot/default/Ucar/Runtime/Cache/c2f529bf83b3d0a883e6ebd08dd98333.php 第 22 行.
NOTIC: [2] date() expects parameter 2 to be long, string given /home/wwwroot/default/Ucar/Runtime/Cache/c2f529bf83b3d0a883e6ebd08dd98333.php 第 22 行.
NOTIC: [2] date() expects parameter 2 to be long, string given /home/wwwroot/default/Ucar/Runtime/Cache/c2f529bf83b3d0a883e6ebd08dd98333.php 第 22 行.
INFO: ParseTemplate Behavior ::run [ RunTime:0.007887s ]
INFO: [ view_parse ] --END-- [ RunTime:0.007953s ]
INFO: [ view_filter ] --START--
INFO: ContentReplace Behavior ::run [ RunTime:0.000368s ]
INFO: TokenBuild Behavior ::run [ RunTime:0.000336s ]
INFO: WriteHtmlCache Behavior ::run [ RunTime:0.000247s ]
INFO: ShowRuntime Behavior ::run [ RunTime:0.000418s ]
INFO: [ view_filter ] --END-- [ RunTime:0.001514s ]
INFO: [ view_end ] --START--
INFO: ShowPageTrace Behavior ::run [ RunTime:0.000602s ]
INFO: [ view_end ] --END-- [ RunTime:0.000654s ]

[ 2016-10-20T10:21:46+08:00 ] 58.208.170.73 /Ucar/index.php?m=Wap&a=adminjudge
INFO: [ app_begin ] --START--
INFO: ReadHtmlCache Behavior ::run [ RunTime:0.000571s ]
INFO: [ app_begin ] --END-- [ RunTime:0.000663s ]
SQL: SHOW COLUMNS FROM `suggest` [ RunTime:0.000697s ]
SQL: SELECT COUNT(*) AS tp_count FROM `suggest` WHERE ( `flag1` = 1 ) LIMIT 1   [ RunTime:0.000111s ]
SQL: SELECT * FROM `suggest` WHERE ( `flag1` = 1 ) LIMIT 0,3   [ RunTime:0.000103s ]
INFO: [ view_parse ] --START--
NOTIC: [2] date() expects parameter 2 to be long, string given /home/wwwroot/default/Ucar/Runtime/Cache/c2f529bf83b3d0a883e6ebd08dd98333.php 第 22 行.
NOTIC: [2] date() expects parameter 2 to be long, string given /home/wwwroot/default/Ucar/Runtime/Cache/c2f529bf83b3d0a883e6ebd08dd98333.php 第 22 行.
NOTIC: [2] date() expects parameter 2 to be long, string given /home/wwwroot/default/Ucar/Runtime/Cache/c2f529bf83b3d0a883e6ebd08dd98333.php 第 22 行.
INFO: ParseTemplate Behavior ::run [ RunTime:0.008093s ]
INFO: [ view_parse ] --END-- [ RunTime:0.008161s ]
INFO: [ view_filter ] --START--
INFO: ContentReplace Behavior ::run [ RunTime:0.000353s ]
INFO: TokenBuild Behavior ::run [ RunTime:0.000337s ]
INFO: WriteHtmlCache Behavior ::run [ RunTime:0.000270s ]
INFO: ShowRuntime Behavior ::run [ RunTime:0.000418s ]
INFO: [ view_filter ] --END-- [ RunTime:0.001522s ]
INFO: [ view_end ] --START--
INFO: ShowPageTrace Behavior ::run [ RunTime:0.000652s ]
INFO: [ view_end ] --END-- [ RunTime:0.000705s ]

[ 2016-10-20T10:22:15+08:00 ] 58.208.170.73 /Ucar/index.php?m=Wap&a=adminjudge
INFO: [ app_begin ] --START--
INFO: ReadHtmlCache Behavior ::run [ RunTime:0.000512s ]
INFO: [ app_begin ] --END-- [ RunTime:0.000610s ]
SQL: SHOW COLUMNS FROM `suggest` [ RunTime:0.000754s ]
SQL: SELECT COUNT(*) AS tp_count FROM `suggest` WHERE ( `flag1` = 1 ) LIMIT 1   [ RunTime:0.000117s ]
SQL: SELECT * FROM `suggest` WHERE ( `flag1` = 1 ) LIMIT 0,3   [ RunTime:0.000177s ]
INFO: [ view_parse ] --START--
NOTIC: [2] date() expects parameter 2 to be long, string given /home/wwwroot/default/Ucar/Runtime/Cache/c2f529bf83b3d0a883e6ebd08dd98333.php 第 22 行.
NOTIC: [2] date() expects parameter 2 to be long, string given /home/wwwroot/default/Ucar/Runtime/Cache/c2f529bf83b3d0a883e6ebd08dd98333.php 第 22 行.
NOTIC: [2] date() expects parameter 2 to be long, string given /home/wwwroot/default/Ucar/Runtime/Cache/c2f529bf83b3d0a883e6ebd08dd98333.php 第 22 行.
INFO: ParseTemplate Behavior ::run [ RunTime:0.008467s ]
INFO: [ view_parse ] --END-- [ RunTime:0.008563s ]
INFO: [ view_filter ] --START--
INFO: ContentReplace Behavior ::run [ RunTime:0.000440s ]
INFO: TokenBuild Behavior ::run [ RunTime:0.000367s ]
INFO: WriteHtmlCache Behavior ::run [ RunTime:0.000253s ]
INFO: ShowRuntime Behavior ::run [ RunTime:0.000413s ]
INFO: [ view_filter ] --END-- [ RunTime:0.001634s ]
INFO: [ view_end ] --START--
INFO: ShowPageTrace Behavior ::run [ RunTime:0.000543s ]
INFO: [ view_end ] --END-- [ RunTime:0.000655s ]

[ 2016-10-20T10:23:00+08:00 ] 58.208.170.73 /Ucar/index.php?m=Wap&a=adminjudge
INFO: [ app_begin ] --START--
INFO: ReadHtmlCache Behavior ::run [ RunTime:0.000474s ]
INFO: [ app_begin ] --END-- [ RunTime:0.000553s ]
SQL: SHOW COLUMNS FROM `suggest` [ RunTime:0.000850s ]
SQL: SELECT COUNT(*) AS tp_count FROM `suggest` WHERE ( `flag1` = 1 ) LIMIT 1   [ RunTime:0.000112s ]
SQL: SELECT * FROM `suggest` WHERE ( `flag1` = 1 ) LIMIT 0,3   [ RunTime:0.000104s ]
INFO: [ view_parse ] --START--
NOTIC: [2] date() expects parameter 2 to be long, string given /home/wwwroot/default/Ucar/Runtime/Cache/c2f529bf83b3d0a883e6ebd08dd98333.php 第 22 行.
NOTIC: [2] date() expects parameter 2 to be long, string given /home/wwwroot/default/Ucar/Runtime/Cache/c2f529bf83b3d0a883e6ebd08dd98333.php 第 22 行.
NOTIC: [2] date() expects parameter 2 to be long, string given /home/wwwroot/default/Ucar/Runtime/Cache/c2f529bf83b3d0a883e6ebd08dd98333.php 第 22 行.
INFO: ParseTemplate Behavior ::run [ RunTime:0.007854s ]
INFO: [ view_parse ] --END-- [ RunTime:0.007912s ]
INFO: [ view_filter ] --START--
INFO: ContentReplace Behavior ::run [ RunTime:0.000357s ]
INFO: TokenBuild Behavior ::run [ RunTime:0.000335s ]
INFO: WriteHtmlCache Behavior ::run [ RunTime:0.000247s ]
INFO: ShowRuntime Behavior ::run [ RunTime:0.000463s ]
INFO: [ view_filter ] --END-- [ RunTime:0.001549s ]
INFO: [ view_end ] --START--
INFO: ShowPageTrace Behavior ::run [ RunTime:0.000622s ]
INFO: [ view_end ] --END-- [ RunTime:0.000670s ]

[ 2016-10-20T10:54:58+08:00 ] 58.208.170.73 /Ucar/index.php?m=Admin
INFO: [ app_begin ] --START--
INFO: ReadHtmlCache Behavior ::run [ RunTime:0.000574s ]
INFO: [ app_begin ] --END-- [ RunTime:0.000653s ]
INFO: [ view_parse ] --START--
INFO: ParseTemplate Behavior ::run [ RunTime:0.006622s ]
INFO: [ view_parse ] --END-- [ RunTime:0.006706s ]
INFO: [ view_filter ] --START--
INFO: ContentReplace Behavior ::run [ RunTime:0.000423s ]
INFO: TokenBuild Behavior ::run [ RunTime:0.000341s ]
INFO: WriteHtmlCache Behavior ::run [ RunTime:0.000246s ]
INFO: ShowRuntime Behavior ::run [ RunTime:0.000433s ]
INFO: [ view_filter ] --END-- [ RunTime:0.001593s ]
INFO: [ view_end ] --START--
INFO: ShowPageTrace Behavior ::run [ RunTime:0.000582s ]
INFO: [ view_end ] --END-- [ RunTime:0.000631s ]

[ 2016-10-20T10:55:01+08:00 ] 58.208.170.73 /Ucar/index.php?m=Wap&a=admincarhavejudge
INFO: [ app_begin ] --START--
INFO: ReadHtmlCache Behavior ::run [ RunTime:0.000502s ]
INFO: [ app_begin ] --END-- [ RunTime:0.000582s ]

[ 2016-10-20T10:56:23+08:00 ] 58.208.170.73 /Ucar/index.php?m=Wap&a=admincarhavejudge
INFO: [ app_begin ] --START--
INFO: ReadHtmlCache Behavior ::run [ RunTime:0.000492s ]
INFO: [ app_begin ] --END-- [ RunTime:0.000577s ]
SQL: SHOW COLUMNS FROM `carhave` [ RunTime:0.000702s ]
SQL: SELECT COUNT(*) AS tp_count FROM `carhave` LIMIT 1   [ RunTime:0.000293s ]
SQL: SELECT * FROM `carhave` LIMIT 0,3   [ RunTime:0.000217s ]
ERR: 模板不存在[./Application/Tpl/Wap/admincarjudge.html]

[ 2016-10-20T10:56:55+08:00 ] 58.208.170.73 /Ucar/index.php?m=Wap&a=admincarhavejudge
INFO: [ app_begin ] --START--
INFO: ReadHtmlCache Behavior ::run [ RunTime:0.000474s ]
INFO: [ app_begin ] --END-- [ RunTime:0.000573s ]
SQL: SHOW COLUMNS FROM `carhave` [ RunTime:0.000719s ]
SQL: SELECT COUNT(*) AS tp_count FROM `carhave` LIMIT 1   [ RunTime:0.000113s ]
SQL: SELECT * FROM `carhave` LIMIT 0,3   [ RunTime:0.000124s ]
INFO: [ view_parse ] --START--
NOTIC: [8] Undefined index: time /home/wwwroot/default/Ucar/Runtime/Cache/e7c2956e92bfdf260dec1a39a42a79ee.php 第 26 行.
NOTIC: [8] Undefined index: time /home/wwwroot/default/Ucar/Runtime/Cache/e7c2956e92bfdf260dec1a39a42a79ee.php 第 26 行.
NOTIC: [8] Undefined index: time /home/wwwroot/default/Ucar/Runtime/Cache/e7c2956e92bfdf260dec1a39a42a79ee.php 第 26 行.
INFO: ParseTemplate Behavior ::run [ RunTime:0.007861s ]
INFO: [ view_parse ] --END-- [ RunTime:0.007915s ]
INFO: [ view_filter ] --START--
INFO: ContentReplace Behavior ::run [ RunTime:0.000321s ]
INFO: TokenBuild Behavior ::run [ RunTime:0.000348s ]
INFO: WriteHtmlCache Behavior ::run [ RunTime:0.000246s ]
INFO: ShowRuntime Behavior ::run [ RunTime:0.000393s ]
INFO: [ view_filter ] --END-- [ RunTime:0.001448s ]
INFO: [ view_end ] --START--
INFO: ShowPageTrace Behavior ::run [ RunTime:0.000520s ]
INFO: [ view_end ] --END-- [ RunTime:0.000589s ]

[ 2016-10-20T10:57:09+08:00 ] 58.208.170.73 /Ucar/index.php?m=Wap&a=admincarhavejudgescount&id=1&content=good
INFO: [ app_begin ] --START--
INFO: ReadHtmlCache Behavior ::run [ RunTime:0.000649s ]
INFO: [ app_begin ] --END-- [ RunTime:0.000755s ]
SQL: SHOW COLUMNS FROM `carhave` [ RunTime:0.000800s ]
SQL: UPDATE `carhave` SET `id`=1,`adminsay`='good' WHERE ( `id` = 1 ) [ RunTime:0.036252s ]
INFO: [ view_parse ] --START--
INFO: ParseTemplate Behavior ::run [ RunTime:0.006389s ]
INFO: [ view_parse ] --END-- [ RunTime:0.006478s ]
INFO: [ view_filter ] --START--
INFO: ContentReplace Behavior ::run [ RunTime:0.000326s ]
INFO: TokenBuild Behavior ::run [ RunTime:0.000344s ]
INFO: WriteHtmlCache Behavior ::run [ RunTime:0.000266s ]
INFO: ShowRuntime Behavior ::run [ RunTime:0.000400s ]
INFO: [ view_filter ] --END-- [ RunTime:0.001482s ]
INFO: [ view_end ] --START--
INFO: ShowPageTrace Behavior ::run [ RunTime:0.000791s ]
INFO: [ view_end ] --END-- [ RunTime:0.000850s ]

[ 2016-10-20T10:57:10+08:00 ] 58.208.170.73 /Ucar/index.php?m=Wap&a=admincarhavejudge
INFO: [ app_begin ] --START--
INFO: ReadHtmlCache Behavior ::run [ RunTime:0.000532s ]
INFO: [ app_begin ] --END-- [ RunTime:0.000643s ]
SQL: SHOW COLUMNS FROM `carhave` [ RunTime:0.000731s ]
SQL: SELECT COUNT(*) AS tp_count FROM `carhave` LIMIT 1   [ RunTime:0.000278s ]
SQL: SELECT * FROM `carhave` LIMIT 0,3   [ RunTime:0.000214s ]
INFO: [ view_parse ] --START--
NOTIC: [8] Undefined index: time /home/wwwroot/default/Ucar/Runtime/Cache/e7c2956e92bfdf260dec1a39a42a79ee.php 第 26 行.
NOTIC: [8] Undefined index: time /home/wwwroot/default/Ucar/Runtime/Cache/e7c2956e92bfdf260dec1a39a42a79ee.php 第 26 行.
NOTIC: [8] Undefined index: time /home/wwwroot/default/Ucar/Runtime/Cache/e7c2956e92bfdf260dec1a39a42a79ee.php 第 26 行.
INFO: ParseTemplate Behavior ::run [ RunTime:0.008090s ]
INFO: [ view_parse ] --END-- [ RunTime:0.008155s ]
INFO: [ view_filter ] --START--
INFO: ContentReplace Behavior ::run [ RunTime:0.000348s ]
INFO: TokenBuild Behavior ::run [ RunTime:0.000335s ]
INFO: WriteHtmlCache Behavior ::run [ RunTime:0.000274s ]
INFO: ShowRuntime Behavior ::run [ RunTime:0.000402s ]
INFO: [ view_filter ] --END-- [ RunTime:0.001504s ]
INFO: [ view_end ] --START--
INFO: ShowPageTrace Behavior ::run [ RunTime:0.000598s ]
INFO: [ view_end ] --END-- [ RunTime:0.000645s ]

[ 2016-10-20T11:00:06+08:00 ] 58.208.170.73 /Ucar/index.php?m=Wap&a=admincarhavejudge
INFO: [ app_begin ] --START--
INFO: ReadHtmlCache Behavior ::run [ RunTime:0.000482s ]
INFO: [ app_begin ] --END-- [ RunTime:0.000566s ]
SQL: SHOW COLUMNS FROM `carhave` [ RunTime:0.000672s ]
SQL: SELECT COUNT(*) AS tp_count FROM `carhave` WHERE ( `flag` = 1 ) LIMIT 1   [ RunTime:0.000316s ]
SQL: SELECT * FROM `carhave` WHERE ( `flag` = 1 ) LIMIT 0,3   [ RunTime:0.000303s ]
INFO: [ view_parse ] --START--
NOTIC: [8] Undefined index: time /home/wwwroot/default/Ucar/Runtime/Cache/e7c2956e92bfdf260dec1a39a42a79ee.php 第 26 行.
NOTIC: [8] Undefined index: time /home/wwwroot/default/Ucar/Runtime/Cache/e7c2956e92bfdf260dec1a39a42a79ee.php 第 26 行.
NOTIC: [8] Undefined index: time /home/wwwroot/default/Ucar/Runtime/Cache/e7c2956e92bfdf260dec1a39a42a79ee.php 第 26 行.
INFO: ParseTemplate Behavior ::run [ RunTime:0.008094s ]
INFO: [ view_parse ] --END-- [ RunTime:0.008158s ]
INFO: [ view_filter ] --START--
INFO: ContentReplace Behavior ::run [ RunTime:0.000343s ]
INFO: TokenBuild Behavior ::run [ RunTime:0.000361s ]
INFO: WriteHtmlCache Behavior ::run [ RunTime:0.000246s ]
INFO: ShowRuntime Behavior ::run [ RunTime:0.000463s ]
INFO: [ view_filter ] --END-- [ RunTime:0.001561s ]
INFO: [ view_end ] --START--
INFO: ShowPageTrace Behavior ::run [ RunTime:0.000540s ]
INFO: [ view_end ] --END-- [ RunTime:0.000586s ]

[ 2016-10-20T11:00:08+08:00 ] 58.208.170.73 /Ucar/index.php?m=Wap&a=admincarhavejudge
INFO: [ app_begin ] --START--
INFO: ReadHtmlCache Behavior ::run [ RunTime:0.000526s ]
INFO: [ app_begin ] --END-- [ RunTime:0.000622s ]
SQL: SHOW COLUMNS FROM `carhave` [ RunTime:0.000782s ]
SQL: SELECT COUNT(*) AS tp_count FROM `carhave` WHERE ( `flag` = 1 ) LIMIT 1   [ RunTime:0.000114s ]
SQL: SELECT * FROM `carhave` WHERE ( `flag` = 1 ) LIMIT 0,3   [ RunTime:0.000104s ]
INFO: [ view_parse ] --START--
NOTIC: [8] Undefined index: time /home/wwwroot/default/Ucar/Runtime/Cache/e7c2956e92bfdf260dec1a39a42a79ee.php 第 26 行.
NOTIC: [8] Undefined index: time /home/wwwroot/default/Ucar/Runtime/Cache/e7c2956e92bfdf260dec1a39a42a79ee.php 第 26 行.
NOTIC: [8] Undefined index: time /home/wwwroot/default/Ucar/Runtime/Cache/e7c2956e92bfdf260dec1a39a42a79ee.php 第 26 行.
INFO: ParseTemplate Behavior ::run [ RunTime:0.008176s ]
INFO: [ view_parse ] --END-- [ RunTime:0.008243s ]
INFO: [ view_filter ] --START--
INFO: ContentReplace Behavior ::run [ RunTime:0.000337s ]
INFO: TokenBuild Behavior ::run [ RunTime:0.000490s ]
INFO: WriteHtmlCache Behavior ::run [ RunTime:0.000254s ]
INFO: ShowRuntime Behavior ::run [ RunTime:0.000469s ]
INFO: [ view_filter ] --END-- [ RunTime:0.001703s ]
INFO: [ view_end ] --START--
INFO: ShowPageTrace Behavior ::run [ RunTime:0.000534s ]
INFO: [ view_end ] --END-- [ RunTime:0.000581s ]

[ 2016-10-20T11:00:12+08:00 ] 58.208.170.73 /Ucar/index.php?m=Wap&a=admincarhavejudgescount&id=1&content=good
INFO: [ app_begin ] --START--
INFO: ReadHtmlCache Behavior ::run [ RunTime:0.000513s ]
INFO: [ app_begin ] --END-- [ RunTime:0.000603s ]
SQL: SHOW COLUMNS FROM `carhave` [ RunTime:0.000823s ]
SQL: UPDATE `carhave` SET `id`=1,`adminsay`='good',`flag`=0 WHERE ( `id` = 1 ) [ RunTime:0.023960s ]
INFO: [ view_parse ] --START--
INFO: ParseTemplate Behavior ::run [ RunTime:0.006288s ]
INFO: [ view_parse ] --END-- [ RunTime:0.006356s ]
INFO: [ view_filter ] --START--
INFO: ContentReplace Behavior ::run [ RunTime:0.000376s ]
INFO: TokenBuild Behavior ::run [ RunTime:0.000500s ]
INFO: WriteHtmlCache Behavior ::run [ RunTime:0.000340s ]
INFO: ShowRuntime Behavior ::run [ RunTime:0.000578s ]
INFO: [ view_filter ] --END-- [ RunTime:0.002013s ]
INFO: [ view_end ] --START--
INFO: ShowPageTrace Behavior ::run [ RunTime:0.000833s ]
INFO: [ view_end ] --END-- [ RunTime:0.000909s ]

[ 2016-10-20T11:00:13+08:00 ] 58.208.170.73 /Ucar/index.php?m=Wap&a=admincarhavejudge
INFO: [ app_begin ] --START--
INFO: ReadHtmlCache Behavior ::run [ RunTime:0.000734s ]
INFO: [ app_begin ] --END-- [ RunTime:0.000857s ]
SQL: SHOW COLUMNS FROM `carhave` [ RunTime:0.000746s ]
SQL: SELECT COUNT(*) AS tp_count FROM `carhave` WHERE ( `flag` = 1 ) LIMIT 1   [ RunTime:0.000290s ]
SQL: SELECT * FROM `carhave` WHERE ( `flag` = 1 ) LIMIT 0,3   [ RunTime:0.000254s ]
INFO: [ view_parse ] --START--
NOTIC: [8] Undefined index: time /home/wwwroot/default/Ucar/Runtime/Cache/e7c2956e92bfdf260dec1a39a42a79ee.php 第 26 行.
NOTIC: [8] Undefined index: time /home/wwwroot/default/Ucar/Runtime/Cache/e7c2956e92bfdf260dec1a39a42a79ee.php 第 26 行.
NOTIC: [8] Undefined index: time /home/wwwroot/default/Ucar/Runtime/Cache/e7c2956e92bfdf260dec1a39a42a79ee.php 第 26 行.
INFO: ParseTemplate Behavior ::run [ RunTime:0.007955s ]
INFO: [ view_parse ] --END-- [ RunTime:0.008019s ]
INFO: [ view_filter ] --START--
INFO: ContentReplace Behavior ::run [ RunTime:0.000328s ]
INFO: TokenBuild Behavior ::run [ RunTime:0.000355s ]
INFO: WriteHtmlCache Behavior ::run [ RunTime:0.000246s ]
INFO: ShowRuntime Behavior ::run [ RunTime:0.000394s ]
INFO: [ view_filter ] --END-- [ RunTime:0.001521s ]
INFO: [ view_end ] --START--
INFO: ShowPageTrace Behavior ::run [ RunTime:0.000531s ]
INFO: [ view_end ] --END-- [ RunTime:0.000578s ]

[ 2016-10-20T11:00:56+08:00 ] 58.208.170.73 /Ucar/index.php?m=Admin
INFO: [ app_begin ] --START--
INFO: ReadHtmlCache Behavior ::run [ RunTime:0.000621s ]
INFO: [ app_begin ] --END-- [ RunTime:0.000704s ]
INFO: [ view_parse ] --START--
INFO: ParseTemplate Behavior ::run [ RunTime:0.006655s ]
INFO: [ view_parse ] --END-- [ RunTime:0.006739s ]
INFO: [ view_filter ] --START--
INFO: ContentReplace Behavior ::run [ RunTime:0.000347s ]
INFO: TokenBuild Behavior ::run [ RunTime:0.000372s ]
INFO: WriteHtmlCache Behavior ::run [ RunTime:0.000292s ]
INFO: ShowRuntime Behavior ::run [ RunTime:0.000413s ]
INFO: [ view_filter ] --END-- [ RunTime:0.001573s ]
INFO: [ view_end ] --START--
INFO: ShowPageTrace Behavior ::run [ RunTime:0.000574s ]
INFO: [ view_end ] --END-- [ RunTime:0.000622s ]

[ 2016-10-20T12:51:10+08:00 ] 58.208.170.73 /Ucar/index.php?m=Image
INFO: [ app_begin ] --START--
INFO: ReadHtmlCache Behavior ::run [ RunTime:0.000594s ]
INFO: [ app_begin ] --END-- [ RunTime:0.000688s ]
INFO: [ view_parse ] --START--
INFO: ParseTemplate Behavior ::run [ RunTime:0.006253s ]
INFO: [ view_parse ] --END-- [ RunTime:0.006316s ]
INFO: [ view_filter ] --START--
INFO: ContentReplace Behavior ::run [ RunTime:0.000324s ]
INFO: TokenBuild Behavior ::run [ RunTime:0.000420s ]
INFO: WriteHtmlCache Behavior ::run [ RunTime:0.000254s ]
INFO: ShowRuntime Behavior ::run [ RunTime:0.000418s ]
INFO: [ view_filter ] --END-- [ RunTime:0.001580s ]
INFO: [ view_end ] --START--
INFO: ShowPageTrace Behavior ::run [ RunTime:0.000545s ]
INFO: [ view_end ] --END-- [ RunTime:0.000594s ]

[ 2016-10-20T12:57:58+08:00 ] 58.208.170.73 /Ucar/index.php?m=Image
INFO: [ app_begin ] --START--
INFO: ReadHtmlCache Behavior ::run [ RunTime:0.000565s ]
INFO: [ app_begin ] --END-- [ RunTime:0.000655s ]
INFO: [ view_parse ] --START--
INFO: ParseTemplate Behavior ::run [ RunTime:0.006405s ]
INFO: [ view_parse ] --END-- [ RunTime:0.006487s ]
INFO: [ view_filter ] --START--
INFO: ContentReplace Behavior ::run [ RunTime:0.000421s ]
INFO: TokenBuild Behavior ::run [ RunTime:0.000366s ]
INFO: WriteHtmlCache Behavior ::run [ RunTime:0.000272s ]
INFO: ShowRuntime Behavior ::run [ RunTime:0.000443s ]
INFO: [ view_filter ] --END-- [ RunTime:0.001665s ]
INFO: [ view_end ] --START--
INFO: ShowPageTrace Behavior ::run [ RunTime:0.000568s ]
INFO: [ view_end ] --END-- [ RunTime:0.000630s ]

[ 2016-10-20T13:00:21+08:00 ] 58.208.170.73 /Ucar/index.php?m=Image&a=upload
INFO: [ app_begin ] --START--
INFO: ReadHtmlCache Behavior ::run [ RunTime:0.000476s ]
INFO: [ app_begin ] --END-- [ RunTime:0.000576s ]
INFO: [ view_parse ] --START--
INFO: ParseTemplate Behavior ::run [ RunTime:0.006182s ]
INFO: [ view_parse ] --END-- [ RunTime:0.006245s ]
INFO: [ view_filter ] --START--
INFO: ContentReplace Behavior ::run [ RunTime:0.000341s ]
INFO: TokenBuild Behavior ::run [ RunTime:0.000332s ]
INFO: WriteHtmlCache Behavior ::run [ RunTime:0.000243s ]
INFO: ShowRuntime Behavior ::run [ RunTime:0.000420s ]
INFO: [ view_filter ] --END-- [ RunTime:0.001479s ]
INFO: [ view_end ] --START--
INFO: ShowPageTrace Behavior ::run [ RunTime:0.000521s ]
INFO: [ view_end ] --END-- [ RunTime:0.000570s ]

[ 2016-10-20T13:02:00+08:00 ] 58.208.170.73 /Ucar/index.php?m=Image&a=upload
INFO: [ app_begin ] --START--
INFO: ReadHtmlCache Behavior ::run [ RunTime:0.000470s ]
INFO: [ app_begin ] --END-- [ RunTime:0.000574s ]
INFO: [ view_parse ] --START--
INFO: ParseTemplate Behavior ::run [ RunTime:0.006161s ]
INFO: [ view_parse ] --END-- [ RunTime:0.006229s ]
INFO: [ view_filter ] --START--
INFO: ContentReplace Behavior ::run [ RunTime:0.000321s ]
INFO: TokenBuild Behavior ::run [ RunTime:0.000348s ]
INFO: WriteHtmlCache Behavior ::run [ RunTime:0.000308s ]
INFO: ShowRuntime Behavior ::run [ RunTime:0.000406s ]
INFO: [ view_filter ] --END-- [ RunTime:0.001528s ]
INFO: [ view_end ] --START--
INFO: ShowPageTrace Behavior ::run [ RunTime:0.000598s ]
INFO: [ view_end ] --END-- [ RunTime:0.000646s ]

[ 2016-10-20T13:03:14+08:00 ] 58.208.170.73 /Ucar/index.php?m=Image
INFO: [ app_begin ] --START--
INFO: ReadHtmlCache Behavior ::run [ RunTime:0.000503s ]
INFO: [ app_begin ] --END-- [ RunTime:0.000594s ]
INFO: [ view_parse ] --START--
INFO: ParseTemplate Behavior ::run [ RunTime:0.005902s ]
INFO: [ view_parse ] --END-- [ RunTime:0.005969s ]
INFO: [ view_filter ] --START--
INFO: ContentReplace Behavior ::run [ RunTime:0.000334s ]
INFO: TokenBuild Behavior ::run [ RunTime:0.000354s ]
INFO: WriteHtmlCache Behavior ::run [ RunTime:0.000242s ]
INFO: ShowRuntime Behavior ::run [ RunTime:0.000401s ]
INFO: [ view_filter ] --END-- [ RunTime:0.001474s ]
INFO: [ view_end ] --START--
INFO: ShowPageTrace Behavior ::run [ RunTime:0.000546s ]
INFO: [ view_end ] --END-- [ RunTime:0.000592s ]

[ 2016-10-20T13:03:25+08:00 ] 58.208.170.73 /Ucar/index.php?m=Image&a=upload
INFO: [ app_begin ] --START--
INFO: ReadHtmlCache Behavior ::run [ RunTime:0.000542s ]
INFO: [ app_begin ] --END-- [ RunTime:0.000622s ]

[ 2016-10-20T13:17:23+08:00 ] 58.208.170.73 /Ucar/index.php?m=Image
INFO: [ app_begin ] --START--
INFO: ReadHtmlCache Behavior ::run [ RunTime:0.000546s ]
INFO: [ app_begin ] --END-- [ RunTime:0.000631s ]
INFO: [ view_parse ] --START--
INFO: ParseTemplate Behavior ::run [ RunTime:0.006255s ]
INFO: [ view_parse ] --END-- [ RunTime:0.006334s ]
INFO: [ view_filter ] --START--
INFO: ContentReplace Behavior ::run [ RunTime:0.000362s ]
INFO: TokenBuild Behavior ::run [ RunTime:0.000363s ]
INFO: WriteHtmlCache Behavior ::run [ RunTime:0.000245s ]
INFO: ShowRuntime Behavior ::run [ RunTime:0.000460s ]
INFO: [ view_filter ] --END-- [ RunTime:0.001601s ]
INFO: [ view_end ] --START--
INFO: ShowPageTrace Behavior ::run [ RunTime:0.000575s ]
INFO: [ view_end ] --END-- [ RunTime:0.000627s ]

[ 2016-10-20T13:17:38+08:00 ] 58.208.170.73 /Ucar/index.php?m=Image&a=upload
INFO: [ app_begin ] --START--
INFO: ReadHtmlCache Behavior ::run [ RunTime:0.000564s ]
INFO: [ app_begin ] --END-- [ RunTime:0.000657s ]

[ 2016-10-20T13:21:17+08:00 ] 58.208.170.73 /Ucar/index.php?m=Image&a=upload
INFO: [ app_begin ] --START--
INFO: ReadHtmlCache Behavior ::run [ RunTime:0.000548s ]
INFO: [ app_begin ] --END-- [ RunTime:0.000663s ]

[ 2016-10-20T13:32:53+08:00 ] 58.208.170.73 /Ucar/index.php?m=Image&a=upload
INFO: [ app_begin ] --START--
INFO: ReadHtmlCache Behavior ::run [ RunTime:0.000527s ]
INFO: [ app_begin ] --END-- [ RunTime:0.000607s ]
NOTIC: [8] Undefined index: savepath /home/wwwroot/default/Ucar/Application/Lib/Action/ImageAction.class.php 第 24 行.
NOTIC: [8] Undefined index: savename /home/wwwroot/default/Ucar/Application/Lib/Action/ImageAction.class.php 第 24 行.
NOTIC: [8] Undefined index: name /home/wwwroot/default/Ucar/Application/Lib/Action/ImageAction.class.php 第 26 行.
NOTIC: [8] Undefined index: savename /home/wwwroot/default/Ucar/Application/Lib/Action/ImageAction.class.php 第 27 行.

[ 2016-10-20T13:34:02+08:00 ] 58.208.170.73 /Ucar/index.php?m=Image&a=upload
INFO: [ app_begin ] --START--
INFO: ReadHtmlCache Behavior ::run [ RunTime:0.000499s ]
INFO: [ app_begin ] --END-- [ RunTime:0.000581s ]

[ 2016-10-20T13:36:06+08:00 ] 58.208.170.73 /Ucar/index.php?m=Image&a=upload
INFO: [ app_begin ] --START--
INFO: ReadHtmlCache Behavior ::run [ RunTime:0.000492s ]
INFO: [ app_begin ] --END-- [ RunTime:0.000570s ]

[ 2016-10-20T13:39:27+08:00 ] 58.208.170.73 /Ucar/index.php?m=Image&a=upload
INFO: [ app_begin ] --START--
INFO: ReadHtmlCache Behavior ::run [ RunTime:0.000482s ]
INFO: [ app_begin ] --END-- [ RunTime:0.000585s ]

[ 2016-10-20T13:41:11+08:00 ] 58.208.170.73 /Ucar/index.php?m=Image&a=upload
INFO: [ app_begin ] --START--
INFO: ReadHtmlCache Behavior ::run [ RunTime:0.000498s ]
INFO: [ app_begin ] --END-- [ RunTime:0.000576s ]

[ 2016-10-20T13:44:31+08:00 ] 58.208.170.73 /Ucar/index.php?m=Image&a=upload
INFO: [ app_begin ] --START--
INFO: ReadHtmlCache Behavior ::run [ RunTime:0.000497s ]
INFO: [ app_begin ] --END-- [ RunTime:0.000575s ]
NOTIC: [8] Undefined variable: url /home/wwwroot/default/Ucar/Application/Lib/Action/ImageAction.class.php 第 30 行.

[ 2016-10-20T13:46:00+08:00 ] 58.208.170.73 /Ucar/index.php?m=Image&a=upload
INFO: [ app_begin ] --START--
INFO: ReadHtmlCache Behavior ::run [ RunTime:0.000501s ]
INFO: [ app_begin ] --END-- [ RunTime:0.000581s ]
SQL: SHOW COLUMNS FROM `imageinfo` [ RunTime:0.000786s ]
SQL: INSERT INTO `imageinfo` (`imageurl`,`time`,`imagename`,`imagesavename`) VALUES ('./Public/Uploads/1476942360.png','2016-10-20 01:46:00','t.png','1476942360.png') [ RunTime:0.048795s ]
INFO: [ view_parse ] --START--
INFO: ParseTemplate Behavior ::run [ RunTime:0.006979s ]
INFO: [ view_parse ] --END-- [ RunTime:0.007060s ]
INFO: [ view_filter ] --START--
INFO: ContentReplace Behavior ::run [ RunTime:0.000359s ]
INFO: TokenBuild Behavior ::run [ RunTime:0.000364s ]
INFO: WriteHtmlCache Behavior ::run [ RunTime:0.000251s ]
INFO: ShowRuntime Behavior ::run [ RunTime:0.000455s ]
INFO: [ view_filter ] --END-- [ RunTime:0.001576s ]
INFO: [ view_end ] --START--
INFO: ShowPageTrace Behavior ::run [ RunTime:0.000584s ]
INFO: [ view_end ] --END-- [ RunTime:0.000633s ]

[ 2016-10-20T13:46:01+08:00 ] 58.208.170.73 /Ucar/index.php?m=Image
INFO: [ app_begin ] --START--
INFO: ReadHtmlCache Behavior ::run [ RunTime:0.000487s ]
INFO: [ app_begin ] --END-- [ RunTime:0.000570s ]
INFO: [ view_parse ] --START--
INFO: ParseTemplate Behavior ::run [ RunTime:0.006197s ]
INFO: [ view_parse ] --END-- [ RunTime:0.006287s ]
INFO: [ view_filter ] --START--
INFO: ContentReplace Behavior ::run [ RunTime:0.000350s ]
INFO: TokenBuild Behavior ::run [ RunTime:0.000333s ]
INFO: WriteHtmlCache Behavior ::run [ RunTime:0.000242s ]
INFO: ShowRuntime Behavior ::run [ RunTime:0.000429s ]
INFO: [ view_filter ] --END-- [ RunTime:0.001499s ]
INFO: [ view_end ] --START--
INFO: ShowPageTrace Behavior ::run [ RunTime:0.000526s ]
INFO: [ view_end ] --END-- [ RunTime:0.000635s ]

[ 2016-10-20T14:07:40+08:00 ] 58.208.170.73 /Ucar/index.php?m=Activity
INFO: [ app_begin ] --START--
INFO: ReadHtmlCache Behavior ::run [ RunTime:0.000490s ]
INFO: [ app_begin ] --END-- [ RunTime:0.000570s ]
INFO: [ view_parse ] --START--
INFO: ParseTemplate Behavior ::run [ RunTime:0.005558s ]
INFO: [ view_parse ] --END-- [ RunTime:0.005622s ]
INFO: [ view_filter ] --START--
INFO: ContentReplace Behavior ::run [ RunTime:0.000333s ]
INFO: TokenBuild Behavior ::run [ RunTime:0.000335s ]
INFO: WriteHtmlCache Behavior ::run [ RunTime:0.000271s ]
INFO: ShowRuntime Behavior ::run [ RunTime:0.000410s ]
INFO: [ view_filter ] --END-- [ RunTime:0.001491s ]
INFO: [ view_end ] --START--
INFO: ShowPageTrace Behavior ::run [ RunTime:0.000549s ]
INFO: [ view_end ] --END-- [ RunTime:0.000609s ]

[ 2016-10-20T14:07:44+08:00 ] 58.208.170.73 /Ucar/index.php?m=Wap&a=sub_suggest
INFO: [ app_begin ] --START--
INFO: ReadHtmlCache Behavior ::run [ RunTime:0.000510s ]
INFO: [ app_begin ] --END-- [ RunTime:0.000596s ]
SQL: SHOW COLUMNS FROM `suggest` [ RunTime:0.000702s ]
SQL: INSERT INTO `suggest` (`suggest_name`,`user_name`,`phone`,`want`) VALUES ('','','','') [ RunTime:0.040740s ]
INFO: [ view_parse ] --START--
INFO: ParseTemplate Behavior ::run [ RunTime:0.007588s ]
INFO: [ view_parse ] --END-- [ RunTime:0.007717s ]
INFO: [ view_filter ] --START--
INFO: ContentReplace Behavior ::run [ RunTime:0.000575s ]
INFO: TokenBuild Behavior ::run [ RunTime:0.000577s ]
INFO: WriteHtmlCache Behavior ::run [ RunTime:0.000275s ]
INFO: ShowRuntime Behavior ::run [ RunTime:0.000421s ]
INFO: [ view_filter ] --END-- [ RunTime:0.002051s ]
INFO: [ view_end ] --START--
INFO: ShowPageTrace Behavior ::run [ RunTime:0.000607s ]
INFO: [ view_end ] --END-- [ RunTime:0.000655s ]

[ 2016-10-20T14:07:45+08:00 ] 58.208.170.73 /Ucar/index.php?m=Activity
INFO: [ app_begin ] --START--
INFO: ReadHtmlCache Behavior ::run [ RunTime:0.000538s ]
INFO: [ app_begin ] --END-- [ RunTime:0.000654s ]
INFO: [ view_parse ] --START--
INFO: ParseTemplate Behavior ::run [ RunTime:0.006129s ]
INFO: [ view_parse ] --END-- [ RunTime:0.006223s ]
INFO: [ view_filter ] --START--
INFO: ContentReplace Behavior ::run [ RunTime:0.000376s ]
INFO: TokenBuild Behavior ::run [ RunTime:0.000523s ]
INFO: WriteHtmlCache Behavior ::run [ RunTime:0.000414s ]
INFO: ShowRuntime Behavior ::run [ RunTime:0.000598s ]
INFO: [ view_filter ] --END-- [ RunTime:0.002147s ]
INFO: [ view_end ] --START--
INFO: ShowPageTrace Behavior ::run [ RunTime:0.000612s ]
INFO: [ view_end ] --END-- [ RunTime:0.000675s ]

[ 2016-10-20T14:08:59+08:00 ] 58.208.170.73 /Ucar/index.php?m=Wap&a=sub_suggest
INFO: [ app_begin ] --START--
INFO: ReadHtmlCache Behavior ::run [ RunTime:0.000480s ]
INFO: [ app_begin ] --END-- [ RunTime:0.000565s ]
SQL: SHOW COLUMNS FROM `suggest` [ RunTime:0.000704s ]
SQL: INSERT INTO `suggest` (`suggest_name`,`user_name`,`phone`,`want`) VALUES ('','','','') [ RunTime:0.019437s ]
INFO: [ view_parse ] --START--
INFO: ParseTemplate Behavior ::run [ RunTime:0.006295s ]
INFO: [ view_parse ] --END-- [ RunTime:0.006365s ]
INFO: [ view_filter ] --START--
INFO: ContentReplace Behavior ::run [ RunTime:0.000329s ]
INFO: TokenBuild Behavior ::run [ RunTime:0.000354s ]
INFO: WriteHtmlCache Behavior ::run [ RunTime:0.000243s ]
INFO: ShowRuntime Behavior ::run [ RunTime:0.000402s ]
INFO: [ view_filter ] --END-- [ RunTime:0.001469s ]
INFO: [ view_end ] --START--
INFO: ShowPageTrace Behavior ::run [ RunTime:0.000532s ]
INFO: [ view_end ] --END-- [ RunTime:0.000582s ]

[ 2016-10-20T14:09:00+08:00 ] 58.208.170.73 /Ucar/index.php?m=Activity
INFO: [ app_begin ] --START--
INFO: ReadHtmlCache Behavior ::run [ RunTime:0.000588s ]
INFO: [ app_begin ] --END-- [ RunTime:0.000698s ]
INFO: [ view_parse ] --START--
INFO: ParseTemplate Behavior ::run [ RunTime:0.006231s ]
INFO: [ view_parse ] --END-- [ RunTime:0.006291s ]
INFO: [ view_filter ] --START--
INFO: ContentReplace Behavior ::run [ RunTime:0.000344s ]
INFO: TokenBuild Behavior ::run [ RunTime:0.000347s ]
INFO: WriteHtmlCache Behavior ::run [ RunTime:0.000242s ]
INFO: ShowRuntime Behavior ::run [ RunTime:0.000420s ]
INFO: [ view_filter ] --END-- [ RunTime:0.001495s ]
INFO: [ view_end ] --START--
INFO: ShowPageTrace Behavior ::run [ RunTime:0.000675s ]
INFO: [ view_end ] --END-- [ RunTime:0.000766s ]

[ 2016-10-20T14:09:03+08:00 ] 58.208.170.73 /Ucar/index.php?m=Activity
INFO: [ app_begin ] --START--
INFO: ReadHtmlCache Behavior ::run [ RunTime:0.000523s ]
INFO: [ app_begin ] --END-- [ RunTime:0.000606s ]
INFO: [ view_parse ] --START--
INFO: ParseTemplate Behavior ::run [ RunTime:0.005864s ]
INFO: [ view_parse ] --END-- [ RunTime:0.005928s ]
INFO: [ view_filter ] --START--
INFO: ContentReplace Behavior ::run [ RunTime:0.000348s ]
INFO: TokenBuild Behavior ::run [ RunTime:0.000335s ]
INFO: WriteHtmlCache Behavior ::run [ RunTime:0.000245s ]
INFO: ShowRuntime Behavior ::run [ RunTime:0.000423s ]
INFO: [ view_filter ] --END-- [ RunTime:0.001496s ]
INFO: [ view_end ] --START--
INFO: ShowPageTrace Behavior ::run [ RunTime:0.000537s ]
INFO: [ view_end ] --END-- [ RunTime:0.000585s ]

[ 2016-10-20T14:09:04+08:00 ] 58.208.170.73 /Ucar/index.php?m=Activity&a=sub_activity
INFO: [ app_begin ] --START--
INFO: ReadHtmlCache Behavior ::run [ RunTime:0.000472s ]
INFO: [ app_begin ] --END-- [ RunTime:0.000549s ]
ERR: 非法操作:sub_activity

[ 2016-10-20T14:17:09+08:00 ] 58.208.170.73 /Ucar/index.php?m=Image
INFO: [ app_begin ] --START--
INFO: ReadHtmlCache Behavior ::run [ RunTime:0.000482s ]
INFO: [ app_begin ] --END-- [ RunTime:0.000568s ]
INFO: [ view_parse ] --START--
INFO: ParseTemplate Behavior ::run [ RunTime:0.006191s ]
INFO: [ view_parse ] --END-- [ RunTime:0.006255s ]
INFO: [ view_filter ] --START--
INFO: ContentReplace Behavior ::run [ RunTime:0.000364s ]
INFO: TokenBuild Behavior ::run [ RunTime:0.000333s ]
INFO: WriteHtmlCache Behavior ::run [ RunTime:0.000244s ]
INFO: ShowRuntime Behavior ::run [ RunTime:0.000427s ]
INFO: [ view_filter ] --END-- [ RunTime:0.001527s ]
INFO: [ view_end ] --START--
INFO: ShowPageTrace Behavior ::run [ RunTime:0.000559s ]
INFO: [ view_end ] --END-- [ RunTime:0.000607s ]

[ 2016-10-20T14:17:19+08:00 ] 58.208.170.73 /Ucar/index.php?m=Image&a=upload
INFO: [ app_begin ] --START--
INFO: ReadHtmlCache Behavior ::run [ RunTime:0.000522s ]
INFO: [ app_begin ] --END-- [ RunTime:0.000614s ]
SQL: SHOW COLUMNS FROM `imageinfo` [ RunTime:0.000649s ]
SQL: INSERT INTO `imageinfo` (`imageurl`,`time`,`imagename`,`imagesavename`) VALUES ('./Public/Uploads/1476944239.png','2016-10-20 02:17:19','t.png','1476944239.png') [ RunTime:0.036968s ]
INFO: [ view_parse ] --START--
INFO: ParseTemplate Behavior ::run [ RunTime:0.006705s ]
INFO: [ view_parse ] --END-- [ RunTime:0.006794s ]
INFO: [ view_filter ] --START--
INFO: ContentReplace Behavior ::run [ RunTime:0.000473s ]
INFO: TokenBuild Behavior ::run [ RunTime:0.000367s ]
INFO: WriteHtmlCache Behavior ::run [ RunTime:0.000263s ]
INFO: ShowRuntime Behavior ::run [ RunTime:0.000432s ]
INFO: [ view_filter ] --END-- [ RunTime:0.001740s ]
INFO: [ view_end ] --START--
INFO: ShowPageTrace Behavior ::run [ RunTime:0.000939s ]
INFO: [ view_end ] --END-- [ RunTime:0.001037s ]

[ 2016-10-20T14:17:20+08:00 ] 58.208.170.73 /Ucar/index.php?m=Image
INFO: [ app_begin ] --START--
INFO: ReadHtmlCache Behavior ::run [ RunTime:0.000476s ]
INFO: [ app_begin ] --END-- [ RunTime:0.000557s ]
INFO: [ view_parse ] --START--
INFO: ParseTemplate Behavior ::run [ RunTime:0.006035s ]
INFO: [ view_parse ] --END-- [ RunTime:0.006099s ]
INFO: [ view_filter ] --START--
INFO: ContentReplace Behavior ::run [ RunTime:0.000346s ]
INFO: TokenBuild Behavior ::run [ RunTime:0.000333s ]
INFO: WriteHtmlCache Behavior ::run [ RunTime:0.000238s ]
INFO: ShowRuntime Behavior ::run [ RunTime:0.000419s ]
INFO: [ view_filter ] --END-- [ RunTime:0.001480s ]
INFO: [ view_end ] --START--
INFO: ShowPageTrace Behavior ::run [ RunTime:0.000522s ]
INFO: [ view_end ] --END-- [ RunTime:0.000568s ]

[ 2016-10-20T14:20:25+08:00 ] 58.208.170.73 /Ucar/index.php?m=Image&a=upload
INFO: [ app_begin ] --START--
INFO: ReadHtmlCache Behavior ::run [ RunTime:0.000526s ]
INFO: [ app_begin ] --END-- [ RunTime:0.000616s ]
SQL: SHOW COLUMNS FROM `imageinfo` [ RunTime:0.000756s ]
SQL: INSERT INTO `imageinfo` (`imageurl`,`time`,`imagename`,`imagesavename`) VALUES ('./Public/Uploads/1476944425.png','2016-10-20 02:20:25','t.png','1476944425.png') [ RunTime:0.020616s ]
INFO: [ view_parse ] --START--
INFO: ParseTemplate Behavior ::run [ RunTime:0.006249s ]
INFO: [ view_parse ] --END-- [ RunTime:0.006316s ]
INFO: [ view_filter ] --START--
INFO: ContentReplace Behavior ::run [ RunTime:0.000348s ]
INFO: TokenBuild Behavior ::run [ RunTime:0.000331s ]
INFO: WriteHtmlCache Behavior ::run [ RunTime:0.000249s ]
INFO: ShowRuntime Behavior ::run [ RunTime:0.000425s ]
INFO: [ view_filter ] --END-- [ RunTime:0.001495s ]
INFO: [ view_end ] --START--
INFO: ShowPageTrace Behavior ::run [ RunTime:0.000577s ]
INFO: [ view_end ] --END-- [ RunTime:0.000624s ]

[ 2016-10-20T14:20:26+08:00 ] 58.208.170.73 /Ucar/index.php?m=Image
INFO: [ app_begin ] --START--
INFO: ReadHtmlCache Behavior ::run [ RunTime:0.000542s ]
INFO: [ app_begin ] --END-- [ RunTime:0.000664s ]
INFO: [ view_parse ] --START--
INFO: ParseTemplate Behavior ::run [ RunTime:0.006362s ]
INFO: [ view_parse ] --END-- [ RunTime:0.006448s ]
INFO: [ view_filter ] --START--
INFO: ContentReplace Behavior ::run [ RunTime:0.000358s ]
INFO: TokenBuild Behavior ::run [ RunTime:0.000353s ]
INFO: WriteHtmlCache Behavior ::run [ RunTime:0.000249s ]
INFO: ShowRuntime Behavior ::run [ RunTime:0.000436s ]
INFO: [ view_filter ] --END-- [ RunTime:0.001542s ]
INFO: [ view_end ] --START--
INFO: ShowPageTrace Behavior ::run [ RunTime:0.000550s ]
INFO: [ view_end ] --END-- [ RunTime:0.000659s ]

[ 2016-10-20T14:27:12+08:00 ] 58.208.170.73 /Ucar/index.php?m=Activity
INFO: [ app_begin ] --START--
INFO: ReadHtmlCache Behavior ::run [ RunTime:0.000505s ]
INFO: [ app_begin ] --END-- [ RunTime:0.000586s ]
INFO: [ view_parse ] --START--
INFO: ParseTemplate Behavior ::run [ RunTime:0.005752s ]
INFO: [ view_parse ] --END-- [ RunTime:0.005811s ]
INFO: [ view_filter ] --START--
INFO: ContentReplace Behavior ::run [ RunTime:0.000320s ]
INFO: TokenBuild Behavior ::run [ RunTime:0.000330s ]
INFO: WriteHtmlCache Behavior ::run [ RunTime:0.000265s ]
INFO: ShowRuntime Behavior ::run [ RunTime:0.000424s ]
INFO: [ view_filter ] --END-- [ RunTime:0.001479s ]
INFO: [ view_end ] --START--
INFO: ShowPageTrace Behavior ::run [ RunTime:0.000550s ]
INFO: [ view_end ] --END-- [ RunTime:0.000597s ]

[ 2016-10-20T14:27:23+08:00 ] 58.208.170.73 /Ucar/index.php?m=Activity&a=sub_activity
INFO: [ app_begin ] --START--
INFO: ReadHtmlCache Behavior ::run [ RunTime:0.000602s ]
INFO: [ app_begin ] --END-- [ RunTime:0.000706s ]
SQL: SHOW COLUMNS FROM `activityinfo` [ RunTime:0.000729s ]
SQL: INSERT INTO `activityinfo` (`address`,`activitytime`,`descripe`,`time`) VALUES ('333','44','asdfasdf','2016-10-20 14:27:23') [ RunTime:0.032601s ]
INFO: [ view_parse ] --START--
INFO: ParseTemplate Behavior ::run [ RunTime:0.006994s ]
INFO: [ view_parse ] --END-- [ RunTime:0.007074s ]
INFO: [ view_filter ] --START--
INFO: ContentReplace Behavior ::run [ RunTime:0.000369s ]
INFO: TokenBuild Behavior ::run [ RunTime:0.000353s ]
INFO: WriteHtmlCache Behavior ::run [ RunTime:0.000244s ]
INFO: ShowRuntime Behavior ::run [ RunTime:0.000638s ]
INFO: [ view_filter ] --END-- [ RunTime:0.001779s ]
INFO: [ view_end ] --START--
INFO: ShowPageTrace Behavior ::run [ RunTime:0.000761s ]
INFO: [ view_end ] --END-- [ RunTime:0.000812s ]

[ 2016-10-20T14:27:24+08:00 ] 58.208.170.73 /Ucar/index.php?m=Activity
INFO: [ app_begin ] --START--
INFO: ReadHtmlCache Behavior ::run [ RunTime:0.000490s ]
INFO: [ app_begin ] --END-- [ RunTime:0.000565s ]
INFO: [ view_parse ] --START--
INFO: ParseTemplate Behavior ::run [ RunTime:0.005838s ]
INFO: [ view_parse ] --END-- [ RunTime:0.005921s ]
INFO: [ view_filter ] --START--
INFO: ContentReplace Behavior ::run [ RunTime:0.000354s ]
INFO: TokenBuild Behavior ::run [ RunTime:0.000334s ]
INFO: WriteHtmlCache Behavior ::run [ RunTime:0.000367s ]
INFO: ShowRuntime Behavior ::run [ RunTime:0.000449s ]
INFO: [ view_filter ] --END-- [ RunTime:0.001683s ]
INFO: [ view_end ] --START--
INFO: ShowPageTrace Behavior ::run [ RunTime:0.000696s ]
INFO: [ view_end ] --END-- [ RunTime:0.000746s ]

[ 2016-10-20T14:29:10+08:00 ] 58.208.170.73 /Ucar/index.php?m=Wap&a=userjudge
INFO: [ app_begin ] --START--
INFO: ReadHtmlCache Behavior ::run [ RunTime:0.000498s ]
INFO: [ app_begin ] --END-- [ RunTime:0.000577s ]
SQL: SHOW COLUMNS FROM `userinfo` [ RunTime:0.000669s ]
SQL: SELECT `tel` FROM `userinfo` WHERE ( `openid` = '1' )  [ RunTime:0.000112s ]
SQL: SHOW COLUMNS FROM `suggest` [ RunTime:0.000492s ]
SQL: SELECT COUNT(*) AS tp_count FROM `suggest` WHERE ( `phone` = '18068502373' ) AND ( `flag` = 1 ) LIMIT 1   [ RunTime:0.000331s ]
SQL: SELECT * FROM `suggest` WHERE ( `phone` = '18068502373' ) AND ( `flag` = 1 ) LIMIT 0,3   [ RunTime:0.000267s ]
INFO: [ view_parse ] --START--
NOTIC: [2] date() expects parameter 2 to be long, string given /home/wwwroot/default/Ucar/Runtime/Cache/c34fa9997a5a0eb3cbf2e24ae79ae9f0.php 第 22 行.
INFO: ParseTemplate Behavior ::run [ RunTime:0.007949s ]
INFO: [ view_parse ] --END-- [ RunTime:0.008020s ]
INFO: [ view_filter ] --START--
INFO: ContentReplace Behavior ::run [ RunTime:0.000432s ]
INFO: TokenBuild Behavior ::run [ RunTime:0.000367s ]
INFO: WriteHtmlCache Behavior ::run [ RunTime:0.000263s ]
INFO: ShowRuntime Behavior ::run [ RunTime:0.000452s ]
INFO: [ view_filter ] --END-- [ RunTime:0.001665s ]
INFO: [ view_end ] --START--
INFO: ShowPageTrace Behavior ::run [ RunTime:0.000580s ]
INFO: [ view_end ] --END-- [ RunTime:0.000628s ]

[ 2016-10-20T14:29:23+08:00 ] 58.208.170.73 /Ucar/index.php?m=Wap&a=judgescount&id=8&content=good
INFO: [ app_begin ] --START--
INFO: ReadHtmlCache Behavior ::run [ RunTime:0.000524s ]
INFO: [ app_begin ] --END-- [ RunTime:0.000612s ]
SQL: SHOW COLUMNS FROM `suggest` [ RunTime:0.000773s ]
SQL: UPDATE `suggest` SET `id`=8,`usersay`='good',`flag`=0 WHERE ( `id` = 8 ) [ RunTime:0.021012s ]
INFO: [ view_parse ] --START--
INFO: ParseTemplate Behavior ::run [ RunTime:0.006512s ]
INFO: [ view_parse ] --END-- [ RunTime:0.006594s ]
INFO: [ view_filter ] --START--
INFO: ContentReplace Behavior ::run [ RunTime:0.000363s ]
INFO: TokenBuild Behavior ::run [ RunTime:0.000356s ]
INFO: WriteHtmlCache Behavior ::run [ RunTime:0.000248s ]
INFO: ShowRuntime Behavior ::run [ RunTime:0.000415s ]
INFO: [ view_filter ] --END-- [ RunTime:0.001551s ]
INFO: [ view_end ] --START--
INFO: ShowPageTrace Behavior ::run [ RunTime:0.000617s ]
INFO: [ view_end ] --END-- [ RunTime:0.000667s ]

[ 2016-10-20T14:29:24+08:00 ] 58.208.170.73 /Ucar/index.php?m=Wap&a=userjudge
INFO: [ app_begin ] --START--
INFO: ReadHtmlCache Behavior ::run [ RunTime:0.000711s ]
INFO: [ app_begin ] --END-- [ RunTime:0.000808s ]
SQL: SHOW COLUMNS FROM `userinfo` [ RunTime:0.000872s ]
SQL: SELECT `tel` FROM `userinfo` WHERE ( `openid` = '1' )  [ RunTime:0.000149s ]
SQL: SHOW COLUMNS FROM `suggest` [ RunTime:0.000611s ]
SQL: SELECT COUNT(*) AS tp_count FROM `suggest` WHERE ( `phone` = '18068502373' ) AND ( `flag` = 1 ) LIMIT 1   [ RunTime:0.000329s ]
SQL: SELECT * FROM `suggest` WHERE ( `phone` = '18068502373' ) AND ( `flag` = 1 ) LIMIT 0,3   [ RunTime:0.000294s ]
INFO: [ view_parse ] --START--
INFO: ParseTemplate Behavior ::run [ RunTime:0.008036s ]
INFO: [ view_parse ] --END-- [ RunTime:0.008119s ]
INFO: [ view_filter ] --START--
INFO: ContentReplace Behavior ::run [ RunTime:0.000333s ]
INFO: TokenBuild Behavior ::run [ RunTime:0.000355s ]
INFO: WriteHtmlCache Behavior ::run [ RunTime:0.000249s ]
INFO: ShowRuntime Behavior ::run [ RunTime:0.000421s ]
INFO: [ view_filter ] --END-- [ RunTime:0.001501s ]
INFO: [ view_end ] --START--
INFO: ShowPageTrace Behavior ::run [ RunTime:0.000530s ]
INFO: [ view_end ] --END-- [ RunTime:0.000575s ]

[ 2016-10-20T14:29:38+08:00 ] 58.208.170.73 /Ucar/index.php?m=Admin
INFO: [ app_begin ] --START--
INFO: ReadHtmlCache Behavior ::run [ RunTime:0.000510s ]
INFO: [ app_begin ] --END-- [ RunTime:0.000602s ]
INFO: [ view_parse ] --START--
INFO: ParseTemplate Behavior ::run [ RunTime:0.007386s ]
INFO: [ view_parse ] --END-- [ RunTime:0.007467s ]
INFO: [ view_filter ] --START--
INFO: ContentReplace Behavior ::run [ RunTime:0.000589s ]
INFO: TokenBuild Behavior ::run [ RunTime:0.000436s ]
INFO: WriteHtmlCache Behavior ::run [ RunTime:0.000272s ]
INFO: ShowRuntime Behavior ::run [ RunTime:0.000512s ]
INFO: [ view_filter ] --END-- [ RunTime:0.001995s ]
INFO: [ view_end ] --START--
INFO: ShowPageTrace Behavior ::run [ RunTime:0.000902s ]
INFO: [ view_end ] --END-- [ RunTime:0.000983s ]

[ 2016-10-20T14:29:43+08:00 ] 58.208.170.73 /Ucar/index.php?m=Wap&a=adminjudge
INFO: [ app_begin ] --START--
INFO: ReadHtmlCache Behavior ::run [ RunTime:0.000508s ]
INFO: [ app_begin ] --END-- [ RunTime:0.000587s ]
SQL: SHOW COLUMNS FROM `suggest` [ RunTime:0.000702s ]
SQL: SELECT COUNT(*) AS tp_count FROM `suggest` WHERE ( `flag1` = 1 ) LIMIT 1   [ RunTime:0.000317s ]
SQL: SELECT * FROM `suggest` WHERE ( `flag1` = 1 ) LIMIT 0,3   [ RunTime:0.000261s ]
INFO: [ view_parse ] --START--
NOTIC: [2] date() expects parameter 2 to be long, string given /home/wwwroot/default/Ucar/Runtime/Cache/c2f529bf83b3d0a883e6ebd08dd98333.php 第 22 行.
NOTIC: [2] date() expects parameter 2 to be long, string given /home/wwwroot/default/Ucar/Runtime/Cache/c2f529bf83b3d0a883e6ebd08dd98333.php 第 22 行.
NOTIC: [2] date() expects parameter 2 to be long, string given /home/wwwroot/default/Ucar/Runtime/Cache/c2f529bf83b3d0a883e6ebd08dd98333.php 第 22 行.
INFO: ParseTemplate Behavior ::run [ RunTime:0.007672s ]
INFO: [ view_parse ] --END-- [ RunTime:0.007727s ]
INFO: [ view_filter ] --START--
INFO: ContentReplace Behavior ::run [ RunTime:0.000330s ]
INFO: TokenBuild Behavior ::run [ RunTime:0.000355s ]
INFO: WriteHtmlCache Behavior ::run [ RunTime:0.000250s ]
INFO: ShowRuntime Behavior ::run [ RunTime:0.000395s ]
INFO: [ view_filter ] --END-- [ RunTime:0.001469s ]
INFO: [ view_end ] --START--
INFO: ShowPageTrace Behavior ::run [ RunTime:0.000582s ]
INFO: [ view_end ] --END-- [ RunTime:0.000628s ]

[ 2016-10-20T14:29:48+08:00 ] 58.208.170.73 /Ucar/index.php?m=Wap&a=adminjudge&p=2
INFO: [ app_begin ] --START--
INFO: ReadHtmlCache Behavior ::run [ RunTime:0.000503s ]
INFO: [ app_begin ] --END-- [ RunTime:0.000591s ]
SQL: SHOW COLUMNS FROM `suggest` [ RunTime:0.000774s ]
SQL: SELECT COUNT(*) AS tp_count FROM `suggest` WHERE ( `flag1` = 1 ) LIMIT 1   [ RunTime:0.000129s ]
SQL: SELECT * FROM `suggest` WHERE ( `flag1` = 1 ) LIMIT 3,3   [ RunTime:0.000300s ]
INFO: [ view_parse ] --START--
NOTIC: [2] date() expects parameter 2 to be long, string given /home/wwwroot/default/Ucar/Runtime/Cache/c2f529bf83b3d0a883e6ebd08dd98333.php 第 22 行.
NOTIC: [2] date() expects parameter 2 to be long, string given /home/wwwroot/default/Ucar/Runtime/Cache/c2f529bf83b3d0a883e6ebd08dd98333.php 第 22 行.
INFO: ParseTemplate Behavior ::run [ RunTime:0.007866s ]
INFO: [ view_parse ] --END-- [ RunTime:0.007943s ]
INFO: [ view_filter ] --START--
INFO: ContentReplace Behavior ::run [ RunTime:0.000481s ]
INFO: TokenBuild Behavior ::run [ RunTime:0.000379s ]
INFO: WriteHtmlCache Behavior ::run [ RunTime:0.000278s ]
INFO: ShowRuntime Behavior ::run [ RunTime:0.000438s ]
INFO: [ view_filter ] --END-- [ RunTime:0.001784s ]
INFO: [ view_end ] --START--
INFO: ShowPageTrace Behavior ::run [ RunTime:0.000562s ]
INFO: [ view_end ] --END-- [ RunTime:0.000620s ]

[ 2016-10-20T14:29:49+08:00 ] 58.208.170.73 /Ucar/index.php?m=Wap&a=adminjudge&p=1
INFO: [ app_begin ] --START--
INFO: ReadHtmlCache Behavior ::run [ RunTime:0.000647s ]
INFO: [ app_begin ] --END-- [ RunTime:0.000739s ]
SQL: SHOW COLUMNS FROM `suggest` [ RunTime:0.000719s ]
SQL: SELECT COUNT(*) AS tp_count FROM `suggest` WHERE ( `flag1` = 1 ) LIMIT 1   [ RunTime:0.000114s ]
SQL: SELECT * FROM `suggest` WHERE ( `flag1` = 1 ) LIMIT 0,3   [ RunTime:0.000105s ]
INFO: [ view_parse ] --START--
NOTIC: [2] date() expects parameter 2 to be long, string given /home/wwwroot/default/Ucar/Runtime/Cache/c2f529bf83b3d0a883e6ebd08dd98333.php 第 22 行.
NOTIC: [2] date() expects parameter 2 to be long, string given /home/wwwroot/default/Ucar/Runtime/Cache/c2f529bf83b3d0a883e6ebd08dd98333.php 第 22 行.
NOTIC: [2] date() expects parameter 2 to be long, string given /home/wwwroot/default/Ucar/Runtime/Cache/c2f529bf83b3d0a883e6ebd08dd98333.php 第 22 行.
INFO: ParseTemplate Behavior ::run [ RunTime:0.007959s ]
INFO: [ view_parse ] --END-- [ RunTime:0.008017s ]
INFO: [ view_filter ] --START--
INFO: ContentReplace Behavior ::run [ RunTime:0.000323s ]
INFO: TokenBuild Behavior ::run [ RunTime:0.000350s ]
INFO: WriteHtmlCache Behavior ::run [ RunTime:0.000353s ]
INFO: ShowRuntime Behavior ::run [ RunTime:0.000424s ]
INFO: [ view_filter ] --END-- [ RunTime:0.001608s ]
INFO: [ view_end ] --START--
INFO: ShowPageTrace Behavior ::run [ RunTime:0.000587s ]
INFO: [ view_end ] --END-- [ RunTime:0.000633s ]

[ 2016-10-20T15:50:59+08:00 ] 117.82.5.74 /Ucar/index.php?m=Activity
INFO: [ app_begin ] --START--
INFO: ReadHtmlCache Behavior ::run [ RunTime:0.000525s ]
INFO: [ app_begin ] --END-- [ RunTime:0.000627s ]
INFO: [ view_parse ] --START--
INFO: ParseTemplate Behavior ::run [ RunTime:0.006454s ]
INFO: [ view_parse ] --END-- [ RunTime:0.006516s ]
INFO: [ view_filter ] --START--
INFO: ContentReplace Behavior ::run [ RunTime:0.000348s ]
INFO: TokenBuild Behavior ::run [ RunTime:0.000359s ]
INFO: WriteHtmlCache Behavior ::run [ RunTime:0.000245s ]
INFO: ShowRuntime Behavior ::run [ RunTime:0.000425s ]
INFO: [ view_filter ] --END-- [ RunTime:0.001522s ]
INFO: [ view_end ] --START--
INFO: ShowPageTrace Behavior ::run [ RunTime:0.000622s ]
INFO: [ view_end ] --END-- [ RunTime:0.000671s ]

[ 2016-10-20T15:51:15+08:00 ] 117.82.5.74 /Ucar/index.php?m=Activity&a=sub_activity
INFO: [ app_begin ] --START--
INFO: ReadHtmlCache Behavior ::run [ RunTime:0.000482s ]
INFO: [ app_begin ] --END-- [ RunTime:0.000560s ]
SQL: SHOW COLUMNS FROM `activityinfo` [ RunTime:0.000701s ]
SQL: INSERT INTO `activityinfo` (`imageurl`,`imagename`,`imagesavename`,`address`,`activitytime`,`descripe`,`time`) VALUES ('./Public/Uploads/1476949875.png','t.png','1476949875.png','','','','2016-10-20 15:51:15') [ RunTime:0.179017s ]
INFO: [ view_parse ] --START--
INFO: ParseTemplate Behavior ::run [ RunTime:0.006801s ]
INFO: [ view_parse ] --END-- [ RunTime:0.006879s ]
INFO: [ view_filter ] --START--
INFO: ContentReplace Behavior ::run [ RunTime:0.000345s ]
INFO: TokenBuild Behavior ::run [ RunTime:0.000339s ]
INFO: WriteHtmlCache Behavior ::run [ RunTime:0.000272s ]
INFO: ShowRuntime Behavior ::run [ RunTime:0.000409s ]
INFO: [ view_filter ] --END-- [ RunTime:0.001513s ]
INFO: [ view_end ] --START--
INFO: ShowPageTrace Behavior ::run [ RunTime:0.000602s ]
INFO: [ view_end ] --END-- [ RunTime:0.000651s ]

[ 2016-10-20T15:51:16+08:00 ] 117.82.5.74 /Ucar/index.php?m=Activity
INFO: [ app_begin ] --START--
INFO: ReadHtmlCache Behavior ::run [ RunTime:0.000505s ]
INFO: [ app_begin ] --END-- [ RunTime:0.000592s ]
INFO: [ view_parse ] --START--
INFO: ParseTemplate Behavior ::run [ RunTime:0.006407s ]
INFO: [ view_parse ] --END-- [ RunTime:0.006481s ]
INFO: [ view_filter ] --START--
INFO: ContentReplace Behavior ::run [ RunTime:0.000351s ]
INFO: TokenBuild Behavior ::run [ RunTime:0.000333s ]
INFO: WriteHtmlCache Behavior ::run [ RunTime:0.000241s ]
INFO: ShowRuntime Behavior ::run [ RunTime:0.000425s ]
INFO: [ view_filter ] --END-- [ RunTime:0.001494s ]
INFO: [ view_end ] --START--
INFO: ShowPageTrace Behavior ::run [ RunTime:0.000522s ]
INFO: [ view_end ] --END-- [ RunTime:0.000569s ]

[ 2016-10-20T15:57:12+08:00 ] 117.82.5.74 /Ucar/index.php?m=Activity
INFO: [ app_begin ] --START--
INFO: ReadHtmlCache Behavior ::run [ RunTime:0.000535s ]
INFO: [ app_begin ] --END-- [ RunTime:0.000619s ]
INFO: [ view_parse ] --START--
INFO: ParseTemplate Behavior ::run [ RunTime:0.006911s ]
INFO: [ view_parse ] --END-- [ RunTime:0.006994s ]
INFO: [ view_filter ] --START--
INFO: ContentReplace Behavior ::run [ RunTime:0.000360s ]
INFO: TokenBuild Behavior ::run [ RunTime:0.000350s ]
INFO: WriteHtmlCache Behavior ::run [ RunTime:0.000246s ]
INFO: ShowRuntime Behavior ::run [ RunTime:0.000406s ]
INFO: [ view_filter ] --END-- [ RunTime:0.001526s ]
INFO: [ view_end ] --START--
INFO: ShowPageTrace Behavior ::run [ RunTime:0.000592s ]
INFO: [ view_end ] --END-- [ RunTime:0.000639s ]

[ 2016-10-20T15:57:47+08:00 ] 117.82.5.74 /Ucar/index.php?m=Activity&a=sub_activity
INFO: [ app_begin ] --START--
INFO: ReadHtmlCache Behavior ::run [ RunTime:0.000555s ]
INFO: [ app_begin ] --END-- [ RunTime:0.000640s ]
SQL: SHOW COLUMNS FROM `activityinfo` [ RunTime:0.000857s ]
SQL: INSERT INTO `activityinfo` (`imageurl`,`imagename`,`imagesavename`,`address`,`activitytime`,`descripe`,`time`) VALUES ('./Public/Uploads/1476950267.png','屏幕快照 2016-10-18 20.19.41.png','1476950267.png','骷髅精灵','；积极考虑就','用途规划和工会费GV','2016-10-20 15:57:47') [ RunTime:0.021358s ]
INFO: [ view_parse ] --START--
INFO: ParseTemplate Behavior ::run [ RunTime:0.006727s ]
INFO: [ view_parse ] --END-- [ RunTime:0.006799s ]
INFO: [ view_filter ] --START--
INFO: ContentReplace Behavior ::run [ RunTime:0.000334s ]
INFO: TokenBuild Behavior ::run [ RunTime:0.000363s ]
INFO: WriteHtmlCache Behavior ::run [ RunTime:0.000246s ]
INFO: ShowRuntime Behavior ::run [ RunTime:0.000496s ]
INFO: [ view_filter ] --END-- [ RunTime:0.001583s ]
INFO: [ view_end ] --START--
INFO: ShowPageTrace Behavior ::run [ RunTime:0.000529s ]
INFO: [ view_end ] --END-- [ RunTime:0.000576s ]

[ 2016-10-20T15:57:48+08:00 ] 117.82.5.74 /Ucar/index.php?m=Activity
INFO: [ app_begin ] --START--
INFO: ReadHtmlCache Behavior ::run [ RunTime:0.000600s ]
INFO: [ app_begin ] --END-- [ RunTime:0.000686s ]
INFO: [ view_parse ] --START--
INFO: ParseTemplate Behavior ::run [ RunTime:0.007922s ]
INFO: [ view_parse ] --END-- [ RunTime:0.008010s ]
INFO: [ view_filter ] --START--
INFO: ContentReplace Behavior ::run [ RunTime:0.000361s ]
INFO: TokenBuild Behavior ::run [ RunTime:0.000338s ]
INFO: WriteHtmlCache Behavior ::run [ RunTime:0.000316s ]
INFO: ShowRuntime Behavior ::run [ RunTime:0.000477s ]
INFO: [ view_filter ] --END-- [ RunTime:0.001638s ]
INFO: [ view_end ] --START--
INFO: ShowPageTrace Behavior ::run [ RunTime:0.000610s ]
INFO: [ view_end ] --END-- [ RunTime:0.000658s ]

[ 2016-10-20T16:39:21+08:00 ] 117.82.5.74 /Ucar/index.php?m=Shop
INFO: [ app_begin ] --START--
INFO: ReadHtmlCache Behavior ::run [ RunTime:0.000472s ]
INFO: [ app_begin ] --END-- [ RunTime:0.000551s ]
INFO: [ view_parse ] --START--
INFO: ParseTemplate Behavior ::run [ RunTime:0.006389s ]
INFO: [ view_parse ] --END-- [ RunTime:0.006447s ]
INFO: [ view_filter ] --START--
INFO: ContentReplace Behavior ::run [ RunTime:0.000344s ]
INFO: TokenBuild Behavior ::run [ RunTime:0.000331s ]
INFO: WriteHtmlCache Behavior ::run [ RunTime:0.000244s ]
INFO: ShowRuntime Behavior ::run [ RunTime:0.000427s ]
INFO: [ view_filter ] --END-- [ RunTime:0.001488s ]
INFO: [ view_end ] --START--
INFO: ShowPageTrace Behavior ::run [ RunTime:0.000517s ]
INFO: [ view_end ] --END-- [ RunTime:0.000564s ]

[ 2016-10-20T16:39:41+08:00 ] 117.82.5.74 /Ucar/index.php?m=Shop&a=sub_shop
INFO: [ app_begin ] --START--
INFO: ReadHtmlCache Behavior ::run [ RunTime:0.000526s ]
INFO: [ app_begin ] --END-- [ RunTime:0.000639s ]
SQL: SHOW COLUMNS FROM `imageinfo` [ RunTime:0.000707s ]
SQL: INSERT INTO `imageinfo` (`imageurl`,`imagename`,`imagesavename`,`title`,`price`,`descripe`,`time`) VALUES ('./Public/Uploads/1476952781.png','t.png','1476952781.png','','','大事发生地方','2016-10-20 16:39:41') [ RunTime:0.024619s ]
INFO: [ view_parse ] --START--
INFO: ParseTemplate Behavior ::run [ RunTime:0.008774s ]
INFO: [ view_parse ] --END-- [ RunTime:0.008879s ]
INFO: [ view_filter ] --START--
INFO: ContentReplace Behavior ::run [ RunTime:0.000402s ]
INFO: TokenBuild Behavior ::run [ RunTime:0.000339s ]
INFO: WriteHtmlCache Behavior ::run [ RunTime:0.000304s ]
INFO: ShowRuntime Behavior ::run [ RunTime:0.000482s ]
INFO: [ view_filter ] --END-- [ RunTime:0.001688s ]
INFO: [ view_end ] --START--
INFO: ShowPageTrace Behavior ::run [ RunTime:0.000685s ]
INFO: [ view_end ] --END-- [ RunTime:0.000733s ]

[ 2016-10-20T16:39:42+08:00 ] 117.82.5.74 /Ucar/index.php?m=Shop
INFO: [ app_begin ] --START--
INFO: ReadHtmlCache Behavior ::run [ RunTime:0.000532s ]
INFO: [ app_begin ] --END-- [ RunTime:0.000617s ]
INFO: [ view_parse ] --START--
INFO: ParseTemplate Behavior ::run [ RunTime:0.006716s ]
INFO: [ view_parse ] --END-- [ RunTime:0.006933s ]
INFO: [ view_filter ] --START--
INFO: ContentReplace Behavior ::run [ RunTime:0.000331s ]
INFO: TokenBuild Behavior ::run [ RunTime:0.000358s ]
INFO: WriteHtmlCache Behavior ::run [ RunTime:0.000246s ]
INFO: ShowRuntime Behavior ::run [ RunTime:0.000403s ]
INFO: [ view_filter ] --END-- [ RunTime:0.001506s ]
INFO: [ view_end ] --START--
INFO: ShowPageTrace Behavior ::run [ RunTime:0.000525s ]
INFO: [ view_end ] --END-- [ RunTime:0.000573s ]

[ 2016-10-20T16:41:57+08:00 ] 117.82.5.74 /Ucar/index.php?m=Shop
INFO: [ app_begin ] --START--
INFO: ReadHtmlCache Behavior ::run [ RunTime:0.000494s ]
INFO: [ app_begin ] --END-- [ RunTime:0.000572s ]
INFO: [ view_parse ] --START--
INFO: ParseTemplate Behavior ::run [ RunTime:0.006077s ]
INFO: [ view_parse ] --END-- [ RunTime:0.006137s ]
INFO: [ view_filter ] --START--
INFO: ContentReplace Behavior ::run [ RunTime:0.000325s ]
INFO: TokenBuild Behavior ::run [ RunTime:0.000367s ]
INFO: WriteHtmlCache Behavior ::run [ RunTime:0.000242s ]
INFO: ShowRuntime Behavior ::run [ RunTime:0.000418s ]
INFO: [ view_filter ] --END-- [ RunTime:0.001493s ]
INFO: [ view_end ] --START--
INFO: ShowPageTrace Behavior ::run [ RunTime:0.000534s ]
INFO: [ view_end ] --END-- [ RunTime:0.000581s ]

[ 2016-10-20T16:42:17+08:00 ] 117.82.5.74 /Ucar/index.php?m=Shop&a=sub_shop
INFO: [ app_begin ] --START--
INFO: ReadHtmlCache Behavior ::run [ RunTime:0.000487s ]
INFO: [ app_begin ] --END-- [ RunTime:0.000575s ]
INFO: [ view_parse ] --START--
INFO: ParseTemplate Behavior ::run [ RunTime:0.006800s ]
INFO: [ view_parse ] --END-- [ RunTime:0.006890s ]
INFO: [ view_filter ] --START--
INFO: ContentReplace Behavior ::run [ RunTime:0.000369s ]
INFO: TokenBuild Behavior ::run [ RunTime:0.000662s ]
INFO: WriteHtmlCache Behavior ::run [ RunTime:0.000258s ]
INFO: ShowRuntime Behavior ::run [ RunTime:0.000453s ]
INFO: [ view_filter ] --END-- [ RunTime:0.001937s ]
INFO: [ view_end ] --START--
INFO: ShowPageTrace Behavior ::run [ RunTime:0.000602s ]
INFO: [ view_end ] --END-- [ RunTime:0.000650s ]

[ 2016-10-20T16:42:28+08:00 ] 117.82.5.74 /Ucar/index.php?m=Shop&a=sub_shop
INFO: [ app_begin ] --START--
INFO: ReadHtmlCache Behavior ::run [ RunTime:0.000732s ]
INFO: [ app_begin ] --END-- [ RunTime:0.000851s ]
SQL: SHOW COLUMNS FROM `imageinfo` [ RunTime:0.000691s ]
SQL: INSERT INTO `imageinfo` (`imageurl`,`imagename`,`imagesavename`,`title`,`price`,`descripe`,`time`) VALUES ('./Public/Uploads/1476952948.png','屏幕快照 2016-10-18 20.19.41.png','1476952948.png','宝马','123万','爱是否考虑就爱上的浪费空间啊 ','2016-10-20 16:42:28') [ RunTime:0.023001s ]
INFO: [ view_parse ] --START--
INFO: ParseTemplate Behavior ::run [ RunTime:0.006500s ]
INFO: [ view_parse ] --END-- [ RunTime:0.006586s ]
INFO: [ view_filter ] --START--
INFO: ContentReplace Behavior ::run [ RunTime:0.000351s ]
INFO: TokenBuild Behavior ::run [ RunTime:0.000361s ]
INFO: WriteHtmlCache Behavior ::run [ RunTime:0.000253s ]
INFO: ShowRuntime Behavior ::run [ RunTime:0.000417s ]
INFO: [ view_filter ] --END-- [ RunTime:0.001527s ]
INFO: [ view_end ] --START--
INFO: ShowPageTrace Behavior ::run [ RunTime:0.000540s ]
INFO: [ view_end ] --END-- [ RunTime:0.000621s ]

[ 2016-10-20T16:42:29+08:00 ] 117.82.5.74 /Ucar/index.php?m=Shop
INFO: [ app_begin ] --START--
INFO: ReadHtmlCache Behavior ::run [ RunTime:0.000478s ]
INFO: [ app_begin ] --END-- [ RunTime:0.000559s ]
INFO: [ view_parse ] --START--
INFO: ParseTemplate Behavior ::run [ RunTime:0.006114s ]
INFO: [ view_parse ] --END-- [ RunTime:0.006192s ]
INFO: [ view_filter ] --START--
INFO: ContentReplace Behavior ::run [ RunTime:0.000357s ]
INFO: TokenBuild Behavior ::run [ RunTime:0.000345s ]
INFO: WriteHtmlCache Behavior ::run [ RunTime:0.000246s ]
INFO: ShowRuntime Behavior ::run [ RunTime:0.000428s ]
INFO: [ view_filter ] --END-- [ RunTime:0.001524s ]
INFO: [ view_end ] --START--
INFO: ShowPageTrace Behavior ::run [ RunTime:0.000535s ]
INFO: [ view_end ] --END-- [ RunTime:0.000585s ]

[ 2016-10-20T18:41:18+08:00 ] 117.62.60.26 /Ucar/index.php?m=Wechat
INFO: [ app_begin ] --START--
INFO: ReadHtmlCache Behavior ::run [ RunTime:0.000513s ]
INFO: [ app_begin ] --END-- [ RunTime:0.000619s ]
NOTIC: [8] Undefined variable: access_token /home/wwwroot/default/Ucar/Application/Lib/Action/WechatAction.class.php 第 28 行.

[ 2016-10-20T18:41:54+08:00 ] 117.62.60.26 /Ucar/index.php?m=Wechat
INFO: [ app_begin ] --START--
INFO: ReadHtmlCache Behavior ::run [ RunTime:0.000512s ]
INFO: [ app_begin ] --END-- [ RunTime:0.000591s ]
NOTIC: [8] Undefined variable: access_token /home/wwwroot/default/Ucar/Application/Lib/Action/WechatAction.class.php 第 28 行.

[ 2016-10-20T18:41:58+08:00 ] 117.62.60.26 /Ucar/index.php?m=Wechat
INFO: [ app_begin ] --START--
INFO: ReadHtmlCache Behavior ::run [ RunTime:0.000492s ]
INFO: [ app_begin ] --END-- [ RunTime:0.000572s ]
NOTIC: [8] Undefined variable: access_token /home/wwwroot/default/Ucar/Application/Lib/Action/WechatAction.class.php 第 28 行.

[ 2016-10-20T18:43:59+08:00 ] 117.62.60.26 /Ucar/index.php?m=Wechat
INFO: [ app_begin ] --START--
INFO: ReadHtmlCache Behavior ::run [ RunTime:0.000496s ]
INFO: [ app_begin ] --END-- [ RunTime:0.000577s ]

[ 2016-10-20T18:44:02+08:00 ] 117.62.60.26 /Ucar/index.php?m=Wechat
INFO: [ app_begin ] --START--
INFO: ReadHtmlCache Behavior ::run [ RunTime:0.000532s ]
INFO: [ app_begin ] --END-- [ RunTime:0.000619s ]

[ 2016-10-20T18:52:02+08:00 ] 117.62.60.26 /Ucar/index.php?m=Wechat
INFO: [ app_begin ] --START--
INFO: ReadHtmlCache Behavior ::run [ RunTime:0.000640s ]
INFO: [ app_begin ] --END-- [ RunTime:0.000762s ]

[ 2016-10-20T18:53:18+08:00 ] 117.62.60.26 /Ucar/index.php?m=Wechat&a=access_token
INFO: [ app_begin ] --START--
INFO: ReadHtmlCache Behavior ::run [ RunTime:0.000513s ]
INFO: [ app_begin ] --END-- [ RunTime:0.000623s ]

[ 2016-10-20T18:55:17+08:00 ] 117.62.60.26 /Ucar/index.php?m=Wechat&a=access_token
INFO: [ app_begin ] --START--
INFO: ReadHtmlCache Behavior ::run [ RunTime:0.000541s ]
INFO: [ app_begin ] --END-- [ RunTime:0.000645s ]

[ 2016-10-20T18:55:19+08:00 ] 117.62.60.26 /Ucar/index.php?m=Wechat&a=access_token
INFO: [ app_begin ] --START--
INFO: ReadHtmlCache Behavior ::run [ RunTime:0.000699s ]
INFO: [ app_begin ] --END-- [ RunTime:0.000833s ]

[ 2016-10-20T19:04:36+08:00 ] 117.62.60.26 /Ucar/index.php?m=Wechat&a=access_token
INFO: [ app_begin ] --START--
INFO: ReadHtmlCache Behavior ::run [ RunTime:0.000509s ]
INFO: [ app_begin ] --END-- [ RunTime:0.000594s ]

[ 2016-10-20T19:05:01+08:00 ] 117.62.60.26 /Ucar/index.php?m=Wechat&a=access_token
INFO: [ app_begin ] --START--
INFO: ReadHtmlCache Behavior ::run [ RunTime:0.000477s ]
INFO: [ app_begin ] --END-- [ RunTime:0.000557s ]

[ 2016-10-20T19:06:00+08:00 ] 117.62.60.26 /Ucar/index.php?m=Wechat&a=access_token
INFO: [ app_begin ] --START--
INFO: ReadHtmlCache Behavior ::run [ RunTime:0.001071s ]
INFO: [ app_begin ] --END-- [ RunTime:0.001172s ]

[ 2016-10-20T19:06:05+08:00 ] 117.62.60.26 /Ucar/index.php?m=Wechat
INFO: [ app_begin ] --START--
INFO: ReadHtmlCache Behavior ::run [ RunTime:0.000515s ]
INFO: [ app_begin ] --END-- [ RunTime:0.000605s ]

[ 2016-10-20T19:07:39+08:00 ] 117.62.60.26 /Ucar/index.php?m=Wechat
INFO: [ app_begin ] --START--
INFO: ReadHtmlCache Behavior ::run [ RunTime:0.000521s ]
INFO: [ app_begin ] --END-- [ RunTime:0.000635s ]

[ 2016-10-20T20:33:34+08:00 ] 117.62.60.26 /Ucar/index.php?m=Wechat
INFO: [ app_begin ] --START--
INFO: ReadHtmlCache Behavior ::run [ RunTime:0.000503s ]
INFO: [ app_begin ] --END-- [ RunTime:0.000583s ]

[ 2016-10-20T20:33:58+08:00 ] 117.62.60.26 /Ucar/index.php?m=Wechat&a=index
INFO: [ app_begin ] --START--
INFO: ReadHtmlCache Behavior ::run [ RunTime:0.000483s ]
INFO: [ app_begin ] --END-- [ RunTime:0.000587s ]

[ 2016-10-20T20:34:04+08:00 ] 117.62.60.26 /Ucar/index.php?m=Wechat&a=index
INFO: [ app_begin ] --START--
INFO: ReadHtmlCache Behavior ::run [ RunTime:0.000557s ]
INFO: [ app_begin ] --END-- [ RunTime:0.000651s ]

[ 2016-10-20T20:34:48+08:00 ] 117.62.60.26 /Ucar/index.php?m=Wechat&a=index
INFO: [ app_begin ] --START--
INFO: ReadHtmlCache Behavior ::run [ RunTime:0.000538s ]
INFO: [ app_begin ] --END-- [ RunTime:0.000616s ]

[ 2016-10-20T20:36:57+08:00 ] 117.62.60.26 /Ucar/index.php?m=Wechat&a=index
INFO: [ app_begin ] --START--
INFO: ReadHtmlCache Behavior ::run [ RunTime:0.000536s ]
INFO: [ app_begin ] --END-- [ RunTime:0.000625s ]

[ 2016-10-20T20:37:00+08:00 ] 117.62.60.26 /Ucar/index.php?m=Wechat&a=index
INFO: [ app_begin ] --START--
INFO: ReadHtmlCache Behavior ::run [ RunTime:0.000508s ]
INFO: [ app_begin ] --END-- [ RunTime:0.000622s ]

[ 2016-10-20T20:38:25+08:00 ] 117.62.60.26 /Ucar/index.php?m=Wechat&a=index
INFO: [ app_begin ] --START--
INFO: ReadHtmlCache Behavior ::run [ RunTime:0.000828s ]
INFO: [ app_begin ] --END-- [ RunTime:0.000955s ]

[ 2016-10-20T20:38:50+08:00 ] 117.62.60.26 /Ucar/index.php?m=Wechat&a=index
INFO: [ app_begin ] --START--
INFO: ReadHtmlCache Behavior ::run [ RunTime:0.000475s ]
INFO: [ app_begin ] --END-- [ RunTime:0.000563s ]

[ 2016-10-20T20:38:53+08:00 ] 117.62.60.26 /Ucar/index.php?m=Wechat&a=index
INFO: [ app_begin ] --START--
INFO: ReadHtmlCache Behavior ::run [ RunTime:0.000469s ]
INFO: [ app_begin ] --END-- [ RunTime:0.000566s ]

[ 2016-10-20T20:39:10+08:00 ] 117.62.60.26 /Ucar/index.php?m=Wechat&a=index
INFO: [ app_begin ] --START--
INFO: ReadHtmlCache Behavior ::run [ RunTime:0.000517s ]
INFO: [ app_begin ] --END-- [ RunTime:0.000608s ]

[ 2016-10-20T20:39:13+08:00 ] 117.62.60.26 /Ucar/index.php?m=Wechat&a=index
INFO: [ app_begin ] --START--
INFO: ReadHtmlCache Behavior ::run [ RunTime:0.000621s ]
INFO: [ app_begin ] --END-- [ RunTime:0.000762s ]

[ 2016-10-20T20:39:41+08:00 ] 117.62.60.26 /Ucar/index.php?m=Wechat&a=index
INFO: [ app_begin ] --START--
INFO: ReadHtmlCache Behavior ::run [ RunTime:0.000500s ]
INFO: [ app_begin ] --END-- [ RunTime:0.000582s ]

[ 2016-10-20T20:40:01+08:00 ] 117.62.60.26 /Ucar/index.php?m=Wechat
INFO: [ app_begin ] --START--
INFO: ReadHtmlCache Behavior ::run [ RunTime:0.000483s ]
INFO: [ app_begin ] --END-- [ RunTime:0.000568s ]

[ 2016-10-20T20:42:25+08:00 ] 117.62.60.26 /Ucar/index.php?m=Wechat
INFO: [ app_begin ] --START--
INFO: ReadHtmlCache Behavior ::run [ RunTime:0.000517s ]
INFO: [ app_begin ] --END-- [ RunTime:0.000602s ]

[ 2016-10-20T20:43:44+08:00 ] 117.62.60.26 /Ucar/index.php?m=Wechat
INFO: [ app_begin ] --START--
INFO: ReadHtmlCache Behavior ::run [ RunTime:0.000516s ]
INFO: [ app_begin ] --END-- [ RunTime:0.000597s ]

[ 2016-10-20T20:51:13+08:00 ] 117.62.60.26 /Ucar/index.php?m=Wechat
INFO: [ app_begin ] --START--
INFO: ReadHtmlCache Behavior ::run [ RunTime:0.000549s ]
INFO: [ app_begin ] --END-- [ RunTime:0.000686s ]

[ 2016-10-20T20:51:25+08:00 ] 117.62.60.26 /Ucar/index.php?m=Wechat
INFO: [ app_begin ] --START--
INFO: ReadHtmlCache Behavior ::run [ RunTime:0.000685s ]
INFO: [ app_begin ] --END-- [ RunTime:0.000769s ]

[ 2016-10-20T20:51:27+08:00 ] 117.62.60.26 /Ucar/index.php?m=Wechat
INFO: [ app_begin ] --START--
INFO: ReadHtmlCache Behavior ::run [ RunTime:0.000498s ]
INFO: [ app_begin ] --END-- [ RunTime:0.000635s ]

[ 2016-10-20T20:52:14+08:00 ] 117.62.60.26 /Ucar/index.php?m=Wechat
INFO: [ app_begin ] --START--
INFO: ReadHtmlCache Behavior ::run [ RunTime:0.000474s ]
INFO: [ app_begin ] --END-- [ RunTime:0.000553s ]

[ 2016-10-20T20:53:20+08:00 ] 117.62.60.26 /Ucar/index.php?m=Wechat
INFO: [ app_begin ] --START--
INFO: ReadHtmlCache Behavior ::run [ RunTime:0.000552s ]
INFO: [ app_begin ] --END-- [ RunTime:0.000638s ]

[ 2016-10-20T20:55:22+08:00 ] 117.62.60.26 /Ucar/index.php?m=Wechat
INFO: [ app_begin ] --START--
INFO: ReadHtmlCache Behavior ::run [ RunTime:0.000473s ]
INFO: [ app_begin ] --END-- [ RunTime:0.000550s ]

[ 2016-10-20T20:55:24+08:00 ] 117.62.60.26 /Ucar/index.php?m=Wechat
INFO: [ app_begin ] --START--
INFO: ReadHtmlCache Behavior ::run [ RunTime:0.000547s ]
INFO: [ app_begin ] --END-- [ RunTime:0.000637s ]

[ 2016-10-20T20:57:43+08:00 ] 117.62.60.26 /Ucar/index.php?m=Wechat
INFO: [ app_begin ] --START--
INFO: ReadHtmlCache Behavior ::run [ RunTime:0.000547s ]
INFO: [ app_begin ] --END-- [ RunTime:0.000641s ]

[ 2016-10-20T20:59:05+08:00 ] 117.62.60.26 /Ucar/index.php?m=Wechat
INFO: [ app_begin ] --START--
INFO: ReadHtmlCache Behavior ::run [ RunTime:0.000471s ]
INFO: [ app_begin ] --END-- [ RunTime:0.000547s ]

[ 2016-10-20T21:00:30+08:00 ] 117.62.60.26 /Ucar/index.php?m=Wechat
INFO: [ app_begin ] --START--
INFO: ReadHtmlCache Behavior ::run [ RunTime:0.000492s ]
INFO: [ app_begin ] --END-- [ RunTime:0.000576s ]

[ 2016-10-20T21:00:32+08:00 ] 117.62.60.26 /Ucar/index.php?m=Wechat
INFO: [ app_begin ] --START--
INFO: ReadHtmlCache Behavior ::run [ RunTime:0.000484s ]
INFO: [ app_begin ] --END-- [ RunTime:0.000570s ]

[ 2016-10-20T21:00:35+08:00 ] 117.62.60.26 /Ucar/index.php?m=Wechat
INFO: [ app_begin ] --START--
INFO: ReadHtmlCache Behavior ::run [ RunTime:0.000503s ]
INFO: [ app_begin ] --END-- [ RunTime:0.000619s ]

[ 2016-10-20T21:01:27+08:00 ] 117.62.60.26 /Ucar/index.php?m=Wechat
INFO: [ app_begin ] --START--
INFO: ReadHtmlCache Behavior ::run [ RunTime:0.000534s ]
INFO: [ app_begin ] --END-- [ RunTime:0.000621s ]

[ 2016-10-20T21:02:02+08:00 ] 117.62.60.26 /Ucar/index.php?m=Wechat
INFO: [ app_begin ] --START--
INFO: ReadHtmlCache Behavior ::run [ RunTime:0.000475s ]
INFO: [ app_begin ] --END-- [ RunTime:0.000575s ]

[ 2016-10-20T21:03:29+08:00 ] 117.62.60.26 /Ucar/index.php?m=Wechat
INFO: [ app_begin ] --START--
INFO: ReadHtmlCache Behavior ::run [ RunTime:0.000486s ]
INFO: [ app_begin ] --END-- [ RunTime:0.000571s ]

[ 2016-10-20T21:04:46+08:00 ] 117.62.60.26 /Ucar/index.php?m=Wechat
INFO: [ app_begin ] --START--
INFO: ReadHtmlCache Behavior ::run [ RunTime:0.000546s ]
INFO: [ app_begin ] --END-- [ RunTime:0.000651s ]

[ 2016-10-20T21:05:02+08:00 ] 117.62.60.26 /Ucar/index.php?m=Wechat
INFO: [ app_begin ] --START--
INFO: ReadHtmlCache Behavior ::run [ RunTime:0.000532s ]
INFO: [ app_begin ] --END-- [ RunTime:0.000610s ]

[ 2016-10-20T21:05:05+08:00 ] 117.62.60.26 /Ucar/index.php?m=Wechat
INFO: [ app_begin ] --START--
INFO: ReadHtmlCache Behavior ::run [ RunTime:0.000527s ]
INFO: [ app_begin ] --END-- [ RunTime:0.000637s ]

[ 2016-10-20T21:05:47+08:00 ] 117.62.60.26 /Ucar/index.php?m=Wechat
INFO: [ app_begin ] --START--
INFO: ReadHtmlCache Behavior ::run [ RunTime:0.000955s ]
INFO: [ app_begin ] --END-- [ RunTime:0.001066s ]

[ 2016-10-20T21:07:05+08:00 ] 117.62.60.26 /Ucar/index.php?m=Wechat
INFO: [ app_begin ] --START--
INFO: ReadHtmlCache Behavior ::run [ RunTime:0.000517s ]
INFO: [ app_begin ] --END-- [ RunTime:0.000603s ]

[ 2016-10-20T21:11:13+08:00 ] 117.62.60.26 /Ucar/index.php?m=Wechat
INFO: [ app_begin ] --START--
INFO: ReadHtmlCache Behavior ::run [ RunTime:0.000507s ]
INFO: [ app_begin ] --END-- [ RunTime:0.000586s ]

[ 2016-10-20T21:13:57+08:00 ] 117.62.60.26 /Ucar/index.php?m=Wechat
INFO: [ app_begin ] --START--
INFO: ReadHtmlCache Behavior ::run [ RunTime:0.000500s ]
INFO: [ app_begin ] --END-- [ RunTime:0.000614s ]

[ 2016-10-20T21:14:15+08:00 ] 117.62.60.26 /Ucar/index.php?m=Wechat
INFO: [ app_begin ] --START--
INFO: ReadHtmlCache Behavior ::run [ RunTime:0.000480s ]
INFO: [ app_begin ] --END-- [ RunTime:0.000558s ]

[ 2016-10-20T21:17:10+08:00 ] 117.62.60.26 /Ucar/index.php?m=Wechat
INFO: [ app_begin ] --START--
INFO: ReadHtmlCache Behavior ::run [ RunTime:0.000487s ]
INFO: [ app_begin ] --END-- [ RunTime:0.000574s ]

[ 2016-10-20T21:17:52+08:00 ] 117.62.60.26 /Ucar/index.php?m=Wechat
INFO: [ app_begin ] --START--
INFO: ReadHtmlCache Behavior ::run [ RunTime:0.000519s ]
INFO: [ app_begin ] --END-- [ RunTime:0.000625s ]

[ 2016-10-20T21:22:03+08:00 ] 117.62.60.26 /Ucar/index.php?m=Wechat
INFO: [ app_begin ] --START--
INFO: ReadHtmlCache Behavior ::run [ RunTime:0.000511s ]
INFO: [ app_begin ] --END-- [ RunTime:0.000589s ]

[ 2016-10-20T21:25:33+08:00 ] 117.62.60.26 /Ucar/index.php?m=Wechat
INFO: [ app_begin ] --START--
INFO: ReadHtmlCache Behavior ::run [ RunTime:0.000492s ]
INFO: [ app_begin ] --END-- [ RunTime:0.000581s ]

[ 2016-10-20T21:25:44+08:00 ] 117.62.60.26 /Ucar/index.php?m=Wechat&a=access_token
INFO: [ app_begin ] --START--
INFO: ReadHtmlCache Behavior ::run [ RunTime:0.000493s ]
INFO: [ app_begin ] --END-- [ RunTime:0.000571s ]

