[ 2016-11-11T17:49:11+08:00 ] 49.95.14.214 /Ucar/index.php?m=Phoneshop&a=showphonemap
INFO: [ app_begin ] --START--
INFO: ReadHtmlCache Behavior ::run [ RunTime:0.000510s ]
INFO: [ app_begin ] --END-- [ RunTime:0.000593s ]
SQL: SHOW COLUMNS FROM `baidulogo` [ RunTime:0.000856s ]
SQL: SELECT * FROM `baidulogo` WHERE ( `flag` = 1 )  [ RunTime:0.000115s ]
INFO: [ view_parse ] --START--
INFO: ParseTemplate Behavior ::run [ RunTime:0.008294s ]
INFO: [ view_parse ] --END-- [ RunTime:0.008384s ]
INFO: [ view_filter ] --START--
INFO: ContentReplace Behavior ::run [ RunTime:0.000396s ]
INFO: TokenBuild Behavior ::run [ RunTime:0.000398s ]
INFO: WriteHtmlCache Behavior ::run [ RunTime:0.000261s ]
INFO: ShowRuntime Behavior ::run [ RunTime:0.000451s ]
INFO: [ view_filter ] --END-- [ RunTime:0.001656s ]
INFO: [ view_end ] --START--
INFO: ShowPageTrace Behavior ::run [ RunTime:0.000545s ]
INFO: [ view_end ] --END-- [ RunTime:0.000599s ]

[ 2016-11-11T17:49:11+08:00 ] 49.95.14.214 /Ucar/index.php?m=Phoneshop&a=showphonemap
INFO: [ app_begin ] --START--
INFO: ReadHtmlCache Behavior ::run [ RunTime:0.000522s ]
INFO: [ app_begin ] --END-- [ RunTime:0.000607s ]
SQL: SHOW COLUMNS FROM `baidulogo` [ RunTime:0.000812s ]
SQL: SELECT * FROM `baidulogo` WHERE ( `flag` = 1 )  [ RunTime:0.000182s ]
INFO: [ view_parse ] --START--
INFO: ParseTemplate Behavior ::run [ RunTime:0.008255s ]
INFO: [ view_parse ] --END-- [ RunTime:0.008350s ]
INFO: [ view_filter ] --START--
INFO: ContentReplace Behavior ::run [ RunTime:0.000424s ]
INFO: TokenBuild Behavior ::run [ RunTime:0.000402s ]
INFO: WriteHtmlCache Behavior ::run [ RunTime:0.000330s ]
INFO: ShowRuntime Behavior ::run [ RunTime:0.000458s ]
INFO: [ view_filter ] --END-- [ RunTime:0.001785s ]
INFO: [ view_end ] --START--
INFO: ShowPageTrace Behavior ::run [ RunTime:0.000660s ]
INFO: [ view_end ] --END-- [ RunTime:0.000734s ]

[ 2016-11-11T17:49:16+08:00 ] 49.95.14.214 /Ucar/index.php?m=Phone&a=recordquery&openid=o71k5w8Ktn-4EYz8rWGijKW54vy8
INFO: [ app_begin ] --START--
INFO: ReadHtmlCache Behavior ::run [ RunTime:0.000564s ]
INFO: [ app_begin ] --END-- [ RunTime:0.000651s ]
SQL: SHOW COLUMNS FROM `usersuggest` [ RunTime:0.000814s ]
SQL: SELECT * FROM `usersuggest` WHERE ( `openid` = 'o71k5w8Ktn-4EYz8rWGijKW54vy8' ) AND ( `flag3` = 1 ) ORDER BY openid desc  [ RunTime:0.000369s ]
SQL: SHOW COLUMNS FROM `carsource` [ RunTime:0.000597s ]
SQL: SELECT * FROM `carsource` WHERE ( `openid` = 'o71k5w8Ktn-4EYz8rWGijKW54vy8' ) AND ( `flag3` = 1 ) ORDER BY openid desc  [ RunTime:0.000129s ]
INFO: [ view_parse ] --START--
NOTIC: [8] Undefined variable: V /home/wwwroot/default/Ucar/Runtime/Cache/5ffb96d2d9318d0f12c5b01f7927b1e7.php 第 55 行.
NOTIC: [8] Undefined variable: V /home/wwwroot/default/Ucar/Runtime/Cache/5ffb96d2d9318d0f12c5b01f7927b1e7.php 第 55 行.
NOTIC: [8] Undefined variable: V /home/wwwroot/default/Ucar/Runtime/Cache/5ffb96d2d9318d0f12c5b01f7927b1e7.php 第 55 行.
NOTIC: [8] Undefined variable: V /home/wwwroot/default/Ucar/Runtime/Cache/5ffb96d2d9318d0f12c5b01f7927b1e7.php 第 55 行.
NOTIC: [8] Undefined variable: V /home/wwwroot/default/Ucar/Runtime/Cache/5ffb96d2d9318d0f12c5b01f7927b1e7.php 第 55 行.
INFO: ParseTemplate Behavior ::run [ RunTime:0.008522s ]
INFO: [ view_parse ] --END-- [ RunTime:0.008581s ]
INFO: [ view_filter ] --START--
INFO: ContentReplace Behavior ::run [ RunTime:0.000368s ]
INFO: TokenBuild Behavior ::run [ RunTime:0.000344s ]
INFO: WriteHtmlCache Behavior ::run [ RunTime:0.000255s ]
INFO: ShowRuntime Behavior ::run [ RunTime:0.000435s ]
INFO: [ view_filter ] --END-- [ RunTime:0.001544s ]
INFO: [ view_end ] --START--
INFO: ShowPageTrace Behavior ::run [ RunTime:0.000583s ]
INFO: [ view_end ] --END-- [ RunTime:0.000630s ]

[ 2016-11-11T17:49:18+08:00 ] 180.153.214.189 /Ucar/index.php?m=Phoneshop&a=showphonemap
INFO: [ app_begin ] --START--
INFO: ReadHtmlCache Behavior ::run [ RunTime:0.000679s ]
INFO: [ app_begin ] --END-- [ RunTime:0.000771s ]
SQL: SHOW COLUMNS FROM `baidulogo` [ RunTime:0.000698s ]
SQL: SELECT * FROM `baidulogo` WHERE ( `flag` = 1 )  [ RunTime:0.000165s ]
INFO: [ view_parse ] --START--
INFO: ParseTemplate Behavior ::run [ RunTime:0.009427s ]
INFO: [ view_parse ] --END-- [ RunTime:0.009529s ]
INFO: [ view_filter ] --START--
INFO: ContentReplace Behavior ::run [ RunTime:0.000421s ]
INFO: TokenBuild Behavior ::run [ RunTime:0.000346s ]
INFO: WriteHtmlCache Behavior ::run [ RunTime:0.000279s ]
INFO: ShowRuntime Behavior ::run [ RunTime:0.000476s ]
INFO: [ view_filter ] --END-- [ RunTime:0.001677s ]
INFO: [ view_end ] --START--
INFO: ShowPageTrace Behavior ::run [ RunTime:0.000628s ]
INFO: [ view_end ] --END-- [ RunTime:0.000687s ]

[ 2016-11-11T17:49:19+08:00 ] 49.95.14.214 /Ucar/index.php?m=Phoneshop&a=showphonemap
INFO: [ app_begin ] --START--
INFO: ReadHtmlCache Behavior ::run [ RunTime:0.000489s ]
INFO: [ app_begin ] --END-- [ RunTime:0.000570s ]
SQL: SHOW COLUMNS FROM `baidulogo` [ RunTime:0.000690s ]
SQL: SELECT * FROM `baidulogo` WHERE ( `flag` = 1 )  [ RunTime:0.000124s ]
INFO: [ view_parse ] --START--
INFO: ParseTemplate Behavior ::run [ RunTime:0.008005s ]
INFO: [ view_parse ] --END-- [ RunTime:0.008077s ]
INFO: [ view_filter ] --START--
INFO: ContentReplace Behavior ::run [ RunTime:0.000360s ]
INFO: TokenBuild Behavior ::run [ RunTime:0.000417s ]
INFO: WriteHtmlCache Behavior ::run [ RunTime:0.000264s ]
INFO: ShowRuntime Behavior ::run [ RunTime:0.000458s ]
INFO: [ view_filter ] --END-- [ RunTime:0.001679s ]
INFO: [ view_end ] --START--
INFO: ShowPageTrace Behavior ::run [ RunTime:0.001002s ]
INFO: [ view_end ] --END-- [ RunTime:0.001094s ]

[ 2016-11-11T17:49:23+08:00 ] 49.95.14.214 /Ucar/index.php?m=Phoneshop&a=showphonemap
INFO: [ app_begin ] --START--
INFO: ReadHtmlCache Behavior ::run [ RunTime:0.000495s ]
INFO: [ app_begin ] --END-- [ RunTime:0.000586s ]
SQL: SHOW COLUMNS FROM `baidulogo` [ RunTime:0.000675s ]
SQL: SELECT * FROM `baidulogo` WHERE ( `flag` = 1 )  [ RunTime:0.000125s ]
INFO: [ view_parse ] --START--
INFO: ParseTemplate Behavior ::run [ RunTime:0.007407s ]
INFO: [ view_parse ] --END-- [ RunTime:0.007472s ]
INFO: [ view_filter ] --START--
INFO: ContentReplace Behavior ::run [ RunTime:0.000356s ]
INFO: TokenBuild Behavior ::run [ RunTime:0.000393s ]
INFO: WriteHtmlCache Behavior ::run [ RunTime:0.000290s ]
INFO: ShowRuntime Behavior ::run [ RunTime:0.000432s ]
INFO: [ view_filter ] --END-- [ RunTime:0.001653s ]
INFO: [ view_end ] --START--
INFO: ShowPageTrace Behavior ::run [ RunTime:0.000533s ]
INFO: [ view_end ] --END-- [ RunTime:0.000582s ]

[ 2016-11-11T17:49:35+08:00 ] 101.226.33.240 /Ucar/index.php?m=Phone&a=recordquery&openid=o71k5w8Ktn-4EYz8rWGijKW54vy8
INFO: [ app_begin ] --START--
INFO: ReadHtmlCache Behavior ::run [ RunTime:0.000520s ]
INFO: [ app_begin ] --END-- [ RunTime:0.000602s ]
SQL: SHOW COLUMNS FROM `usersuggest` [ RunTime:0.000737s ]
SQL: SELECT * FROM `usersuggest` WHERE ( `openid` = 'o71k5w8Ktn-4EYz8rWGijKW54vy8' ) AND ( `flag3` = 1 ) ORDER BY openid desc  [ RunTime:0.000133s ]
SQL: SHOW COLUMNS FROM `carsource` [ RunTime:0.000548s ]
SQL: SELECT * FROM `carsource` WHERE ( `openid` = 'o71k5w8Ktn-4EYz8rWGijKW54vy8' ) AND ( `flag3` = 1 ) ORDER BY openid desc  [ RunTime:0.000149s ]
INFO: [ view_parse ] --START--
NOTIC: [8] Undefined variable: V /home/wwwroot/default/Ucar/Runtime/Cache/5ffb96d2d9318d0f12c5b01f7927b1e7.php 第 55 行.
NOTIC: [8] Undefined variable: V /home/wwwroot/default/Ucar/Runtime/Cache/5ffb96d2d9318d0f12c5b01f7927b1e7.php 第 55 行.
NOTIC: [8] Undefined variable: V /home/wwwroot/default/Ucar/Runtime/Cache/5ffb96d2d9318d0f12c5b01f7927b1e7.php 第 55 行.
NOTIC: [8] Undefined variable: V /home/wwwroot/default/Ucar/Runtime/Cache/5ffb96d2d9318d0f12c5b01f7927b1e7.php 第 55 行.
NOTIC: [8] Undefined variable: V /home/wwwroot/default/Ucar/Runtime/Cache/5ffb96d2d9318d0f12c5b01f7927b1e7.php 第 55 行.
INFO: ParseTemplate Behavior ::run [ RunTime:0.009225s ]
INFO: [ view_parse ] --END-- [ RunTime:0.009295s ]
INFO: [ view_filter ] --START--
INFO: ContentReplace Behavior ::run [ RunTime:0.000372s ]
INFO: TokenBuild Behavior ::run [ RunTime:0.000377s ]
INFO: WriteHtmlCache Behavior ::run [ RunTime:0.000259s ]
INFO: ShowRuntime Behavior ::run [ RunTime:0.000442s ]
INFO: [ view_filter ] --END-- [ RunTime:0.001594s ]
INFO: [ view_end ] --START--
INFO: ShowPageTrace Behavior ::run [ RunTime:0.000529s ]
INFO: [ view_end ] --END-- [ RunTime:0.000576s ]

[ 2016-11-11T18:15:25+08:00 ] 112.3.203.4 /Ucar/index.php?m=Shop&a=showshopinfo
INFO: [ app_begin ] --START--
INFO: ReadHtmlCache Behavior ::run [ RunTime:0.000523s ]
INFO: [ app_begin ] --END-- [ RunTime:0.000604s ]
NOTIC: [8] Undefined index: admin /home/wwwroot/default/Ucar/Application/Lib/Action/ShopAction.class.php 第 130 行.
SQL: SHOW COLUMNS FROM `shopinfo` [ RunTime:0.000844s ]
SQL: SELECT COUNT(*) AS tp_count FROM `shopinfo` WHERE ( `flag` = 1 ) LIMIT 1   [ RunTime:0.000097s ]
SQL: SELECT * FROM `shopinfo` WHERE ( `flag` = 1 ) ORDER BY time desc LIMIT 0,5   [ RunTime:0.000110s ]
INFO: [ view_parse ] --START--
INFO: ParseTemplate Behavior ::run [ RunTime:0.010202s ]
INFO: [ view_parse ] --END-- [ RunTime:0.010271s ]
INFO: [ view_filter ] --START--
INFO: ContentReplace Behavior ::run [ RunTime:0.000380s ]
INFO: TokenBuild Behavior ::run [ RunTime:0.000344s ]
INFO: WriteHtmlCache Behavior ::run [ RunTime:0.000253s ]
INFO: ShowRuntime Behavior ::run [ RunTime:0.000432s ]
INFO: [ view_filter ] --END-- [ RunTime:0.001553s ]
INFO: [ view_end ] --START--
INFO: ShowPageTrace Behavior ::run [ RunTime:0.000538s ]
INFO: [ view_end ] --END-- [ RunTime:0.000592s ]

[ 2016-11-11T18:15:28+08:00 ] 112.3.203.4 /Ucar/index.php?m=Login&a=index
INFO: [ app_begin ] --START--
INFO: ReadHtmlCache Behavior ::run [ RunTime:0.000508s ]
INFO: [ app_begin ] --END-- [ RunTime:0.000593s ]
INFO: [ view_parse ] --START--
NOTIC: [8] Undefined index: username /home/wwwroot/default/Ucar/Runtime/Cache/ec7ad561f8db6671ff45d6a8165d8f07.php 第 37 行.
NOTIC: [8] Undefined index: pwd /home/wwwroot/default/Ucar/Runtime/Cache/ec7ad561f8db6671ff45d6a8165d8f07.php 第 41 行.
NOTIC: [8] Undefined index: remember /home/wwwroot/default/Ucar/Runtime/Cache/ec7ad561f8db6671ff45d6a8165d8f07.php 第 47 行.
NOTIC: [8] Undefined index: remember /home/wwwroot/default/Ucar/Runtime/Cache/ec7ad561f8db6671ff45d6a8165d8f07.php 第 47 行.
INFO: ParseTemplate Behavior ::run [ RunTime:0.007204s ]
INFO: [ view_parse ] --END-- [ RunTime:0.007274s ]
INFO: [ view_filter ] --START--
INFO: ContentReplace Behavior ::run [ RunTime:0.000349s ]
INFO: TokenBuild Behavior ::run [ RunTime:0.000365s ]
INFO: WriteHtmlCache Behavior ::run [ RunTime:0.000247s ]
INFO: ShowRuntime Behavior ::run [ RunTime:0.000451s ]
INFO: [ view_filter ] --END-- [ RunTime:0.001565s ]
INFO: [ view_end ] --START--
INFO: ShowPageTrace Behavior ::run [ RunTime:0.000544s ]
INFO: [ view_end ] --END-- [ RunTime:0.000593s ]

[ 2016-11-11T18:15:30+08:00 ] 112.3.203.4 /Ucar/index.php?m=Admin&a=admin
INFO: [ app_begin ] --START--
INFO: ReadHtmlCache Behavior ::run [ RunTime:0.000527s ]
INFO: [ app_begin ] --END-- [ RunTime:0.000610s ]
NOTIC: [8] A session had already been started - ignoring session_start() /home/wwwroot/default/Ucar/Application/Lib/Action/AdminAction.class.php 第 23 行.
SQL: SHOW COLUMNS FROM `admin` [ RunTime:0.000895s ]
SQL: SELECT * FROM `admin` WHERE ( `username` = 'root' ) LIMIT 1   [ RunTime:0.000103s ]
INFO: [ view_parse ] --START--
NOTIC: [8] Undefined variable: id /home/wwwroot/default/Ucar/Runtime/Cache/404308bba34e2a9bb6ba574078dcad9e.php 第 147 行.
INFO: ParseTemplate Behavior ::run [ RunTime:0.009120s ]
INFO: [ view_parse ] --END-- [ RunTime:0.009179s ]
INFO: [ view_filter ] --START--
INFO: ContentReplace Behavior ::run [ RunTime:0.000389s ]
INFO: TokenBuild Behavior ::run [ RunTime:0.000349s ]
INFO: WriteHtmlCache Behavior ::run [ RunTime:0.000247s ]
INFO: ShowRuntime Behavior ::run [ RunTime:0.000467s ]
INFO: [ view_filter ] --END-- [ RunTime:0.001597s ]
INFO: [ view_end ] --START--
INFO: ShowPageTrace Behavior ::run [ RunTime:0.000534s ]
INFO: [ view_end ] --END-- [ RunTime:0.000595s ]

[ 2016-11-11T18:15:34+08:00 ] 112.3.203.4 /Ucar/index.php?m=Shop&a=showshopinfo
INFO: [ app_begin ] --START--
INFO: ReadHtmlCache Behavior ::run [ RunTime:0.000546s ]
INFO: [ app_begin ] --END-- [ RunTime:0.000634s ]
NOTIC: [8] Undefined index: admin /home/wwwroot/default/Ucar/Application/Lib/Action/ShopAction.class.php 第 130 行.
SQL: SHOW COLUMNS FROM `shopinfo` [ RunTime:0.000706s ]
SQL: SELECT COUNT(*) AS tp_count FROM `shopinfo` WHERE ( `flag` = 1 ) LIMIT 1   [ RunTime:0.000143s ]
SQL: SELECT * FROM `shopinfo` WHERE ( `flag` = 1 ) ORDER BY time desc LIMIT 0,5   [ RunTime:0.000114s ]
INFO: [ view_parse ] --START--
INFO: ParseTemplate Behavior ::run [ RunTime:0.010139s ]
INFO: [ view_parse ] --END-- [ RunTime:0.010205s ]
INFO: [ view_filter ] --START--
INFO: ContentReplace Behavior ::run [ RunTime:0.000351s ]
INFO: TokenBuild Behavior ::run [ RunTime:0.000342s ]
INFO: WriteHtmlCache Behavior ::run [ RunTime:0.000293s ]
INFO: ShowRuntime Behavior ::run [ RunTime:0.000409s ]
INFO: [ view_filter ] --END-- [ RunTime:0.001563s ]
INFO: [ view_end ] --START--
INFO: ShowPageTrace Behavior ::run [ RunTime:0.000627s ]
INFO: [ view_end ] --END-- [ RunTime:0.000682s ]

[ 2016-11-11T18:15:37+08:00 ] 112.3.203.4 /Ucar/index.php?m=Shop&a=showmap
INFO: [ app_begin ] --START--
INFO: ReadHtmlCache Behavior ::run [ RunTime:0.000501s ]
INFO: [ app_begin ] --END-- [ RunTime:0.000582s ]
NOTIC: [8] Undefined index: admin /home/wwwroot/default/Ucar/Application/Lib/Action/ShopAction.class.php 第 216 行.
SQL: SHOW COLUMNS FROM `baidulogo` [ RunTime:0.000695s ]
SQL: SELECT * FROM `baidulogo` WHERE ( `flag` = 1 )  [ RunTime:0.000130s ]
INFO: [ view_parse ] --START--
NOTIC: [8] Undefined variable: page /home/wwwroot/default/Ucar/Runtime/Cache/949c4f23246a2a92a1e3c8fcfc9235b3.php 第 145 行.
INFO: ParseTemplate Behavior ::run [ RunTime:0.011509s ]
INFO: [ view_parse ] --END-- [ RunTime:0.011582s ]
INFO: [ view_filter ] --START--
INFO: ContentReplace Behavior ::run [ RunTime:0.000372s ]
INFO: TokenBuild Behavior ::run [ RunTime:0.000389s ]
INFO: WriteHtmlCache Behavior ::run [ RunTime:0.000251s ]
INFO: ShowRuntime Behavior ::run [ RunTime:0.000446s ]
INFO: [ view_filter ] --END-- [ RunTime:0.001824s ]
INFO: [ view_end ] --START--
INFO: ShowPageTrace Behavior ::run [ RunTime:0.000656s ]
INFO: [ view_end ] --END-- [ RunTime:0.000718s ]

[ 2016-11-11T18:15:40+08:00 ] 112.3.203.4 /Ucar/index.php?m=Shop&a=showmap
INFO: [ app_begin ] --START--
INFO: ReadHtmlCache Behavior ::run [ RunTime:0.000603s ]
INFO: [ app_begin ] --END-- [ RunTime:0.000694s ]
NOTIC: [8] Undefined index: admin /home/wwwroot/default/Ucar/Application/Lib/Action/ShopAction.class.php 第 216 行.
SQL: SHOW COLUMNS FROM `baidulogo` [ RunTime:0.000693s ]
SQL: SELECT * FROM `baidulogo` WHERE ( `flag` = 1 )  [ RunTime:0.000128s ]
INFO: [ view_parse ] --START--
NOTIC: [8] Undefined variable: page /home/wwwroot/default/Ucar/Runtime/Cache/949c4f23246a2a92a1e3c8fcfc9235b3.php 第 145 行.
INFO: ParseTemplate Behavior ::run [ RunTime:0.009279s ]
INFO: [ view_parse ] --END-- [ RunTime:0.009349s ]
INFO: [ view_filter ] --START--
INFO: ContentReplace Behavior ::run [ RunTime:0.000373s ]
INFO: TokenBuild Behavior ::run [ RunTime:0.000398s ]
INFO: WriteHtmlCache Behavior ::run [ RunTime:0.000259s ]
INFO: ShowRuntime Behavior ::run [ RunTime:0.000418s ]
INFO: [ view_filter ] --END-- [ RunTime:0.001596s ]
INFO: [ view_end ] --START--
INFO: ShowPageTrace Behavior ::run [ RunTime:0.000642s ]
INFO: [ view_end ] --END-- [ RunTime:0.000691s ]

[ 2016-11-11T18:15:44+08:00 ] 112.3.203.4 /Ucar/index.php?m=Shop&a=showmap
INFO: [ app_begin ] --START--
INFO: ReadHtmlCache Behavior ::run [ RunTime:0.000487s ]
INFO: [ app_begin ] --END-- [ RunTime:0.000570s ]
NOTIC: [8] Undefined index: admin /home/wwwroot/default/Ucar/Application/Lib/Action/ShopAction.class.php 第 216 行.
SQL: SHOW COLUMNS FROM `baidulogo` [ RunTime:0.000685s ]
SQL: SELECT * FROM `baidulogo` WHERE ( `flag` = 1 )  [ RunTime:0.000127s ]
INFO: [ view_parse ] --START--
NOTIC: [8] Undefined variable: page /home/wwwroot/default/Ucar/Runtime/Cache/949c4f23246a2a92a1e3c8fcfc9235b3.php 第 145 行.
INFO: ParseTemplate Behavior ::run [ RunTime:0.009259s ]
INFO: [ view_parse ] --END-- [ RunTime:0.009317s ]
INFO: [ view_filter ] --START--
INFO: ContentReplace Behavior ::run [ RunTime:0.000344s ]
INFO: TokenBuild Behavior ::run [ RunTime:0.000410s ]
INFO: WriteHtmlCache Behavior ::run [ RunTime:0.000308s ]
INFO: ShowRuntime Behavior ::run [ RunTime:0.000412s ]
INFO: [ view_filter ] --END-- [ RunTime:0.001633s ]
INFO: [ view_end ] --START--
INFO: ShowPageTrace Behavior ::run [ RunTime:0.000573s ]
INFO: [ view_end ] --END-- [ RunTime:0.000621s ]

[ 2016-11-11T18:15:45+08:00 ] 112.3.203.4 /Ucar/index.php?m=Admin
INFO: [ app_begin ] --START--
INFO: ReadHtmlCache Behavior ::run [ RunTime:0.000775s ]
INFO: [ app_begin ] --END-- [ RunTime:0.000854s ]
NOTIC: [8] Undefined index: admin /home/wwwroot/default/Ucar/Application/Lib/Action/AdminAction.class.php 第 12 行.
INFO: [ view_parse ] --START--
INFO: ParseTemplate Behavior ::run [ RunTime:0.008758s ]
INFO: [ view_parse ] --END-- [ RunTime:0.008823s ]
INFO: [ view_filter ] --START--
INFO: ContentReplace Behavior ::run [ RunTime:0.000347s ]
INFO: TokenBuild Behavior ::run [ RunTime:0.000389s ]
INFO: WriteHtmlCache Behavior ::run [ RunTime:0.000252s ]
INFO: ShowRuntime Behavior ::run [ RunTime:0.000404s ]
INFO: [ view_filter ] --END-- [ RunTime:0.001551s ]
INFO: [ view_end ] --START--
INFO: ShowPageTrace Behavior ::run [ RunTime:0.000615s ]
INFO: [ view_end ] --END-- [ RunTime:0.000665s ]

[ 2016-11-11T18:15:59+08:00 ] 112.3.203.4 /Ucar/index.php?m=Activity&a=showactivity
INFO: [ app_begin ] --START--
INFO: ReadHtmlCache Behavior ::run [ RunTime:0.000476s ]
INFO: [ app_begin ] --END-- [ RunTime:0.000559s ]
NOTIC: [8] Undefined index: admin /home/wwwroot/default/Ucar/Application/Lib/Action/ActivityAction.class.php 第 39 行.
SQL: SHOW COLUMNS FROM `activityinfo` [ RunTime:0.024297s ]
SQL: SELECT COUNT(*) AS tp_count FROM `activityinfo` WHERE ( `flag` = 1 ) LIMIT 1   [ RunTime:0.000104s ]
SQL: SELECT * FROM `activityinfo` WHERE ( `flag` = 1 ) LIMIT 0,10   [ RunTime:0.000145s ]
INFO: [ view_parse ] --START--
INFO: ParseTemplate Behavior ::run [ RunTime:0.009860s ]
INFO: [ view_parse ] --END-- [ RunTime:0.009933s ]
INFO: [ view_filter ] --START--
INFO: ContentReplace Behavior ::run [ RunTime:0.000394s ]
INFO: TokenBuild Behavior ::run [ RunTime:0.000364s ]
INFO: WriteHtmlCache Behavior ::run [ RunTime:0.000252s ]
INFO: ShowRuntime Behavior ::run [ RunTime:0.000472s ]
INFO: [ view_filter ] --END-- [ RunTime:0.001651s ]
INFO: [ view_end ] --START--
INFO: ShowPageTrace Behavior ::run [ RunTime:0.000528s ]
INFO: [ view_end ] --END-- [ RunTime:0.000585s ]

[ 2016-11-11T18:17:27+08:00 ] 112.3.203.4 /Ucar/index.php?m=Activity&a=showactivity
INFO: [ app_begin ] --START--
INFO: ReadHtmlCache Behavior ::run [ RunTime:0.000473s ]
INFO: [ app_begin ] --END-- [ RunTime:0.000553s ]
NOTIC: [8] Undefined index: admin /home/wwwroot/default/Ucar/Application/Lib/Action/ActivityAction.class.php 第 39 行.
SQL: SHOW COLUMNS FROM `activityinfo` [ RunTime:0.000681s ]
SQL: SELECT COUNT(*) AS tp_count FROM `activityinfo` WHERE ( `flag` = 1 ) LIMIT 1   [ RunTime:0.000116s ]
SQL: SELECT * FROM `activityinfo` WHERE ( `flag` = 1 ) LIMIT 0,10   [ RunTime:0.000146s ]
INFO: [ view_parse ] --START--
INFO: ParseTemplate Behavior ::run [ RunTime:0.010371s ]
INFO: [ view_parse ] --END-- [ RunTime:0.010439s ]
INFO: [ view_filter ] --START--
INFO: ContentReplace Behavior ::run [ RunTime:0.000376s ]
INFO: TokenBuild Behavior ::run [ RunTime:0.000392s ]
INFO: WriteHtmlCache Behavior ::run [ RunTime:0.000249s ]
INFO: ShowRuntime Behavior ::run [ RunTime:0.000411s ]
INFO: [ view_filter ] --END-- [ RunTime:0.001616s ]
INFO: [ view_end ] --START--
INFO: ShowPageTrace Behavior ::run [ RunTime:0.000530s ]
INFO: [ view_end ] --END-- [ RunTime:0.000586s ]

[ 2016-11-11T18:17:29+08:00 ] 112.3.203.4 /Ucar/index.php?m=Wap&a=showuserjudge
INFO: [ app_begin ] --START--
INFO: ReadHtmlCache Behavior ::run [ RunTime:0.000660s ]
INFO: [ app_begin ] --END-- [ RunTime:0.000761s ]
NOTIC: [8] Undefined index: admin /home/wwwroot/default/Ucar/Application/Lib/Action/WapAction.class.php 第 219 行.
SQL: SHOW COLUMNS FROM `userjudge` [ RunTime:0.000742s ]
SQL: SELECT COUNT(*) AS tp_count FROM `userjudge` LIMIT 1   [ RunTime:0.000100s ]
SQL: SELECT * FROM `userjudge` LIMIT 0,10   [ RunTime:0.000127s ]
INFO: [ view_parse ] --START--
INFO: ParseTemplate Behavior ::run [ RunTime:0.009145s ]
INFO: [ view_parse ] --END-- [ RunTime:0.009210s ]
INFO: [ view_filter ] --START--
INFO: ContentReplace Behavior ::run [ RunTime:0.000341s ]
INFO: TokenBuild Behavior ::run [ RunTime:0.000343s ]
INFO: WriteHtmlCache Behavior ::run [ RunTime:0.000249s ]
INFO: ShowRuntime Behavior ::run [ RunTime:0.000861s ]
INFO: [ view_filter ] --END-- [ RunTime:0.001963s ]
INFO: [ view_end ] --START--
INFO: ShowPageTrace Behavior ::run [ RunTime:0.000572s ]
INFO: [ view_end ] --END-- [ RunTime:0.000647s ]

[ 2016-11-11T18:17:31+08:00 ] 112.3.203.4 /Ucar/index.php?m=Wap&a=showsuggest
INFO: [ app_begin ] --START--
INFO: ReadHtmlCache Behavior ::run [ RunTime:0.000818s ]
INFO: [ app_begin ] --END-- [ RunTime:0.000963s ]
NOTIC: [8] Undefined index: admin /home/wwwroot/default/Ucar/Application/Lib/Action/WapAction.class.php 第 245 行.
SQL: SHOW COLUMNS FROM `usersuggest` [ RunTime:0.000690s ]
SQL: SELECT COUNT(*) AS tp_count FROM `usersuggest` WHERE ( `flag1` = 1 ) AND ( `flag2` = 1 ) LIMIT 1   [ RunTime:0.000117s ]
NOTIC: [8] Undefined variable: limit /home/wwwroot/default/Ucar/Application/Lib/Action/WapAction.class.php 第 265 行.
SQL: SELECT * FROM `usersuggest` WHERE ( `flag1` = 1 ) AND ( `flag2` = 1 )  [ RunTime:0.000112s ]
INFO: [ view_parse ] --START--
NOTIC: [8] Undefined index: suggestnickname /home/wwwroot/default/Ucar/Runtime/Cache/a339c399976367a44f74b74f8caa4c6c.php 第 131 行.
NOTIC: [8] Undefined index: suggestnickname /home/wwwroot/default/Ucar/Runtime/Cache/a339c399976367a44f74b74f8caa4c6c.php 第 131 行.
NOTIC: [8] Undefined index: suggestnickname /home/wwwroot/default/Ucar/Runtime/Cache/a339c399976367a44f74b74f8caa4c6c.php 第 131 行.
INFO: ParseTemplate Behavior ::run [ RunTime:0.011139s ]
INFO: [ view_parse ] --END-- [ RunTime:0.011209s ]
INFO: [ view_filter ] --START--
INFO: ContentReplace Behavior ::run [ RunTime:0.000385s ]
INFO: TokenBuild Behavior ::run [ RunTime:0.000397s ]
INFO: WriteHtmlCache Behavior ::run [ RunTime:0.000319s ]
INFO: ShowRuntime Behavior ::run [ RunTime:0.000479s ]
INFO: [ view_filter ] --END-- [ RunTime:0.001746s ]
INFO: [ view_end ] --START--
INFO: ShowPageTrace Behavior ::run [ RunTime:0.000549s ]
INFO: [ view_end ] --END-- [ RunTime:0.000605s ]

[ 2016-11-11T18:17:32+08:00 ] 112.3.203.4 /Ucar/index.php?m=Wap&a=showsource
INFO: [ app_begin ] --START--
INFO: ReadHtmlCache Behavior ::run [ RunTime:0.000507s ]
INFO: [ app_begin ] --END-- [ RunTime:0.000594s ]
NOTIC: [8] Undefined index: admin /home/wwwroot/default/Ucar/Application/Lib/Action/WapAction.class.php 第 311 行.
SQL: SHOW COLUMNS FROM `carsource` [ RunTime:0.000740s ]
SQL: SELECT COUNT(*) AS tp_count FROM `carsource` WHERE ( `flag1` = 1 ) AND ( `flag2` = 1 ) LIMIT 1   [ RunTime:0.000139s ]
SQL: SELECT * FROM `carsource` WHERE ( `flag1` = 1 ) AND ( `flag2` = 1 ) LIMIT 0,10   [ RunTime:0.000125s ]
INFO: [ view_parse ] --START--
INFO: ParseTemplate Behavior ::run [ RunTime:0.010247s ]
INFO: [ view_parse ] --END-- [ RunTime:0.010332s ]
INFO: [ view_filter ] --START--
INFO: ContentReplace Behavior ::run [ RunTime:0.000379s ]
INFO: TokenBuild Behavior ::run [ RunTime:0.000376s ]
INFO: WriteHtmlCache Behavior ::run [ RunTime:0.000258s ]
INFO: ShowRuntime Behavior ::run [ RunTime:0.000459s ]
INFO: [ view_filter ] --END-- [ RunTime:0.001633s ]
INFO: [ view_end ] --START--
INFO: ShowPageTrace Behavior ::run [ RunTime:0.000554s ]
INFO: [ view_end ] --END-- [ RunTime:0.000612s ]

[ 2016-11-11T18:17:34+08:00 ] 112.3.203.4 /Ucar/index.php?m=Admin
INFO: [ app_begin ] --START--
INFO: ReadHtmlCache Behavior ::run [ RunTime:0.000510s ]
INFO: [ app_begin ] --END-- [ RunTime:0.000601s ]
NOTIC: [8] Undefined index: admin /home/wwwroot/default/Ucar/Application/Lib/Action/AdminAction.class.php 第 12 行.
INFO: [ view_parse ] --START--
INFO: ParseTemplate Behavior ::run [ RunTime:0.017916s ]
INFO: [ view_parse ] --END-- [ RunTime:0.018002s ]
INFO: [ view_filter ] --START--
INFO: ContentReplace Behavior ::run [ RunTime:0.000453s ]
INFO: TokenBuild Behavior ::run [ RunTime:0.000346s ]
INFO: WriteHtmlCache Behavior ::run [ RunTime:0.000299s ]
INFO: ShowRuntime Behavior ::run [ RunTime:0.000688s ]
INFO: [ view_filter ] --END-- [ RunTime:0.001965s ]
INFO: [ view_end ] --START--
INFO: ShowPageTrace Behavior ::run [ RunTime:0.000769s ]
INFO: [ view_end ] --END-- [ RunTime:0.000824s ]

[ 2016-11-11T18:17:35+08:00 ] 112.3.203.4 /Ucar/index.php?m=Shop&a=showshopinfo
INFO: [ app_begin ] --START--
INFO: ReadHtmlCache Behavior ::run [ RunTime:0.000522s ]
INFO: [ app_begin ] --END-- [ RunTime:0.000608s ]
NOTIC: [8] Undefined index: admin /home/wwwroot/default/Ucar/Application/Lib/Action/ShopAction.class.php 第 130 行.
SQL: SHOW COLUMNS FROM `shopinfo` [ RunTime:0.000742s ]
SQL: SELECT COUNT(*) AS tp_count FROM `shopinfo` WHERE ( `flag` = 1 ) LIMIT 1   [ RunTime:0.000117s ]
SQL: SELECT * FROM `shopinfo` WHERE ( `flag` = 1 ) ORDER BY time desc LIMIT 0,5   [ RunTime:0.000149s ]
INFO: [ view_parse ] --START--
INFO: ParseTemplate Behavior ::run [ RunTime:0.010325s ]
INFO: [ view_parse ] --END-- [ RunTime:0.010410s ]
INFO: [ view_filter ] --START--
INFO: ContentReplace Behavior ::run [ RunTime:0.000388s ]
INFO: TokenBuild Behavior ::run [ RunTime:0.000351s ]
INFO: WriteHtmlCache Behavior ::run [ RunTime:0.000259s ]
INFO: ShowRuntime Behavior ::run [ RunTime:0.000436s ]
INFO: [ view_filter ] --END-- [ RunTime:0.001580s ]
INFO: [ view_end ] --START--
INFO: ShowPageTrace Behavior ::run [ RunTime:0.000598s ]
INFO: [ view_end ] --END-- [ RunTime:0.000653s ]

[ 2016-11-11T18:17:36+08:00 ] 112.3.203.4 /Ucar/index.php?m=Shop&a=showmap
INFO: [ app_begin ] --START--
INFO: ReadHtmlCache Behavior ::run [ RunTime:0.000487s ]
INFO: [ app_begin ] --END-- [ RunTime:0.000569s ]
NOTIC: [8] Undefined index: admin /home/wwwroot/default/Ucar/Application/Lib/Action/ShopAction.class.php 第 216 行.
SQL: SHOW COLUMNS FROM `baidulogo` [ RunTime:0.000669s ]
SQL: SELECT * FROM `baidulogo` WHERE ( `flag` = 1 )  [ RunTime:0.000148s ]
INFO: [ view_parse ] --START--
NOTIC: [8] Undefined variable: page /home/wwwroot/default/Ucar/Runtime/Cache/949c4f23246a2a92a1e3c8fcfc9235b3.php 第 145 行.
INFO: ParseTemplate Behavior ::run [ RunTime:0.008836s ]
INFO: [ view_parse ] --END-- [ RunTime:0.008896s ]
INFO: [ view_filter ] --START--
INFO: ContentReplace Behavior ::run [ RunTime:0.000350s ]
INFO: TokenBuild Behavior ::run [ RunTime:0.000342s ]
INFO: WriteHtmlCache Behavior ::run [ RunTime:0.000269s ]
INFO: ShowRuntime Behavior ::run [ RunTime:0.000411s ]
INFO: [ view_filter ] --END-- [ RunTime:0.001518s ]
INFO: [ view_end ] --START--
INFO: ShowPageTrace Behavior ::run [ RunTime:0.000591s ]
INFO: [ view_end ] --END-- [ RunTime:0.000640s ]

[ 2016-11-11T18:17:37+08:00 ] 112.3.203.4 /Ucar/index.php?m=Shop&a=showlunbo
INFO: [ app_begin ] --START--
INFO: ReadHtmlCache Behavior ::run [ RunTime:0.000590s ]
INFO: [ app_begin ] --END-- [ RunTime:0.000673s ]
NOTIC: [8] Undefined index: admin /home/wwwroot/default/Ucar/Application/Lib/Action/ShopAction.class.php 第 229 行.
INFO: [ view_parse ] --START--
INFO: ParseTemplate Behavior ::run [ RunTime:0.008285s ]
INFO: [ view_parse ] --END-- [ RunTime:0.008357s ]
INFO: [ view_filter ] --START--
INFO: ContentReplace Behavior ::run [ RunTime:0.000397s ]
INFO: TokenBuild Behavior ::run [ RunTime:0.000368s ]
INFO: WriteHtmlCache Behavior ::run [ RunTime:0.000270s ]
INFO: ShowRuntime Behavior ::run [ RunTime:0.000483s ]
INFO: [ view_filter ] --END-- [ RunTime:0.001679s ]
INFO: [ view_end ] --START--
INFO: ShowPageTrace Behavior ::run [ RunTime:0.000721s ]
INFO: [ view_end ] --END-- [ RunTime:0.000786s ]

[ 2016-11-11T18:17:37+08:00 ] 112.3.203.4 /Ucar/index.php?m=Shop&a=showpayorder
INFO: [ app_begin ] --START--
INFO: ReadHtmlCache Behavior ::run [ RunTime:0.000482s ]
INFO: [ app_begin ] --END-- [ RunTime:0.000560s ]
NOTIC: [8] Undefined index: admin /home/wwwroot/default/Ucar/Application/Lib/Action/ShopAction.class.php 第 224 行.
INFO: [ view_parse ] --START--
NOTIC: [8] Undefined variable: data /home/wwwroot/default/Ucar/Runtime/Cache/f01b0045b7f9e152de5f115ba0a6e336.php 第 136 行.
NOTIC: [8] Undefined variable: page /home/wwwroot/default/Ucar/Runtime/Cache/f01b0045b7f9e152de5f115ba0a6e336.php 第 140 行.
INFO: ParseTemplate Behavior ::run [ RunTime:0.008628s ]
INFO: [ view_parse ] --END-- [ RunTime:0.008686s ]
INFO: [ view_filter ] --START--
INFO: ContentReplace Behavior ::run [ RunTime:0.000377s ]
INFO: TokenBuild Behavior ::run [ RunTime:0.000343s ]
INFO: WriteHtmlCache Behavior ::run [ RunTime:0.000246s ]
INFO: ShowRuntime Behavior ::run [ RunTime:0.000446s ]
INFO: [ view_filter ] --END-- [ RunTime:0.001567s ]
INFO: [ view_end ] --START--
INFO: ShowPageTrace Behavior ::run [ RunTime:0.000554s ]
INFO: [ view_end ] --END-- [ RunTime:0.000797s ]

[ 2016-11-11T18:17:40+08:00 ] 112.3.203.4 /Ucar/index.php?m=Wap&a=showuserjudge
INFO: [ app_begin ] --START--
INFO: ReadHtmlCache Behavior ::run [ RunTime:0.000579s ]
INFO: [ app_begin ] --END-- [ RunTime:0.000685s ]
NOTIC: [8] Undefined index: admin /home/wwwroot/default/Ucar/Application/Lib/Action/WapAction.class.php 第 219 行.
SQL: SHOW COLUMNS FROM `userjudge` [ RunTime:0.000788s ]
SQL: SELECT COUNT(*) AS tp_count FROM `userjudge` LIMIT 1   [ RunTime:0.000119s ]
SQL: SELECT * FROM `userjudge` LIMIT 0,10   [ RunTime:0.000106s ]
INFO: [ view_parse ] --START--
INFO: ParseTemplate Behavior ::run [ RunTime:0.009656s ]
INFO: [ view_parse ] --END-- [ RunTime:0.009741s ]
INFO: [ view_filter ] --START--
INFO: ContentReplace Behavior ::run [ RunTime:0.000445s ]
INFO: TokenBuild Behavior ::run [ RunTime:0.000380s ]
INFO: WriteHtmlCache Behavior ::run [ RunTime:0.000262s ]
INFO: ShowRuntime Behavior ::run [ RunTime:0.000444s ]
INFO: [ view_filter ] --END-- [ RunTime:0.001677s ]
INFO: [ view_end ] --START--
INFO: ShowPageTrace Behavior ::run [ RunTime:0.000575s ]
INFO: [ view_end ] --END-- [ RunTime:0.000625s ]

[ 2016-11-11T18:17:41+08:00 ] 112.3.203.4 /Ucar/index.php?m=Wap&a=showsource
INFO: [ app_begin ] --START--
INFO: ReadHtmlCache Behavior ::run [ RunTime:0.000532s ]
INFO: [ app_begin ] --END-- [ RunTime:0.000617s ]
NOTIC: [8] Undefined index: admin /home/wwwroot/default/Ucar/Application/Lib/Action/WapAction.class.php 第 311 行.
SQL: SHOW COLUMNS FROM `carsource` [ RunTime:0.000967s ]
SQL: SELECT COUNT(*) AS tp_count FROM `carsource` WHERE ( `flag1` = 1 ) AND ( `flag2` = 1 ) LIMIT 1   [ RunTime:0.000142s ]
SQL: SELECT * FROM `carsource` WHERE ( `flag1` = 1 ) AND ( `flag2` = 1 ) LIMIT 0,10   [ RunTime:0.000163s ]
INFO: [ view_parse ] --START--
INFO: ParseTemplate Behavior ::run [ RunTime:0.011490s ]
INFO: [ view_parse ] --END-- [ RunTime:0.011583s ]
INFO: [ view_filter ] --START--
INFO: ContentReplace Behavior ::run [ RunTime:0.000390s ]
INFO: TokenBuild Behavior ::run [ RunTime:0.000369s ]
INFO: WriteHtmlCache Behavior ::run [ RunTime:0.000293s ]
INFO: ShowRuntime Behavior ::run [ RunTime:0.000415s ]
INFO: [ view_filter ] --END-- [ RunTime:0.001688s ]
INFO: [ view_end ] --START--
INFO: ShowPageTrace Behavior ::run [ RunTime:0.000582s ]
INFO: [ view_end ] --END-- [ RunTime:0.000641s ]

[ 2016-11-11T18:17:42+08:00 ] 112.3.203.4 /Ucar/index.php?m=Wap&a=searchuser
INFO: [ app_begin ] --START--
INFO: ReadHtmlCache Behavior ::run [ RunTime:0.000501s ]
INFO: [ app_begin ] --END-- [ RunTime:0.000580s ]
NOTIC: [8] Undefined index: admin /home/wwwroot/default/Ucar/Application/Lib/Action/WapAction.class.php 第 402 行.
SQL: SHOW COLUMNS FROM `usersuggest` [ RunTime:0.000715s ]
SQL: SELECT COUNT(*) AS tp_count FROM `usersuggest` LIMIT 1   [ RunTime:0.000112s ]
SQL: SELECT * FROM `usersuggest` LIMIT 0,10   [ RunTime:0.000116s ]
INFO: [ view_parse ] --START--
NOTIC: [8] Undefined index: nickname /home/wwwroot/default/Ucar/Runtime/Cache/86d02959e01975745993e41209c13d1c.php 第 140 行.
NOTIC: [8] Undefined index: nickname /home/wwwroot/default/Ucar/Runtime/Cache/86d02959e01975745993e41209c13d1c.php 第 140 行.
NOTIC: [8] Undefined index: nickname /home/wwwroot/default/Ucar/Runtime/Cache/86d02959e01975745993e41209c13d1c.php 第 140 行.
NOTIC: [8] Undefined index: nickname /home/wwwroot/default/Ucar/Runtime/Cache/86d02959e01975745993e41209c13d1c.php 第 140 行.
NOTIC: [8] Undefined index: nickname /home/wwwroot/default/Ucar/Runtime/Cache/86d02959e01975745993e41209c13d1c.php 第 140 行.
NOTIC: [8] Undefined index: nickname /home/wwwroot/default/Ucar/Runtime/Cache/86d02959e01975745993e41209c13d1c.php 第 140 行.
NOTIC: [8] Undefined index: nickname /home/wwwroot/default/Ucar/Runtime/Cache/86d02959e01975745993e41209c13d1c.php 第 140 行.
NOTIC: [8] Undefined index: nickname /home/wwwroot/default/Ucar/Runtime/Cache/86d02959e01975745993e41209c13d1c.php 第 140 行.
NOTIC: [8] Undefined index: nickname /home/wwwroot/default/Ucar/Runtime/Cache/86d02959e01975745993e41209c13d1c.php 第 140 行.
NOTIC: [8] Undefined index: nickname /home/wwwroot/default/Ucar/Runtime/Cache/86d02959e01975745993e41209c13d1c.php 第 140 行.
INFO: ParseTemplate Behavior ::run [ RunTime:0.009931s ]
INFO: [ view_parse ] --END-- [ RunTime:0.009993s ]
INFO: [ view_filter ] --START--
INFO: ContentReplace Behavior ::run [ RunTime:0.000368s ]
INFO: TokenBuild Behavior ::run [ RunTime:0.000371s ]
INFO: WriteHtmlCache Behavior ::run [ RunTime:0.000271s ]
INFO: ShowRuntime Behavior ::run [ RunTime:0.000416s ]
INFO: [ view_filter ] --END-- [ RunTime:0.001573s ]
INFO: [ view_end ] --START--
INFO: ShowPageTrace Behavior ::run [ RunTime:0.000556s ]
INFO: [ view_end ] --END-- [ RunTime:0.000609s ]

[ 2016-11-11T18:17:44+08:00 ] 112.3.203.4 /Ucar/index.php?m=Wap&a=searchcar
INFO: [ app_begin ] --START--
INFO: ReadHtmlCache Behavior ::run [ RunTime:0.000508s ]
INFO: [ app_begin ] --END-- [ RunTime:0.000593s ]
NOTIC: [8] Undefined index: admin /home/wwwroot/default/Ucar/Application/Lib/Action/WapAction.class.php 第 375 行.
SQL: SHOW COLUMNS FROM `carsource` [ RunTime:0.000755s ]
SQL: SELECT COUNT(*) AS tp_count FROM `carsource` LIMIT 1   [ RunTime:0.000119s ]
SQL: SELECT * FROM `carsource` LIMIT 0,10   [ RunTime:0.000124s ]
INFO: [ view_parse ] --START--
NOTIC: [8] Undefined index: nickname /home/wwwroot/default/Ucar/Runtime/Cache/26c9c303296adbc6df45852f841e7e2e.php 第 143 行.
NOTIC: [8] Undefined index: userscount /home/wwwroot/default/Ucar/Runtime/Cache/26c9c303296adbc6df45852f841e7e2e.php 第 147 行.
NOTIC: [8] Undefined index: nickname /home/wwwroot/default/Ucar/Runtime/Cache/26c9c303296adbc6df45852f841e7e2e.php 第 143 行.
NOTIC: [8] Undefined index: userscount /home/wwwroot/default/Ucar/Runtime/Cache/26c9c303296adbc6df45852f841e7e2e.php 第 147 行.
NOTIC: [8] Undefined index: nickname /home/wwwroot/default/Ucar/Runtime/Cache/26c9c303296adbc6df45852f841e7e2e.php 第 143 行.
NOTIC: [8] Undefined index: userscount /home/wwwroot/default/Ucar/Runtime/Cache/26c9c303296adbc6df45852f841e7e2e.php 第 147 行.
NOTIC: [8] Undefined index: nickname /home/wwwroot/default/Ucar/Runtime/Cache/26c9c303296adbc6df45852f841e7e2e.php 第 143 行.
NOTIC: [8] Undefined index: userscount /home/wwwroot/default/Ucar/Runtime/Cache/26c9c303296adbc6df45852f841e7e2e.php 第 147 行.
NOTIC: [8] Undefined index: nickname /home/wwwroot/default/Ucar/Runtime/Cache/26c9c303296adbc6df45852f841e7e2e.php 第 143 行.
NOTIC: [8] Undefined index: userscount /home/wwwroot/default/Ucar/Runtime/Cache/26c9c303296adbc6df45852f841e7e2e.php 第 147 行.
NOTIC: [8] Undefined index: nickname /home/wwwroot/default/Ucar/Runtime/Cache/26c9c303296adbc6df45852f841e7e2e.php 第 143 行.
NOTIC: [8] Undefined index: userscount /home/wwwroot/default/Ucar/Runtime/Cache/26c9c303296adbc6df45852f841e7e2e.php 第 147 行.
NOTIC: [8] Undefined index: nickname /home/wwwroot/default/Ucar/Runtime/Cache/26c9c303296adbc6df45852f841e7e2e.php 第 143 行.
NOTIC: [8] Undefined index: userscount /home/wwwroot/default/Ucar/Runtime/Cache/26c9c303296adbc6df45852f841e7e2e.php 第 147 行.
NOTIC: [8] Undefined index: nickname /home/wwwroot/default/Ucar/Runtime/Cache/26c9c303296adbc6df45852f841e7e2e.php 第 143 行.
NOTIC: [8] Undefined index: userscount /home/wwwroot/default/Ucar/Runtime/Cache/26c9c303296adbc6df45852f841e7e2e.php 第 147 行.
NOTIC: [8] Undefined index: nickname /home/wwwroot/default/Ucar/Runtime/Cache/26c9c303296adbc6df45852f841e7e2e.php 第 143 行.
NOTIC: [8] Undefined index: userscount /home/wwwroot/default/Ucar/Runtime/Cache/26c9c303296adbc6df45852f841e7e2e.php 第 147 行.
NOTIC: [8] Undefined index: nickname /home/wwwroot/default/Ucar/Runtime/Cache/26c9c303296adbc6df45852f841e7e2e.php 第 143 行.
NOTIC: [8] Undefined index: userscount /home/wwwroot/default/Ucar/Runtime/Cache/26c9c303296adbc6df45852f841e7e2e.php 第 147 行.
INFO: ParseTemplate Behavior ::run [ RunTime:0.010411s ]
INFO: [ view_parse ] --END-- [ RunTime:0.010478s ]
INFO: [ view_filter ] --START--
INFO: ContentReplace Behavior ::run [ RunTime:0.000382s ]
INFO: TokenBuild Behavior ::run [ RunTime:0.000376s ]
INFO: WriteHtmlCache Behavior ::run [ RunTime:0.000261s ]
INFO: ShowRuntime Behavior ::run [ RunTime:0.000420s ]
INFO: [ view_filter ] --END-- [ RunTime:0.001585s ]
INFO: [ view_end ] --START--
INFO: ShowPageTrace Behavior ::run [ RunTime:0.000604s ]
INFO: [ view_end ] --END-- [ RunTime:0.000658s ]

[ 2016-11-11T18:17:46+08:00 ] 112.3.203.4 /Ucar/index.php?m=Wap&a=searchcar
INFO: [ app_begin ] --START--
INFO: ReadHtmlCache Behavior ::run [ RunTime:0.000479s ]
INFO: [ app_begin ] --END-- [ RunTime:0.000565s ]
NOTIC: [8] Undefined index: admin /home/wwwroot/default/Ucar/Application/Lib/Action/WapAction.class.php 第 375 行.
SQL: SHOW COLUMNS FROM `carsource` [ RunTime:0.000723s ]
SQL: SELECT COUNT(*) AS tp_count FROM `carsource` LIMIT 1   [ RunTime:0.000120s ]
SQL: SELECT * FROM `carsource` LIMIT 0,10   [ RunTime:0.000127s ]
INFO: [ view_parse ] --START--
NOTIC: [8] Undefined index: nickname /home/wwwroot/default/Ucar/Runtime/Cache/26c9c303296adbc6df45852f841e7e2e.php 第 143 行.
NOTIC: [8] Undefined index: userscount /home/wwwroot/default/Ucar/Runtime/Cache/26c9c303296adbc6df45852f841e7e2e.php 第 147 行.
NOTIC: [8] Undefined index: nickname /home/wwwroot/default/Ucar/Runtime/Cache/26c9c303296adbc6df45852f841e7e2e.php 第 143 行.
NOTIC: [8] Undefined index: userscount /home/wwwroot/default/Ucar/Runtime/Cache/26c9c303296adbc6df45852f841e7e2e.php 第 147 行.
NOTIC: [8] Undefined index: nickname /home/wwwroot/default/Ucar/Runtime/Cache/26c9c303296adbc6df45852f841e7e2e.php 第 143 行.
NOTIC: [8] Undefined index: userscount /home/wwwroot/default/Ucar/Runtime/Cache/26c9c303296adbc6df45852f841e7e2e.php 第 147 行.
NOTIC: [8] Undefined index: nickname /home/wwwroot/default/Ucar/Runtime/Cache/26c9c303296adbc6df45852f841e7e2e.php 第 143 行.
NOTIC: [8] Undefined index: userscount /home/wwwroot/default/Ucar/Runtime/Cache/26c9c303296adbc6df45852f841e7e2e.php 第 147 行.
NOTIC: [8] Undefined index: nickname /home/wwwroot/default/Ucar/Runtime/Cache/26c9c303296adbc6df45852f841e7e2e.php 第 143 行.
NOTIC: [8] Undefined index: userscount /home/wwwroot/default/Ucar/Runtime/Cache/26c9c303296adbc6df45852f841e7e2e.php 第 147 行.
NOTIC: [8] Undefined index: nickname /home/wwwroot/default/Ucar/Runtime/Cache/26c9c303296adbc6df45852f841e7e2e.php 第 143 行.
NOTIC: [8] Undefined index: userscount /home/wwwroot/default/Ucar/Runtime/Cache/26c9c303296adbc6df45852f841e7e2e.php 第 147 行.
NOTIC: [8] Undefined index: nickname /home/wwwroot/default/Ucar/Runtime/Cache/26c9c303296adbc6df45852f841e7e2e.php 第 143 行.
NOTIC: [8] Undefined index: userscount /home/wwwroot/default/Ucar/Runtime/Cache/26c9c303296adbc6df45852f841e7e2e.php 第 147 行.
NOTIC: [8] Undefined index: nickname /home/wwwroot/default/Ucar/Runtime/Cache/26c9c303296adbc6df45852f841e7e2e.php 第 143 行.
NOTIC: [8] Undefined index: userscount /home/wwwroot/default/Ucar/Runtime/Cache/26c9c303296adbc6df45852f841e7e2e.php 第 147 行.
NOTIC: [8] Undefined index: nickname /home/wwwroot/default/Ucar/Runtime/Cache/26c9c303296adbc6df45852f841e7e2e.php 第 143 行.
NOTIC: [8] Undefined index: userscount /home/wwwroot/default/Ucar/Runtime/Cache/26c9c303296adbc6df45852f841e7e2e.php 第 147 行.
NOTIC: [8] Undefined index: nickname /home/wwwroot/default/Ucar/Runtime/Cache/26c9c303296adbc6df45852f841e7e2e.php 第 143 行.
NOTIC: [8] Undefined index: userscount /home/wwwroot/default/Ucar/Runtime/Cache/26c9c303296adbc6df45852f841e7e2e.php 第 147 行.
INFO: ParseTemplate Behavior ::run [ RunTime:0.010131s ]
INFO: [ view_parse ] --END-- [ RunTime:0.010192s ]
INFO: [ view_filter ] --START--
INFO: ContentReplace Behavior ::run [ RunTime:0.000418s ]
INFO: TokenBuild Behavior ::run [ RunTime:0.000518s ]
INFO: WriteHtmlCache Behavior ::run [ RunTime:0.000296s ]
INFO: ShowRuntime Behavior ::run [ RunTime:0.000531s ]
INFO: [ view_filter ] --END-- [ RunTime:0.002163s ]
INFO: [ view_end ] --START--
INFO: ShowPageTrace Behavior ::run [ RunTime:0.000572s ]
INFO: [ view_end ] --END-- [ RunTime:0.000633s ]

[ 2016-11-11T18:17:50+08:00 ] 112.3.203.4 /Ucar/index.php?m=Admin
INFO: [ app_begin ] --START--
INFO: ReadHtmlCache Behavior ::run [ RunTime:0.000553s ]
INFO: [ app_begin ] --END-- [ RunTime:0.000653s ]
NOTIC: [8] Undefined index: admin /home/wwwroot/default/Ucar/Application/Lib/Action/AdminAction.class.php 第 12 行.
INFO: [ view_parse ] --START--
INFO: ParseTemplate Behavior ::run [ RunTime:0.008985s ]
INFO: [ view_parse ] --END-- [ RunTime:0.009073s ]
INFO: [ view_filter ] --START--
INFO: ContentReplace Behavior ::run [ RunTime:0.000365s ]
INFO: TokenBuild Behavior ::run [ RunTime:0.000372s ]
INFO: WriteHtmlCache Behavior ::run [ RunTime:0.000258s ]
INFO: ShowRuntime Behavior ::run [ RunTime:0.000434s ]
INFO: [ view_filter ] --END-- [ RunTime:0.001612s ]
INFO: [ view_end ] --START--
INFO: ShowPageTrace Behavior ::run [ RunTime:0.000537s ]
INFO: [ view_end ] --END-- [ RunTime:0.000584s ]

[ 2016-11-11T18:17:54+08:00 ] 112.3.203.4 /Ucar/index.php?m=Shop&a=showpayorder
INFO: [ app_begin ] --START--
INFO: ReadHtmlCache Behavior ::run [ RunTime:0.000606s ]
INFO: [ app_begin ] --END-- [ RunTime:0.000696s ]
NOTIC: [8] Undefined index: admin /home/wwwroot/default/Ucar/Application/Lib/Action/ShopAction.class.php 第 224 行.
INFO: [ view_parse ] --START--
NOTIC: [8] Undefined variable: data /home/wwwroot/default/Ucar/Runtime/Cache/f01b0045b7f9e152de5f115ba0a6e336.php 第 136 行.
NOTIC: [8] Undefined variable: page /home/wwwroot/default/Ucar/Runtime/Cache/f01b0045b7f9e152de5f115ba0a6e336.php 第 140 行.
INFO: ParseTemplate Behavior ::run [ RunTime:0.009259s ]
INFO: [ view_parse ] --END-- [ RunTime:0.009326s ]
INFO: [ view_filter ] --START--
INFO: ContentReplace Behavior ::run [ RunTime:0.000403s ]
INFO: TokenBuild Behavior ::run [ RunTime:0.000395s ]
INFO: WriteHtmlCache Behavior ::run [ RunTime:0.000254s ]
INFO: ShowRuntime Behavior ::run [ RunTime:0.000452s ]
INFO: [ view_filter ] --END-- [ RunTime:0.001648s ]
INFO: [ view_end ] --START--
INFO: ShowPageTrace Behavior ::run [ RunTime:0.000556s ]
INFO: [ view_end ] --END-- [ RunTime:0.000605s ]

[ 2016-11-11T18:17:56+08:00 ] 112.3.203.4 /Ucar/index.php?m=Activity&a=showactivity
INFO: [ app_begin ] --START--
INFO: ReadHtmlCache Behavior ::run [ RunTime:0.000512s ]
INFO: [ app_begin ] --END-- [ RunTime:0.000600s ]
NOTIC: [8] Undefined index: admin /home/wwwroot/default/Ucar/Application/Lib/Action/ActivityAction.class.php 第 39 行.
SQL: SHOW COLUMNS FROM `activityinfo` [ RunTime:0.000707s ]
SQL: SELECT COUNT(*) AS tp_count FROM `activityinfo` WHERE ( `flag` = 1 ) LIMIT 1   [ RunTime:0.000116s ]
SQL: SELECT * FROM `activityinfo` WHERE ( `flag` = 1 ) LIMIT 0,10   [ RunTime:0.000170s ]
INFO: [ view_parse ] --START--
INFO: ParseTemplate Behavior ::run [ RunTime:0.009955s ]
INFO: [ view_parse ] --END-- [ RunTime:0.010028s ]
INFO: [ view_filter ] --START--
INFO: ContentReplace Behavior ::run [ RunTime:0.000389s ]
INFO: TokenBuild Behavior ::run [ RunTime:0.000373s ]
INFO: WriteHtmlCache Behavior ::run [ RunTime:0.000251s ]
INFO: ShowRuntime Behavior ::run [ RunTime:0.000735s ]
INFO: [ view_filter ] --END-- [ RunTime:0.001896s ]
INFO: [ view_end ] --START--
INFO: ShowPageTrace Behavior ::run [ RunTime:0.000591s ]
INFO: [ view_end ] --END-- [ RunTime:0.000647s ]

[ 2016-11-11T18:17:58+08:00 ] 112.3.203.4 /Ucar/index.php?m=Activity&a=showactivity
INFO: [ app_begin ] --START--
INFO: ReadHtmlCache Behavior ::run [ RunTime:0.000481s ]
INFO: [ app_begin ] --END-- [ RunTime:0.000565s ]
NOTIC: [8] Undefined index: admin /home/wwwroot/default/Ucar/Application/Lib/Action/ActivityAction.class.php 第 39 行.
SQL: SHOW COLUMNS FROM `activityinfo` [ RunTime:0.000688s ]
SQL: SELECT COUNT(*) AS tp_count FROM `activityinfo` WHERE ( `flag` = 1 ) LIMIT 1   [ RunTime:0.000116s ]
SQL: SELECT * FROM `activityinfo` WHERE ( `flag` = 1 ) LIMIT 0,10   [ RunTime:0.000146s ]
INFO: [ view_parse ] --START--
INFO: ParseTemplate Behavior ::run [ RunTime:0.009558s ]
INFO: [ view_parse ] --END-- [ RunTime:0.009632s ]
INFO: [ view_filter ] --START--
INFO: ContentReplace Behavior ::run [ RunTime:0.000419s ]
INFO: TokenBuild Behavior ::run [ RunTime:0.000354s ]
INFO: WriteHtmlCache Behavior ::run [ RunTime:0.000253s ]
INFO: ShowRuntime Behavior ::run [ RunTime:0.000451s ]
INFO: [ view_filter ] --END-- [ RunTime:0.001624s ]
INFO: [ view_end ] --START--
INFO: ShowPageTrace Behavior ::run [ RunTime:0.000595s ]
INFO: [ view_end ] --END-- [ RunTime:0.000650s ]

[ 2016-11-11T18:19:15+08:00 ] 112.3.203.4 /Ucar/index.php?m=Activity&a=showactivity
INFO: [ app_begin ] --START--
INFO: ReadHtmlCache Behavior ::run [ RunTime:0.000530s ]
INFO: [ app_begin ] --END-- [ RunTime:0.000617s ]
SQL: SHOW COLUMNS FROM `activityinfo` [ RunTime:0.000701s ]
SQL: SELECT COUNT(*) AS tp_count FROM `activityinfo` WHERE ( `flag` = 1 ) LIMIT 1   [ RunTime:0.000116s ]
SQL: SELECT * FROM `activityinfo` WHERE ( `flag` = 1 ) LIMIT 0,10   [ RunTime:0.000145s ]
INFO: [ view_parse ] --START--
NOTIC: [8] Undefined variable: admin /home/wwwroot/default/Ucar/Runtime/Cache/4b25651df6017047518be44724f66f53.php 第 34 行.
INFO: ParseTemplate Behavior ::run [ RunTime:0.011825s ]
INFO: [ view_parse ] --END-- [ RunTime:0.011893s ]
INFO: [ view_filter ] --START--
INFO: ContentReplace Behavior ::run [ RunTime:0.000427s ]
INFO: TokenBuild Behavior ::run [ RunTime:0.000350s ]
INFO: WriteHtmlCache Behavior ::run [ RunTime:0.000251s ]
INFO: ShowRuntime Behavior ::run [ RunTime:0.000454s ]
INFO: [ view_filter ] --END-- [ RunTime:0.001632s ]
INFO: [ view_end ] --START--
INFO: ShowPageTrace Behavior ::run [ RunTime:0.000595s ]
INFO: [ view_end ] --END-- [ RunTime:0.000653s ]

[ 2016-11-11T18:19:55+08:00 ] 112.3.203.4 /Ucar/index.php?m=Wap&a=showuserjudge
INFO: [ app_begin ] --START--
INFO: ReadHtmlCache Behavior ::run [ RunTime:0.000568s ]
INFO: [ app_begin ] --END-- [ RunTime:0.000660s ]
NOTIC: [8] Undefined index: admin /home/wwwroot/default/Ucar/Application/Lib/Action/WapAction.class.php 第 219 行.
SQL: SHOW COLUMNS FROM `userjudge` [ RunTime:0.000682s ]
SQL: SELECT COUNT(*) AS tp_count FROM `userjudge` LIMIT 1   [ RunTime:0.000119s ]
SQL: SELECT * FROM `userjudge` LIMIT 0,10   [ RunTime:0.000103s ]
INFO: [ view_parse ] --START--
INFO: ParseTemplate Behavior ::run [ RunTime:0.009217s ]
INFO: [ view_parse ] --END-- [ RunTime:0.009288s ]
INFO: [ view_filter ] --START--
INFO: ContentReplace Behavior ::run [ RunTime:0.000348s ]
INFO: TokenBuild Behavior ::run [ RunTime:0.000369s ]
INFO: WriteHtmlCache Behavior ::run [ RunTime:0.000248s ]
INFO: ShowRuntime Behavior ::run [ RunTime:0.000489s ]
INFO: [ view_filter ] --END-- [ RunTime:0.001618s ]
INFO: [ view_end ] --START--
INFO: ShowPageTrace Behavior ::run [ RunTime:0.000552s ]
INFO: [ view_end ] --END-- [ RunTime:0.000603s ]

[ 2016-11-11T18:37:49+08:00 ] 223.104.4.239 /Ucar/index.php?m=Phone&a=suggest&openid=o71k5w4PMzwkV6q2DhO1RL-gt7BI
INFO: [ app_begin ] --START--
INFO: ReadHtmlCache Behavior ::run [ RunTime:0.000609s ]
INFO: [ app_begin ] --END-- [ RunTime:0.000714s ]
SQL: SHOW COLUMNS FROM `usersuggest` [ RunTime:0.000777s ]
SQL: SELECT * FROM `usersuggest` WHERE ( `openid` = 'o71k5w4PMzwkV6q2DhO1RL-gt7BI' )  [ RunTime:0.000386s ]
INFO: [ view_parse ] --START--
INFO: ParseTemplate Behavior ::run [ RunTime:0.006044s ]
INFO: [ view_parse ] --END-- [ RunTime:0.006111s ]
INFO: [ view_filter ] --START--
INFO: ContentReplace Behavior ::run [ RunTime:0.000337s ]
INFO: TokenBuild Behavior ::run [ RunTime:0.000364s ]
INFO: WriteHtmlCache Behavior ::run [ RunTime:0.000255s ]
INFO: ShowRuntime Behavior ::run [ RunTime:0.000431s ]
INFO: [ view_filter ] --END-- [ RunTime:0.001533s ]
INFO: [ view_end ] --START--
INFO: ShowPageTrace Behavior ::run [ RunTime:0.000536s ]
INFO: [ view_end ] --END-- [ RunTime:0.000584s ]

[ 2016-11-11T18:38:00+08:00 ] 223.104.4.239 /Ucar/index.php?m=Phone&a=carhave&openid=o71k5w4PMzwkV6q2DhO1RL-gt7BI
INFO: [ app_begin ] --START--
INFO: ReadHtmlCache Behavior ::run [ RunTime:0.000526s ]
INFO: [ app_begin ] --END-- [ RunTime:0.000617s ]
SQL: SHOW COLUMNS FROM `userwechatinfo` [ RunTime:0.001100s ]
SQL: SELECT * FROM `userwechatinfo` WHERE ( `openid` = 'o71k5w4PMzwkV6q2DhO1RL-gt7BI' )  [ RunTime:0.000131s ]
INFO: [ view_parse ] --START--
INFO: ParseTemplate Behavior ::run [ RunTime:0.006890s ]
INFO: [ view_parse ] --END-- [ RunTime:0.006973s ]
INFO: [ view_filter ] --START--
INFO: ContentReplace Behavior ::run [ RunTime:0.000358s ]
INFO: TokenBuild Behavior ::run [ RunTime:0.000336s ]
INFO: WriteHtmlCache Behavior ::run [ RunTime:0.000257s ]
INFO: ShowRuntime Behavior ::run [ RunTime:0.000429s ]
INFO: [ view_filter ] --END-- [ RunTime:0.001522s ]
INFO: [ view_end ] --START--
INFO: ShowPageTrace Behavior ::run [ RunTime:0.000558s ]
INFO: [ view_end ] --END-- [ RunTime:0.000607s ]

[ 2016-11-11T18:38:06+08:00 ] 223.104.4.239 /Ucar/index.php?m=Phoneshop&a=showphonemap
INFO: [ app_begin ] --START--
INFO: ReadHtmlCache Behavior ::run [ RunTime:0.000503s ]
INFO: [ app_begin ] --END-- [ RunTime:0.000587s ]
SQL: SHOW COLUMNS FROM `baidulogo` [ RunTime:0.000813s ]
SQL: SELECT * FROM `baidulogo` WHERE ( `flag` = 1 )  [ RunTime:0.000151s ]
INFO: [ view_parse ] --START--
INFO: ParseTemplate Behavior ::run [ RunTime:0.026245s ]
INFO: [ view_parse ] --END-- [ RunTime:0.026330s ]
INFO: [ view_filter ] --START--
INFO: ContentReplace Behavior ::run [ RunTime:0.000460s ]
INFO: TokenBuild Behavior ::run [ RunTime:0.000356s ]
INFO: WriteHtmlCache Behavior ::run [ RunTime:0.000295s ]
INFO: ShowRuntime Behavior ::run [ RunTime:0.000496s ]
INFO: [ view_filter ] --END-- [ RunTime:0.001761s ]
INFO: [ view_end ] --START--
INFO: ShowPageTrace Behavior ::run [ RunTime:0.000605s ]
INFO: [ view_end ] --END-- [ RunTime:0.000654s ]

[ 2016-11-11T18:38:07+08:00 ] 101.226.125.103 /Ucar/index.php?m=Phone&a=suggest&openid=o71k5w4PMzwkV6q2DhO1RL-gt7BI
INFO: [ app_begin ] --START--
INFO: ReadHtmlCache Behavior ::run [ RunTime:0.000492s ]
INFO: [ app_begin ] --END-- [ RunTime:0.000580s ]
SQL: SHOW COLUMNS FROM `usersuggest` [ RunTime:0.000708s ]
SQL: SELECT * FROM `usersuggest` WHERE ( `openid` = 'o71k5w4PMzwkV6q2DhO1RL-gt7BI' )  [ RunTime:0.000133s ]
INFO: [ view_parse ] --START--
INFO: ParseTemplate Behavior ::run [ RunTime:0.006700s ]
INFO: [ view_parse ] --END-- [ RunTime:0.006775s ]
INFO: [ view_filter ] --START--
INFO: ContentReplace Behavior ::run [ RunTime:0.000346s ]
INFO: TokenBuild Behavior ::run [ RunTime:0.000365s ]
INFO: WriteHtmlCache Behavior ::run [ RunTime:0.000255s ]
INFO: ShowRuntime Behavior ::run [ RunTime:0.000431s ]
INFO: [ view_filter ] --END-- [ RunTime:0.001538s ]
INFO: [ view_end ] --START--
INFO: ShowPageTrace Behavior ::run [ RunTime:0.000542s ]
INFO: [ view_end ] --END-- [ RunTime:0.000588s ]

[ 2016-11-11T18:38:17+08:00 ] 223.104.4.239 /Ucar/index.php?m=Phoneshop&a=showphonemap
INFO: [ app_begin ] --START--
INFO: ReadHtmlCache Behavior ::run [ RunTime:0.000830s ]
INFO: [ app_begin ] --END-- [ RunTime:0.000936s ]
SQL: SHOW COLUMNS FROM `baidulogo` [ RunTime:0.000719s ]
SQL: SELECT * FROM `baidulogo` WHERE ( `flag` = 1 )  [ RunTime:0.000200s ]
INFO: [ view_parse ] --START--
INFO: ParseTemplate Behavior ::run [ RunTime:0.007625s ]
INFO: [ view_parse ] --END-- [ RunTime:0.007706s ]
INFO: [ view_filter ] --START--
INFO: ContentReplace Behavior ::run [ RunTime:0.000349s ]
INFO: TokenBuild Behavior ::run [ RunTime:0.000413s ]
INFO: WriteHtmlCache Behavior ::run [ RunTime:0.000253s ]
INFO: ShowRuntime Behavior ::run [ RunTime:0.000410s ]
INFO: [ view_filter ] --END-- [ RunTime:0.001572s ]
INFO: [ view_end ] --START--
INFO: ShowPageTrace Behavior ::run [ RunTime:0.000533s ]
INFO: [ view_end ] --END-- [ RunTime:0.000583s ]

[ 2016-11-11T18:40:02+08:00 ] 223.104.4.239 /Ucar/index.php?m=Phoneshop&a=showphonemap
INFO: [ app_begin ] --START--
INFO: ReadHtmlCache Behavior ::run [ RunTime:0.000533s ]
INFO: [ app_begin ] --END-- [ RunTime:0.000614s ]
SQL: SHOW COLUMNS FROM `baidulogo` [ RunTime:0.000664s ]
SQL: SELECT * FROM `baidulogo` WHERE ( `flag` = 1 )  [ RunTime:0.000126s ]
INFO: [ view_parse ] --START--
INFO: ParseTemplate Behavior ::run [ RunTime:0.007540s ]
INFO: [ view_parse ] --END-- [ RunTime:0.007607s ]
INFO: [ view_filter ] --START--
INFO: ContentReplace Behavior ::run [ RunTime:0.000490s ]
INFO: TokenBuild Behavior ::run [ RunTime:0.000364s ]
INFO: WriteHtmlCache Behavior ::run [ RunTime:0.000250s ]
INFO: ShowRuntime Behavior ::run [ RunTime:0.000408s ]
INFO: [ view_filter ] --END-- [ RunTime:0.001666s ]
INFO: [ view_end ] --START--
INFO: ShowPageTrace Behavior ::run [ RunTime:0.000569s ]
INFO: [ view_end ] --END-- [ RunTime:0.000620s ]

[ 2016-11-11T18:40:09+08:00 ] 223.104.4.239 /Ucar/index.php?m=Phoneshop&a=showphonemap
INFO: [ app_begin ] --START--
INFO: ReadHtmlCache Behavior ::run [ RunTime:0.000489s ]
INFO: [ app_begin ] --END-- [ RunTime:0.000577s ]
SQL: SHOW COLUMNS FROM `baidulogo` [ RunTime:0.000671s ]
SQL: SELECT * FROM `baidulogo` WHERE ( `flag` = 1 )  [ RunTime:0.000128s ]
INFO: [ view_parse ] --START--
INFO: ParseTemplate Behavior ::run [ RunTime:0.007419s ]
INFO: [ view_parse ] --END-- [ RunTime:0.007485s ]
INFO: [ view_filter ] --START--
INFO: ContentReplace Behavior ::run [ RunTime:0.000369s ]
INFO: TokenBuild Behavior ::run [ RunTime:0.000336s ]
INFO: WriteHtmlCache Behavior ::run [ RunTime:0.000247s ]
INFO: ShowRuntime Behavior ::run [ RunTime:0.000434s ]
INFO: [ view_filter ] --END-- [ RunTime:0.001531s ]
INFO: [ view_end ] --START--
INFO: ShowPageTrace Behavior ::run [ RunTime:0.000571s ]
INFO: [ view_end ] --END-- [ RunTime:0.000619s ]

[ 2016-11-11T20:47:44+08:00 ] 49.80.79.30 /Ucar/index.php?m=Index
INFO: [ app_begin ] --START--
INFO: ReadHtmlCache Behavior ::run [ RunTime:0.000498s ]
INFO: [ app_begin ] --END-- [ RunTime:0.000586s ]
INFO: [ view_parse ] --START--
INFO: ParseTemplate Behavior ::run [ RunTime:0.006321s ]
INFO: [ view_parse ] --END-- [ RunTime:0.006455s ]
INFO: [ view_filter ] --START--
INFO: ContentReplace Behavior ::run [ RunTime:0.000336s ]
INFO: TokenBuild Behavior ::run [ RunTime:0.000338s ]
INFO: WriteHtmlCache Behavior ::run [ RunTime:0.000269s ]
INFO: ShowRuntime Behavior ::run [ RunTime:0.000408s ]
INFO: [ view_filter ] --END-- [ RunTime:0.001495s ]
INFO: [ view_end ] --START--
INFO: ShowPageTrace Behavior ::run [ RunTime:0.000566s ]
INFO: [ view_end ] --END-- [ RunTime:0.000614s ]

[ 2016-11-11T20:49:11+08:00 ] 49.80.79.30 /Ucar/index.php?m=Phoneshop&a=showphonemap
INFO: [ app_begin ] --START--
INFO: ReadHtmlCache Behavior ::run [ RunTime:0.000628s ]
INFO: [ app_begin ] --END-- [ RunTime:0.000724s ]
SQL: SHOW COLUMNS FROM `baidulogo` [ RunTime:0.000785s ]
SQL: SELECT * FROM `baidulogo` WHERE ( `flag` = 1 )  [ RunTime:0.000135s ]
INFO: [ view_parse ] --START--
INFO: ParseTemplate Behavior ::run [ RunTime:0.007667s ]
INFO: [ view_parse ] --END-- [ RunTime:0.007755s ]
INFO: [ view_filter ] --START--
INFO: ContentReplace Behavior ::run [ RunTime:0.000376s ]
INFO: TokenBuild Behavior ::run [ RunTime:0.000347s ]
INFO: WriteHtmlCache Behavior ::run [ RunTime:0.000283s ]
INFO: ShowRuntime Behavior ::run [ RunTime:0.000419s ]
INFO: [ view_filter ] --END-- [ RunTime:0.001569s ]
INFO: [ view_end ] --START--
INFO: ShowPageTrace Behavior ::run [ RunTime:0.000600s ]
INFO: [ view_end ] --END-- [ RunTime:0.000648s ]

[ 2016-11-11T20:49:24+08:00 ] 49.80.79.30 /Ucar/index.php?m=Phoneshop&a=index&carsource=%E8%8B%8F%E5%B7%9E%E5%A5%94%E9%A9%B04s
INFO: [ app_begin ] --START--
INFO: ReadHtmlCache Behavior ::run [ RunTime:0.000582s ]
INFO: [ app_begin ] --END-- [ RunTime:0.000688s ]
SQL: SHOW COLUMNS FROM `shopinfo` [ RunTime:0.000780s ]
SQL: SELECT * FROM `shopinfo` WHERE ( `flag` = 1 ) AND ( `comefrom` = '苏州奔驰4s' ) ORDER BY time desc  [ RunTime:0.000111s ]
SQL: SELECT * FROM `shopinfo` WHERE ( `flag` = 1 ) AND ( `comefrom` = '苏州奔驰4s' ) ORDER BY price desc  [ RunTime:0.000105s ]
SQL: SHOW COLUMNS FROM `lunbo` [ RunTime:0.000504s ]
SQL: SELECT * FROM `lunbo` ORDER BY time desc  [ RunTime:0.000098s ]
INFO: [ view_parse ] --START--
NOTIC: [8] Undefined variable: data2 /home/wwwroot/default/Ucar/Runtime/Cache/e2deee1c3857c202697f3c012079745c.php 第 74 行.
INFO: ParseTemplate Behavior ::run [ RunTime:0.011243s ]
INFO: [ view_parse ] --END-- [ RunTime:0.011315s ]
INFO: [ view_filter ] --START--
INFO: ContentReplace Behavior ::run [ RunTime:0.000348s ]
INFO: TokenBuild Behavior ::run [ RunTime:0.000360s ]
INFO: WriteHtmlCache Behavior ::run [ RunTime:0.000261s ]
INFO: ShowRuntime Behavior ::run [ RunTime:0.000415s ]
INFO: [ view_filter ] --END-- [ RunTime:0.001567s ]
INFO: [ view_end ] --START--
INFO: ShowPageTrace Behavior ::run [ RunTime:0.000583s ]
INFO: [ view_end ] --END-- [ RunTime:0.000643s ]

[ 2016-11-11T20:49:35+08:00 ] 49.80.79.30 /Ucar/index.php?m=Phone&a=suggest&openid=o71k5w8Ktn-4EYz8rWGijKW54vy8
INFO: [ app_begin ] --START--
INFO: ReadHtmlCache Behavior ::run [ RunTime:0.000495s ]
INFO: [ app_begin ] --END-- [ RunTime:0.000582s ]
SQL: SHOW COLUMNS FROM `usersuggest` [ RunTime:0.000752s ]
SQL: SELECT * FROM `usersuggest` WHERE ( `openid` = 'o71k5w8Ktn-4EYz8rWGijKW54vy8' )  [ RunTime:0.000343s ]
INFO: [ view_parse ] --START--
INFO: ParseTemplate Behavior ::run [ RunTime:0.006056s ]
INFO: [ view_parse ] --END-- [ RunTime:0.006145s ]
INFO: [ view_filter ] --START--
INFO: ContentReplace Behavior ::run [ RunTime:0.000331s ]
INFO: TokenBuild Behavior ::run [ RunTime:0.000341s ]
INFO: WriteHtmlCache Behavior ::run [ RunTime:0.000278s ]
INFO: ShowRuntime Behavior ::run [ RunTime:0.000430s ]
INFO: [ view_filter ] --END-- [ RunTime:0.001529s ]
INFO: [ view_end ] --START--
INFO: ShowPageTrace Behavior ::run [ RunTime:0.000618s ]
INFO: [ view_end ] --END-- [ RunTime:0.000666s ]

[ 2016-11-11T20:49:43+08:00 ] 180.153.206.20 /Ucar/index.php?m=Phoneshop&a=index&carsource=%E8%8B%8F%E5%B7%9E%E5%A5%94%E9%A9%B04s
INFO: [ app_begin ] --START--
INFO: ReadHtmlCache Behavior ::run [ RunTime:0.000550s ]
INFO: [ app_begin ] --END-- [ RunTime:0.000634s ]
SQL: SHOW COLUMNS FROM `shopinfo` [ RunTime:0.000711s ]
SQL: SELECT * FROM `shopinfo` WHERE ( `flag` = 1 ) AND ( `comefrom` = '苏州奔驰4s' ) ORDER BY time desc  [ RunTime:0.000129s ]
SQL: SELECT * FROM `shopinfo` WHERE ( `flag` = 1 ) AND ( `comefrom` = '苏州奔驰4s' ) ORDER BY price desc  [ RunTime:0.000099s ]
SQL: SHOW COLUMNS FROM `lunbo` [ RunTime:0.000462s ]
SQL: SELECT * FROM `lunbo` ORDER BY time desc  [ RunTime:0.000095s ]
INFO: [ view_parse ] --START--
NOTIC: [8] Undefined variable: data2 /home/wwwroot/default/Ucar/Runtime/Cache/e2deee1c3857c202697f3c012079745c.php 第 74 行.
INFO: ParseTemplate Behavior ::run [ RunTime:0.010564s ]
INFO: [ view_parse ] --END-- [ RunTime:0.010621s ]
INFO: [ view_filter ] --START--
INFO: ContentReplace Behavior ::run [ RunTime:0.000334s ]
INFO: TokenBuild Behavior ::run [ RunTime:0.000362s ]
INFO: WriteHtmlCache Behavior ::run [ RunTime:0.000249s ]
INFO: ShowRuntime Behavior ::run [ RunTime:0.000400s ]
INFO: [ view_filter ] --END-- [ RunTime:0.001512s ]
INFO: [ view_end ] --START--
INFO: ShowPageTrace Behavior ::run [ RunTime:0.000529s ]
INFO: [ view_end ] --END-- [ RunTime:0.000578s ]

[ 2016-11-11T20:49:50+08:00 ] 49.80.79.30 /Ucar/index.php?m=Phone&a=carhave&openid=o71k5w8Ktn-4EYz8rWGijKW54vy8
INFO: [ app_begin ] --START--
INFO: ReadHtmlCache Behavior ::run [ RunTime:0.000795s ]
INFO: [ app_begin ] --END-- [ RunTime:0.000912s ]
SQL: SHOW COLUMNS FROM `userwechatinfo` [ RunTime:0.000869s ]
SQL: SELECT * FROM `userwechatinfo` WHERE ( `openid` = 'o71k5w8Ktn-4EYz8rWGijKW54vy8' )  [ RunTime:0.000119s ]
INFO: [ view_parse ] --START--
INFO: ParseTemplate Behavior ::run [ RunTime:0.007403s ]
INFO: [ view_parse ] --END-- [ RunTime:0.007505s ]
INFO: [ view_filter ] --START--
INFO: ContentReplace Behavior ::run [ RunTime:0.000352s ]
INFO: TokenBuild Behavior ::run [ RunTime:0.000401s ]
INFO: WriteHtmlCache Behavior ::run [ RunTime:0.000286s ]
INFO: ShowRuntime Behavior ::run [ RunTime:0.000454s ]
INFO: [ view_filter ] --END-- [ RunTime:0.001664s ]
INFO: [ view_end ] --START--
INFO: ShowPageTrace Behavior ::run [ RunTime:0.000589s ]
INFO: [ view_end ] --END-- [ RunTime:0.000642s ]

[ 2016-11-11T20:49:51+08:00 ] 180.153.201.66 /Ucar/index.php?m=Phone&a=suggest&openid=o71k5w8Ktn-4EYz8rWGijKW54vy8
INFO: [ app_begin ] --START--
INFO: ReadHtmlCache Behavior ::run [ RunTime:0.000498s ]
INFO: [ app_begin ] --END-- [ RunTime:0.000576s ]
SQL: SHOW COLUMNS FROM `usersuggest` [ RunTime:0.000686s ]
SQL: SELECT * FROM `usersuggest` WHERE ( `openid` = 'o71k5w8Ktn-4EYz8rWGijKW54vy8' )  [ RunTime:0.000134s ]
INFO: [ view_parse ] --START--
INFO: ParseTemplate Behavior ::run [ RunTime:0.006022s ]
INFO: [ view_parse ] --END-- [ RunTime:0.006092s ]
INFO: [ view_filter ] --START--
INFO: ContentReplace Behavior ::run [ RunTime:0.000367s ]
INFO: TokenBuild Behavior ::run [ RunTime:0.000350s ]
INFO: WriteHtmlCache Behavior ::run [ RunTime:0.000269s ]
INFO: ShowRuntime Behavior ::run [ RunTime:0.000436s ]
INFO: [ view_filter ] --END-- [ RunTime:0.001571s ]
INFO: [ view_end ] --START--
INFO: ShowPageTrace Behavior ::run [ RunTime:0.000598s ]
INFO: [ view_end ] --END-- [ RunTime:0.000647s ]

[ 2016-11-11T20:50:01+08:00 ] 49.80.79.30 /Ucar/index.php?m=Phone&a=showactivity
INFO: [ app_begin ] --START--
INFO: ReadHtmlCache Behavior ::run [ RunTime:0.000518s ]
INFO: [ app_begin ] --END-- [ RunTime:0.000606s ]
SQL: SHOW COLUMNS FROM `activityinfo` [ RunTime:0.013913s ]
SQL: SELECT * FROM `activityinfo` WHERE ( `flag` = 1 ) ORDER BY time desc LIMIT 1   [ RunTime:0.000152s ]
SQL: SELECT * FROM `activityinfo` WHERE ( `flag` = 1 ) ORDER BY time desc  [ RunTime:0.000116s ]
INFO: [ view_parse ] --START--
INFO: ParseTemplate Behavior ::run [ RunTime:0.008147s ]
INFO: [ view_parse ] --END-- [ RunTime:0.008216s ]
INFO: [ view_filter ] --START--
INFO: ContentReplace Behavior ::run [ RunTime:0.000354s ]
INFO: TokenBuild Behavior ::run [ RunTime:0.000344s ]
INFO: WriteHtmlCache Behavior ::run [ RunTime:0.000281s ]
INFO: ShowRuntime Behavior ::run [ RunTime:0.000415s ]
INFO: [ view_filter ] --END-- [ RunTime:0.001544s ]
INFO: [ view_end ] --START--
INFO: ShowPageTrace Behavior ::run [ RunTime:0.000599s ]
INFO: [ view_end ] --END-- [ RunTime:0.000648s ]

[ 2016-11-11T20:50:04+08:00 ] 101.226.65.108 /Ucar/index.php?m=Phone&a=carhave&openid=o71k5w8Ktn-4EYz8rWGijKW54vy8
INFO: [ app_begin ] --START--
INFO: ReadHtmlCache Behavior ::run [ RunTime:0.000548s ]
INFO: [ app_begin ] --END-- [ RunTime:0.000633s ]
SQL: SHOW COLUMNS FROM `userwechatinfo` [ RunTime:0.000787s ]
SQL: SELECT * FROM `userwechatinfo` WHERE ( `openid` = 'o71k5w8Ktn-4EYz8rWGijKW54vy8' )  [ RunTime:0.000136s ]
INFO: [ view_parse ] --START--
INFO: ParseTemplate Behavior ::run [ RunTime:0.006298s ]
INFO: [ view_parse ] --END-- [ RunTime:0.006364s ]
INFO: [ view_filter ] --START--
INFO: ContentReplace Behavior ::run [ RunTime:0.000349s ]
INFO: TokenBuild Behavior ::run [ RunTime:0.000375s ]
INFO: WriteHtmlCache Behavior ::run [ RunTime:0.000250s ]
INFO: ShowRuntime Behavior ::run [ RunTime:0.000462s ]
INFO: [ view_filter ] --END-- [ RunTime:0.001597s ]
INFO: [ view_end ] --START--
INFO: ShowPageTrace Behavior ::run [ RunTime:0.000540s ]
INFO: [ view_end ] --END-- [ RunTime:0.000587s ]

[ 2016-11-11T20:50:07+08:00 ] 49.80.79.30 /Ucar/index.php?m=Phone&a=showlatest
INFO: [ app_begin ] --START--
INFO: ReadHtmlCache Behavior ::run [ RunTime:0.000504s ]
INFO: [ app_begin ] --END-- [ RunTime:0.000615s ]
SQL: SHOW COLUMNS FROM `activityinfo` [ RunTime:0.000708s ]
SQL: SELECT * FROM `activityinfo` WHERE ( `flag` = 1 ) ORDER BY time desc LIMIT 1   [ RunTime:0.000152s ]
INFO: [ view_parse ] --START--
INFO: ParseTemplate Behavior ::run [ RunTime:0.005560s ]
INFO: [ view_parse ] --END-- [ RunTime:0.005647s ]
INFO: [ view_filter ] --START--
INFO: ContentReplace Behavior ::run [ RunTime:0.000377s ]
INFO: TokenBuild Behavior ::run [ RunTime:0.000343s ]
INFO: WriteHtmlCache Behavior ::run [ RunTime:0.000249s ]
INFO: ShowRuntime Behavior ::run [ RunTime:0.000438s ]
INFO: [ view_filter ] --END-- [ RunTime:0.001552s ]
INFO: [ view_end ] --START--
INFO: ShowPageTrace Behavior ::run [ RunTime:0.000565s ]
INFO: [ view_end ] --END-- [ RunTime:0.000616s ]

[ 2016-11-11T20:50:16+08:00 ] 101.226.33.206 /Ucar/index.php?m=Phone&a=showlatest
INFO: [ app_begin ] --START--
INFO: ReadHtmlCache Behavior ::run [ RunTime:0.000624s ]
INFO: [ app_begin ] --END-- [ RunTime:0.000714s ]
SQL: SHOW COLUMNS FROM `activityinfo` [ RunTime:0.000706s ]
SQL: SELECT * FROM `activityinfo` WHERE ( `flag` = 1 ) ORDER BY time desc LIMIT 1   [ RunTime:0.000153s ]
INFO: [ view_parse ] --START--
INFO: ParseTemplate Behavior ::run [ RunTime:0.005523s ]
INFO: [ view_parse ] --END-- [ RunTime:0.005600s ]
INFO: [ view_filter ] --START--
INFO: ContentReplace Behavior ::run [ RunTime:0.000357s ]
INFO: TokenBuild Behavior ::run [ RunTime:0.000339s ]
INFO: WriteHtmlCache Behavior ::run [ RunTime:0.000567s ]
INFO: ShowRuntime Behavior ::run [ RunTime:0.000520s ]
INFO: [ view_filter ] --END-- [ RunTime:0.001969s ]
INFO: [ view_end ] --START--
INFO: ShowPageTrace Behavior ::run [ RunTime:0.000577s ]
INFO: [ view_end ] --END-- [ RunTime:0.000627s ]

[ 2016-11-11T20:50:19+08:00 ] 101.226.66.181 /Ucar/index.php?m=Phone&a=showactivity
INFO: [ app_begin ] --START--
INFO: ReadHtmlCache Behavior ::run [ RunTime:0.000480s ]
INFO: [ app_begin ] --END-- [ RunTime:0.000561s ]
SQL: SHOW COLUMNS FROM `activityinfo` [ RunTime:0.000697s ]
SQL: SELECT * FROM `activityinfo` WHERE ( `flag` = 1 ) ORDER BY time desc LIMIT 1   [ RunTime:0.000174s ]
SQL: SELECT * FROM `activityinfo` WHERE ( `flag` = 1 ) ORDER BY time desc  [ RunTime:0.000116s ]
INFO: [ view_parse ] --START--
INFO: ParseTemplate Behavior ::run [ RunTime:0.007853s ]
INFO: [ view_parse ] --END-- [ RunTime:0.007924s ]
INFO: [ view_filter ] --START--
INFO: ContentReplace Behavior ::run [ RunTime:0.000370s ]
INFO: TokenBuild Behavior ::run [ RunTime:0.000339s ]
INFO: WriteHtmlCache Behavior ::run [ RunTime:0.000257s ]
INFO: ShowRuntime Behavior ::run [ RunTime:0.000430s ]
INFO: [ view_filter ] --END-- [ RunTime:0.001541s ]
INFO: [ view_end ] --START--
INFO: ShowPageTrace Behavior ::run [ RunTime:0.000556s ]
INFO: [ view_end ] --END-- [ RunTime:0.000618s ]

[ 2016-11-11T20:50:24+08:00 ] 49.80.79.30 /Ucar/index.php?m=Shop&a=showshopinfo
INFO: [ app_begin ] --START--
INFO: ReadHtmlCache Behavior ::run [ RunTime:0.000490s ]
INFO: [ app_begin ] --END-- [ RunTime:0.000579s ]
SQL: SHOW COLUMNS FROM `shopinfo` [ RunTime:0.000675s ]
SQL: SELECT COUNT(*) AS tp_count FROM `shopinfo` WHERE ( `flag` = 1 ) LIMIT 1   [ RunTime:0.000113s ]
SQL: SELECT * FROM `shopinfo` WHERE ( `flag` = 1 ) ORDER BY time desc LIMIT 0,5   [ RunTime:0.000112s ]
INFO: [ view_parse ] --START--
INFO: ParseTemplate Behavior ::run [ RunTime:0.010086s ]
INFO: [ view_parse ] --END-- [ RunTime:0.010165s ]
INFO: [ view_filter ] --START--
INFO: ContentReplace Behavior ::run [ RunTime:0.000360s ]
INFO: TokenBuild Behavior ::run [ RunTime:0.000341s ]
INFO: WriteHtmlCache Behavior ::run [ RunTime:0.000273s ]
INFO: ShowRuntime Behavior ::run [ RunTime:0.000470s ]
INFO: [ view_filter ] --END-- [ RunTime:0.001589s ]
INFO: [ view_end ] --START--
INFO: ShowPageTrace Behavior ::run [ RunTime:0.000577s ]
INFO: [ view_end ] --END-- [ RunTime:0.000631s ]

[ 2016-11-11T20:50:26+08:00 ] 49.80.79.30 /Ucar/index.php?m=Shop&a=showmap
INFO: [ app_begin ] --START--
INFO: ReadHtmlCache Behavior ::run [ RunTime:0.000564s ]
INFO: [ app_begin ] --END-- [ RunTime:0.000669s ]
SQL: SHOW COLUMNS FROM `baidulogo` [ RunTime:0.000674s ]
SQL: SELECT * FROM `baidulogo` WHERE ( `flag` = 1 )  [ RunTime:0.000130s ]
INFO: [ view_parse ] --START--
NOTIC: [8] Undefined variable: page /home/wwwroot/default/Ucar/Runtime/Cache/949c4f23246a2a92a1e3c8fcfc9235b3.php 第 145 行.
INFO: ParseTemplate Behavior ::run [ RunTime:0.009940s ]
INFO: [ view_parse ] --END-- [ RunTime:0.010006s ]
INFO: [ view_filter ] --START--
INFO: ContentReplace Behavior ::run [ RunTime:0.000413s ]
INFO: TokenBuild Behavior ::run [ RunTime:0.000354s ]
INFO: WriteHtmlCache Behavior ::run [ RunTime:0.000259s ]
INFO: ShowRuntime Behavior ::run [ RunTime:0.000449s ]
INFO: [ view_filter ] --END-- [ RunTime:0.001633s ]
INFO: [ view_end ] --START--
INFO: ShowPageTrace Behavior ::run [ RunTime:0.000641s ]
INFO: [ view_end ] --END-- [ RunTime:0.000697s ]

[ 2016-11-11T20:50:28+08:00 ] 49.80.79.30 /Ucar/index.php?m=Shop&a=showlunbo
INFO: [ app_begin ] --START--
INFO: ReadHtmlCache Behavior ::run [ RunTime:0.000485s ]
INFO: [ app_begin ] --END-- [ RunTime:0.000568s ]
INFO: [ view_parse ] --START--
INFO: ParseTemplate Behavior ::run [ RunTime:0.007752s ]
INFO: [ view_parse ] --END-- [ RunTime:0.007813s ]
INFO: [ view_filter ] --START--
INFO: ContentReplace Behavior ::run [ RunTime:0.000365s ]
INFO: TokenBuild Behavior ::run [ RunTime:0.000342s ]
INFO: WriteHtmlCache Behavior ::run [ RunTime:0.000247s ]
INFO: ShowRuntime Behavior ::run [ RunTime:0.000440s ]
INFO: [ view_filter ] --END-- [ RunTime:0.001542s ]
INFO: [ view_end ] --START--
INFO: ShowPageTrace Behavior ::run [ RunTime:0.000526s ]
INFO: [ view_end ] --END-- [ RunTime:0.000576s ]

[ 2016-11-11T20:51:25+08:00 ] 49.80.79.30 /Ucar/index.php
INFO: [ app_begin ] --START--
INFO: ReadHtmlCache Behavior ::run [ RunTime:0.000549s ]
INFO: [ app_begin ] --END-- [ RunTime:0.000681s ]
INFO: [ view_parse ] --START--
INFO: ParseTemplate Behavior ::run [ RunTime:0.006924s ]
INFO: [ view_parse ] --END-- [ RunTime:0.007013s ]
INFO: [ view_filter ] --START--
INFO: ContentReplace Behavior ::run [ RunTime:0.000389s ]
INFO: TokenBuild Behavior ::run [ RunTime:0.000369s ]
INFO: WriteHtmlCache Behavior ::run [ RunTime:0.000420s ]
INFO: ShowRuntime Behavior ::run [ RunTime:0.000436s ]
INFO: [ view_filter ] --END-- [ RunTime:0.001770s ]
INFO: [ view_end ] --START--
INFO: ShowPageTrace Behavior ::run [ RunTime:0.000566s ]
INFO: [ view_end ] --END-- [ RunTime:0.000615s ]

[ 2016-11-11T20:52:00+08:00 ] 49.80.79.30 /Ucar/index.php
INFO: [ app_begin ] --START--
INFO: ReadHtmlCache Behavior ::run [ RunTime:0.000522s ]
INFO: [ app_begin ] --END-- [ RunTime:0.000603s ]
INFO: [ view_parse ] --START--
INFO: ParseTemplate Behavior ::run [ RunTime:0.006196s ]
INFO: [ view_parse ] --END-- [ RunTime:0.006268s ]
INFO: [ view_filter ] --START--
INFO: ContentReplace Behavior ::run [ RunTime:0.000354s ]
INFO: TokenBuild Behavior ::run [ RunTime:0.000340s ]
INFO: WriteHtmlCache Behavior ::run [ RunTime:0.000246s ]
INFO: ShowRuntime Behavior ::run [ RunTime:0.000427s ]
INFO: [ view_filter ] --END-- [ RunTime:0.001511s ]
INFO: [ view_end ] --START--
INFO: ShowPageTrace Behavior ::run [ RunTime:0.000525s ]
INFO: [ view_end ] --END-- [ RunTime:0.000573s ]

[ 2016-11-11T20:55:25+08:00 ] 49.80.79.30 /Ucar/index.php
INFO: [ app_begin ] --START--
INFO: ReadHtmlCache Behavior ::run [ RunTime:0.000510s ]
INFO: [ app_begin ] --END-- [ RunTime:0.000589s ]
INFO: [ view_parse ] --START--
INFO: ParseTemplate Behavior ::run [ RunTime:0.006252s ]
INFO: [ view_parse ] --END-- [ RunTime:0.006322s ]
INFO: [ view_filter ] --START--
INFO: ContentReplace Behavior ::run [ RunTime:0.000340s ]
INFO: TokenBuild Behavior ::run [ RunTime:0.000347s ]
INFO: WriteHtmlCache Behavior ::run [ RunTime:0.000255s ]
INFO: ShowRuntime Behavior ::run [ RunTime:0.000410s ]
INFO: [ view_filter ] --END-- [ RunTime:0.001519s ]
INFO: [ view_end ] --START--
INFO: ShowPageTrace Behavior ::run [ RunTime:0.000566s ]
INFO: [ view_end ] --END-- [ RunTime:0.000613s ]

[ 2016-11-11T20:55:28+08:00 ] 49.80.79.30 /Ucar/index.php
INFO: [ app_begin ] --START--
INFO: ReadHtmlCache Behavior ::run [ RunTime:0.000682s ]
INFO: [ app_begin ] --END-- [ RunTime:0.000849s ]
INFO: [ view_parse ] --START--
INFO: ParseTemplate Behavior ::run [ RunTime:0.006731s ]
INFO: [ view_parse ] --END-- [ RunTime:0.006819s ]
INFO: [ view_filter ] --START--
INFO: ContentReplace Behavior ::run [ RunTime:0.000342s ]
INFO: TokenBuild Behavior ::run [ RunTime:0.000421s ]
INFO: WriteHtmlCache Behavior ::run [ RunTime:0.000249s ]
INFO: ShowRuntime Behavior ::run [ RunTime:0.000404s ]
INFO: [ view_filter ] --END-- [ RunTime:0.001562s ]
INFO: [ view_end ] --START--
INFO: ShowPageTrace Behavior ::run [ RunTime:0.000534s ]
INFO: [ view_end ] --END-- [ RunTime:0.000603s ]

[ 2016-11-11T20:55:48+08:00 ] 49.80.79.30 /Ucar/index.php?m=Index
INFO: [ app_begin ] --START--
INFO: ReadHtmlCache Behavior ::run [ RunTime:0.000599s ]
INFO: [ app_begin ] --END-- [ RunTime:0.000692s ]
INFO: [ view_parse ] --START--
INFO: ParseTemplate Behavior ::run [ RunTime:0.007052s ]
INFO: [ view_parse ] --END-- [ RunTime:0.007117s ]
INFO: [ view_filter ] --START--
INFO: ContentReplace Behavior ::run [ RunTime:0.000353s ]
INFO: TokenBuild Behavior ::run [ RunTime:0.000349s ]
INFO: WriteHtmlCache Behavior ::run [ RunTime:0.000276s ]
INFO: ShowRuntime Behavior ::run [ RunTime:0.000404s ]
INFO: [ view_filter ] --END-- [ RunTime:0.001545s ]
INFO: [ view_end ] --START--
INFO: ShowPageTrace Behavior ::run [ RunTime:0.000622s ]
INFO: [ view_end ] --END-- [ RunTime:0.000671s ]

[ 2016-11-11T20:56:48+08:00 ] 49.80.79.30 /Ucar/index.php?m=Index
INFO: [ app_begin ] --START--
INFO: ReadHtmlCache Behavior ::run [ RunTime:0.000562s ]
INFO: [ app_begin ] --END-- [ RunTime:0.000641s ]
INFO: [ view_parse ] --START--
INFO: ParseTemplate Behavior ::run [ RunTime:0.007138s ]
INFO: [ view_parse ] --END-- [ RunTime:0.007207s ]
INFO: [ view_filter ] --START--
INFO: ContentReplace Behavior ::run [ RunTime:0.000354s ]
INFO: TokenBuild Behavior ::run [ RunTime:0.000339s ]
INFO: WriteHtmlCache Behavior ::run [ RunTime:0.000246s ]
INFO: ShowRuntime Behavior ::run [ RunTime:0.000569s ]
INFO: [ view_filter ] --END-- [ RunTime:0.001653s ]
INFO: [ view_end ] --START--
INFO: ShowPageTrace Behavior ::run [ RunTime:0.000590s ]
INFO: [ view_end ] --END-- [ RunTime:0.000638s ]

[ 2016-11-11T20:58:10+08:00 ] 49.80.79.30 /Ucar/index.php?m=Index
INFO: [ app_begin ] --START--
INFO: ReadHtmlCache Behavior ::run [ RunTime:0.000513s ]
INFO: [ app_begin ] --END-- [ RunTime:0.000597s ]
INFO: [ view_parse ] --START--
INFO: ParseTemplate Behavior ::run [ RunTime:0.006538s ]
INFO: [ view_parse ] --END-- [ RunTime:0.006610s ]
INFO: [ view_filter ] --START--
INFO: ContentReplace Behavior ::run [ RunTime:0.000361s ]
INFO: TokenBuild Behavior ::run [ RunTime:0.000339s ]
INFO: WriteHtmlCache Behavior ::run [ RunTime:0.000303s ]
INFO: ShowRuntime Behavior ::run [ RunTime:0.000499s ]
INFO: [ view_filter ] --END-- [ RunTime:0.001651s ]
INFO: [ view_end ] --START--
INFO: ShowPageTrace Behavior ::run [ RunTime:0.000596s ]
INFO: [ view_end ] --END-- [ RunTime:0.000646s ]

[ 2016-11-11T20:58:19+08:00 ] 140.207.124.105 /Ucar/index.php?m=Index
INFO: [ app_begin ] --START--
INFO: ReadHtmlCache Behavior ::run [ RunTime:0.000496s ]
INFO: [ app_begin ] --END-- [ RunTime:0.000582s ]
INFO: [ view_parse ] --START--
INFO: ParseTemplate Behavior ::run [ RunTime:0.006836s ]
INFO: [ view_parse ] --END-- [ RunTime:0.006899s ]
INFO: [ view_filter ] --START--
INFO: ContentReplace Behavior ::run [ RunTime:0.000338s ]
INFO: TokenBuild Behavior ::run [ RunTime:0.000365s ]
INFO: WriteHtmlCache Behavior ::run [ RunTime:0.000246s ]
INFO: ShowRuntime Behavior ::run [ RunTime:0.000403s ]
INFO: [ view_filter ] --END-- [ RunTime:0.001495s ]
INFO: [ view_end ] --START--
INFO: ShowPageTrace Behavior ::run [ RunTime:0.000573s ]
INFO: [ view_end ] --END-- [ RunTime:0.000641s ]

[ 2016-11-11T20:59:49+08:00 ] 49.80.79.30 /Ucar/index.php?m=Phoneshop&a=showphonemap
INFO: [ app_begin ] --START--
INFO: ReadHtmlCache Behavior ::run [ RunTime:0.000573s ]
INFO: [ app_begin ] --END-- [ RunTime:0.000672s ]
SQL: SHOW COLUMNS FROM `baidulogo` [ RunTime:0.000823s ]
SQL: SELECT * FROM `baidulogo` WHERE ( `flag` = 1 )  [ RunTime:0.000113s ]
INFO: [ view_parse ] --START--
INFO: ParseTemplate Behavior ::run [ RunTime:0.007992s ]
INFO: [ view_parse ] --END-- [ RunTime:0.008095s ]
INFO: [ view_filter ] --START--
INFO: ContentReplace Behavior ::run [ RunTime:0.000407s ]
INFO: TokenBuild Behavior ::run [ RunTime:0.000363s ]
INFO: WriteHtmlCache Behavior ::run [ RunTime:0.000261s ]
INFO: ShowRuntime Behavior ::run [ RunTime:0.000461s ]
INFO: [ view_filter ] --END-- [ RunTime:0.001663s ]
INFO: [ view_end ] --START--
INFO: ShowPageTrace Behavior ::run [ RunTime:0.000601s ]
INFO: [ view_end ] --END-- [ RunTime:0.000649s ]

