[ 2016-10-23T09:04:13+08:00 ] 101.226.125.113 /Ucar/index.php?m=Wap&a=carhave&openid=o71k5w8Ktn-4EYz8rWGijKW54vy8&nsukey=jy%2FSQDbFG6YbU%2B%2BVodrIvHXWr0eU9R5SZ%2FICOLV0P92jhcDNMUxfWXHSYbiDeioTzgkCVmE5IgCXUaGWkMCQaZOPNH2wPELHRY%2FK6NNQWSl48K%2FhWOwz4RGAP6Yj2UKtbLSpOTTPsYadJklNHSFUsP5QGl9A67P1upNebDV6hpjzxhsykN2xWpH7Fn7TR67E
INFO: [ app_begin ] --START--
INFO: ReadHtmlCache Behavior ::run [ RunTime:0.000483s ]
INFO: [ app_begin ] --END-- [ RunTime:0.000561s ]
SQL: SHOW COLUMNS FROM `userwechatinfo` [ RunTime:0.000725s ]
SQL: SELECT * FROM `userwechatinfo` WHERE ( `openid` = 'o71k5w8Ktn-4EYz8rWGijKW54vy8' )  [ RunTime:0.000137s ]
INFO: [ view_parse ] --START--
INFO: ParseTemplate Behavior ::run [ RunTime:0.007616s ]
INFO: [ view_parse ] --END-- [ RunTime:0.007682s ]
INFO: [ view_filter ] --START--
INFO: ContentReplace Behavior ::run [ RunTime:0.000439s ]
INFO: TokenBuild Behavior ::run [ RunTime:0.000345s ]
INFO: WriteHtmlCache Behavior ::run [ RunTime:0.000409s ]
INFO: ShowRuntime Behavior ::run [ RunTime:0.000414s ]
INFO: [ view_filter ] --END-- [ RunTime:0.001760s ]
INFO: [ view_end ] --START--
INFO: ShowPageTrace Behavior ::run [ RunTime:0.000646s ]
INFO: [ view_end ] --END-- [ RunTime:0.000695s ]

[ 2016-10-23T09:04:14+08:00 ] 121.239.159.241 /Ucar/index.php?m=Wap&a=carhave&openid=o71k5w8Ktn-4EYz8rWGijKW54vy8&nsukey=jy%2FSQDbFG6YbU%2B%2BVodrIvHXWr0eU9R5SZ%2FICOLV0P92jhcDNMUxfWXHSYbiDeioTzgkCVmE5IgCXUaGWkMCQaZOPNH2wPELHRY%2FK6NNQWSl48K%2FhWOwz4RGAP6Yj2UKtbLSpOTTPsYadJklNHSFUsP5QGl9A67P1upNebDV6hpjzxhsykN2xWpH7Fn7TR67E
INFO: [ app_begin ] --START--
INFO: ReadHtmlCache Behavior ::run [ RunTime:0.000474s ]
INFO: [ app_begin ] --END-- [ RunTime:0.000552s ]
SQL: SHOW COLUMNS FROM `userwechatinfo` [ RunTime:0.000728s ]
SQL: SELECT * FROM `userwechatinfo` WHERE ( `openid` = 'o71k5w8Ktn-4EYz8rWGijKW54vy8' )  [ RunTime:0.000187s ]
INFO: [ view_parse ] --START--
INFO: ParseTemplate Behavior ::run [ RunTime:0.006115s ]
INFO: [ view_parse ] --END-- [ RunTime:0.006180s ]
INFO: [ view_filter ] --START--
INFO: ContentReplace Behavior ::run [ RunTime:0.000320s ]
INFO: TokenBuild Behavior ::run [ RunTime:0.000354s ]
INFO: WriteHtmlCache Behavior ::run [ RunTime:0.000264s ]
INFO: ShowRuntime Behavior ::run [ RunTime:0.000395s ]
INFO: [ view_filter ] --END-- [ RunTime:0.001491s ]
INFO: [ view_end ] --START--
INFO: ShowPageTrace Behavior ::run [ RunTime:0.000572s ]
INFO: [ view_end ] --END-- [ RunTime:0.000619s ]

[ 2016-10-23T09:07:13+08:00 ] 101.226.33.201 /Ucar/index.php?m=Wap&a=carhave&openid=o71k5w8Ktn-4EYz8rWGijKW54vy8&nsukey=jy%2FSQDbFG6YbU%2B%2BVodrIvHXWr0eU9R5SZ%2FICOLV0P92jhcDNMUxfWXHSYbiDeioTzgkCVmE5IgCXUaGWkMCQaZOPNH2wPELHRY%2FK6NNQWSl48K%2FhWOwz4RGAP6Yj2UKtbLSpOTTPsYadJklNHSFUsP5QGl9A67P1upNebDV6hpjzxhsykN2xWpH7Fn7TR67E
INFO: [ app_begin ] --START--
INFO: ReadHtmlCache Behavior ::run [ RunTime:0.000571s ]
INFO: [ app_begin ] --END-- [ RunTime:0.000673s ]
SQL: SHOW COLUMNS FROM `userwechatinfo` [ RunTime:0.000734s ]
SQL: SELECT * FROM `userwechatinfo` WHERE ( `openid` = 'o71k5w8Ktn-4EYz8rWGijKW54vy8' )  [ RunTime:0.000132s ]
INFO: [ view_parse ] --START--
INFO: ParseTemplate Behavior ::run [ RunTime:0.005709s ]
INFO: [ view_parse ] --END-- [ RunTime:0.005774s ]
INFO: [ view_filter ] --START--
INFO: ContentReplace Behavior ::run [ RunTime:0.000361s ]
INFO: TokenBuild Behavior ::run [ RunTime:0.000347s ]
INFO: WriteHtmlCache Behavior ::run [ RunTime:0.000244s ]
INFO: ShowRuntime Behavior ::run [ RunTime:0.000435s ]
INFO: [ view_filter ] --END-- [ RunTime:0.001526s ]
INFO: [ view_end ] --START--
INFO: ShowPageTrace Behavior ::run [ RunTime:0.000566s ]
INFO: [ view_end ] --END-- [ RunTime:0.000612s ]

[ 2016-10-23T09:07:13+08:00 ] 101.226.51.226 /Ucar/index.php?m=Wap&a=carhave&openid=o71k5w8Ktn-4EYz8rWGijKW54vy8&nsukey=jy%2FSQDbFG6YbU%2B%2BVodrIvHXWr0eU9R5SZ%2FICOLV0P92jhcDNMUxfWXHSYbiDeioTzgkCVmE5IgCXUaGWkMCQaZOPNH2wPELHRY%2FK6NNQWSl48K%2FhWOwz4RGAP6Yj2UKtbLSpOTTPsYadJklNHSFUsP5QGl9A67P1upNebDV6hpjzxhsykN2xWpH7Fn7TR67E
INFO: [ app_begin ] --START--
INFO: ReadHtmlCache Behavior ::run [ RunTime:0.000484s ]
INFO: [ app_begin ] --END-- [ RunTime:0.000570s ]
SQL: SHOW COLUMNS FROM `userwechatinfo` [ RunTime:0.000698s ]
SQL: SELECT * FROM `userwechatinfo` WHERE ( `openid` = 'o71k5w8Ktn-4EYz8rWGijKW54vy8' )  [ RunTime:0.000133s ]
INFO: [ view_parse ] --START--
INFO: ParseTemplate Behavior ::run [ RunTime:0.005901s ]
INFO: [ view_parse ] --END-- [ RunTime:0.005967s ]
INFO: [ view_filter ] --START--
INFO: ContentReplace Behavior ::run [ RunTime:0.000321s ]
INFO: TokenBuild Behavior ::run [ RunTime:0.000358s ]
INFO: WriteHtmlCache Behavior ::run [ RunTime:0.000276s ]
INFO: ShowRuntime Behavior ::run [ RunTime:0.000463s ]
INFO: [ view_filter ] --END-- [ RunTime:0.001559s ]
INFO: [ view_end ] --START--
INFO: ShowPageTrace Behavior ::run [ RunTime:0.000528s ]
INFO: [ view_end ] --END-- [ RunTime:0.000575s ]

[ 2016-10-23T09:45:43+08:00 ] 121.239.159.241 /Ucar/index.php?m=Admin
INFO: [ app_begin ] --START--
INFO: ReadHtmlCache Behavior ::run [ RunTime:0.000490s ]
INFO: [ app_begin ] --END-- [ RunTime:0.000576s ]
INFO: [ view_parse ] --START--
INFO: ParseTemplate Behavior ::run [ RunTime:0.006216s ]
INFO: [ view_parse ] --END-- [ RunTime:0.006305s ]
INFO: [ view_filter ] --START--
INFO: ContentReplace Behavior ::run [ RunTime:0.000416s ]
INFO: TokenBuild Behavior ::run [ RunTime:0.000404s ]
INFO: WriteHtmlCache Behavior ::run [ RunTime:0.000258s ]
INFO: ShowRuntime Behavior ::run [ RunTime:0.000408s ]
INFO: [ view_filter ] --END-- [ RunTime:0.001654s ]
INFO: [ view_end ] --START--
INFO: ShowPageTrace Behavior ::run [ RunTime:0.000623s ]
INFO: [ view_end ] --END-- [ RunTime:0.000673s ]

[ 2016-10-23T11:15:56+08:00 ] 49.64.138.245 /Ucar/index.php?m=Admin&a=showeditor
INFO: [ app_begin ] --START--
INFO: ReadHtmlCache Behavior ::run [ RunTime:0.000475s ]
INFO: [ app_begin ] --END-- [ RunTime:0.000553s ]
ERR: 非法操作:showeditor

[ 2016-10-23T11:16:15+08:00 ] 49.64.138.245 /Ucar/index.php?m=Admin&a=showeditor
INFO: [ app_begin ] --START--
INFO: ReadHtmlCache Behavior ::run [ RunTime:0.000479s ]
INFO: [ app_begin ] --END-- [ RunTime:0.000556s ]
ERR: 模板不存在[./Application/Tpl/Admin/editor.html]

[ 2016-10-23T11:16:31+08:00 ] 49.64.138.245 /Ucar/index.php?m=Admin&a=showeditor
INFO: [ app_begin ] --START--
INFO: ReadHtmlCache Behavior ::run [ RunTime:0.000474s ]
INFO: [ app_begin ] --END-- [ RunTime:0.000554s ]
INFO: [ view_parse ] --START--
INFO: ParseTemplate Behavior ::run [ RunTime:0.007114s ]
INFO: [ view_parse ] --END-- [ RunTime:0.007180s ]
INFO: [ view_filter ] --START--
INFO: ContentReplace Behavior ::run [ RunTime:0.000335s ]
INFO: TokenBuild Behavior ::run [ RunTime:0.000357s ]
INFO: WriteHtmlCache Behavior ::run [ RunTime:0.000245s ]
INFO: ShowRuntime Behavior ::run [ RunTime:0.000398s ]
INFO: [ view_filter ] --END-- [ RunTime:0.001479s ]
INFO: [ view_end ] --START--
INFO: ShowPageTrace Behavior ::run [ RunTime:0.000519s ]
INFO: [ view_end ] --END-- [ RunTime:0.000570s ]

[ 2016-10-23T11:18:11+08:00 ] 49.64.138.245 /Ucar/index.php?m=Admin&a=showeditor
INFO: [ app_begin ] --START--
INFO: ReadHtmlCache Behavior ::run [ RunTime:0.000754s ]
INFO: [ app_begin ] --END-- [ RunTime:0.000889s ]
INFO: [ view_parse ] --START--
INFO: ParseTemplate Behavior ::run [ RunTime:0.007118s ]
INFO: [ view_parse ] --END-- [ RunTime:0.007183s ]
INFO: [ view_filter ] --START--
INFO: ContentReplace Behavior ::run [ RunTime:0.000330s ]
INFO: TokenBuild Behavior ::run [ RunTime:0.000337s ]
INFO: WriteHtmlCache Behavior ::run [ RunTime:0.000261s ]
INFO: ShowRuntime Behavior ::run [ RunTime:0.000394s ]
INFO: [ view_filter ] --END-- [ RunTime:0.001462s ]
INFO: [ view_end ] --START--
INFO: ShowPageTrace Behavior ::run [ RunTime:0.000584s ]
INFO: [ view_end ] --END-- [ RunTime:0.000631s ]

[ 2016-10-23T11:18:20+08:00 ] 49.64.138.245 /Ucar/index.php?m=Admin&a=showeditor
INFO: [ app_begin ] --START--
INFO: ReadHtmlCache Behavior ::run [ RunTime:0.000481s ]
INFO: [ app_begin ] --END-- [ RunTime:0.000563s ]
INFO: [ view_parse ] --START--
INFO: ParseTemplate Behavior ::run [ RunTime:0.007518s ]
INFO: [ view_parse ] --END-- [ RunTime:0.007595s ]
INFO: [ view_filter ] --START--
INFO: ContentReplace Behavior ::run [ RunTime:0.000347s ]
INFO: TokenBuild Behavior ::run [ RunTime:0.000341s ]
INFO: WriteHtmlCache Behavior ::run [ RunTime:0.000264s ]
INFO: ShowRuntime Behavior ::run [ RunTime:0.000402s ]
INFO: [ view_filter ] --END-- [ RunTime:0.001503s ]
INFO: [ view_end ] --START--
INFO: ShowPageTrace Behavior ::run [ RunTime:0.000592s ]
INFO: [ view_end ] --END-- [ RunTime:0.000640s ]

[ 2016-10-23T11:19:06+08:00 ] 49.64.138.245 /Ucar/index.php?m=Admin&a=showeditor
INFO: [ app_begin ] --START--
INFO: ReadHtmlCache Behavior ::run [ RunTime:0.000472s ]
INFO: [ app_begin ] --END-- [ RunTime:0.000550s ]
INFO: [ view_parse ] --START--
INFO: ParseTemplate Behavior ::run [ RunTime:0.006969s ]
INFO: [ view_parse ] --END-- [ RunTime:0.007032s ]
INFO: [ view_filter ] --START--
INFO: ContentReplace Behavior ::run [ RunTime:0.000331s ]
INFO: TokenBuild Behavior ::run [ RunTime:0.000356s ]
INFO: WriteHtmlCache Behavior ::run [ RunTime:0.000240s ]
INFO: ShowRuntime Behavior ::run [ RunTime:0.000389s ]
INFO: [ view_filter ] --END-- [ RunTime:0.001458s ]
INFO: [ view_end ] --START--
INFO: ShowPageTrace Behavior ::run [ RunTime:0.000580s ]
INFO: [ view_end ] --END-- [ RunTime:0.000628s ]

[ 2016-10-23T11:19:52+08:00 ] 49.64.138.245 /Ucar/index.php?m=Admin&a=showeditor
INFO: [ app_begin ] --START--
INFO: ReadHtmlCache Behavior ::run [ RunTime:0.000509s ]
INFO: [ app_begin ] --END-- [ RunTime:0.000587s ]
INFO: [ view_parse ] --START--
INFO: ParseTemplate Behavior ::run [ RunTime:0.006883s ]
INFO: [ view_parse ] --END-- [ RunTime:0.006947s ]
INFO: [ view_filter ] --START--
INFO: ContentReplace Behavior ::run [ RunTime:0.000354s ]
INFO: TokenBuild Behavior ::run [ RunTime:0.000335s ]
INFO: WriteHtmlCache Behavior ::run [ RunTime:0.000244s ]
INFO: ShowRuntime Behavior ::run [ RunTime:0.000418s ]
INFO: [ view_filter ] --END-- [ RunTime:0.001495s ]
INFO: [ view_end ] --START--
INFO: ShowPageTrace Behavior ::run [ RunTime:0.000530s ]
INFO: [ view_end ] --END-- [ RunTime:0.000579s ]

[ 2016-10-23T13:55:28+08:00 ] 49.64.138.245 /Ucar/index.php?m=Login
INFO: [ app_begin ] --START--
INFO: ReadHtmlCache Behavior ::run [ RunTime:0.000526s ]
INFO: [ app_begin ] --END-- [ RunTime:0.000612s ]
INFO: [ view_parse ] --START--
INFO: ParseTemplate Behavior ::run [ RunTime:0.005421s ]
INFO: [ view_parse ] --END-- [ RunTime:0.005482s ]
INFO: [ view_filter ] --START--
INFO: ContentReplace Behavior ::run [ RunTime:0.000314s ]
INFO: TokenBuild Behavior ::run [ RunTime:0.000374s ]
INFO: WriteHtmlCache Behavior ::run [ RunTime:0.000244s ]
INFO: ShowRuntime Behavior ::run [ RunTime:0.000391s ]
INFO: [ view_filter ] --END-- [ RunTime:0.001481s ]
INFO: [ view_end ] --START--
INFO: ShowPageTrace Behavior ::run [ RunTime:0.000545s ]
INFO: [ view_end ] --END-- [ RunTime:0.000593s ]

[ 2016-10-23T13:57:40+08:00 ] 49.64.138.245 /Ucar/index.php?m=Login
INFO: [ app_begin ] --START--
INFO: ReadHtmlCache Behavior ::run [ RunTime:0.000485s ]
INFO: [ app_begin ] --END-- [ RunTime:0.000568s ]
INFO: [ view_parse ] --START--
INFO: ParseTemplate Behavior ::run [ RunTime:0.006469s ]
INFO: [ view_parse ] --END-- [ RunTime:0.006556s ]
INFO: [ view_filter ] --START--
INFO: ContentReplace Behavior ::run [ RunTime:0.000341s ]
INFO: TokenBuild Behavior ::run [ RunTime:0.000338s ]
INFO: WriteHtmlCache Behavior ::run [ RunTime:0.000253s ]
INFO: ShowRuntime Behavior ::run [ RunTime:0.000407s ]
INFO: [ view_filter ] --END-- [ RunTime:0.001510s ]
INFO: [ view_end ] --START--
INFO: ShowPageTrace Behavior ::run [ RunTime:0.000601s ]
INFO: [ view_end ] --END-- [ RunTime:0.000650s ]

[ 2016-10-23T13:59:06+08:00 ] 49.64.138.245 /Ucar/index.php?m=Login
INFO: [ app_begin ] --START--
INFO: ReadHtmlCache Behavior ::run [ RunTime:0.000507s ]
INFO: [ app_begin ] --END-- [ RunTime:0.000627s ]
INFO: [ view_parse ] --START--
INFO: ParseTemplate Behavior ::run [ RunTime:0.005839s ]
INFO: [ view_parse ] --END-- [ RunTime:0.005923s ]
INFO: [ view_filter ] --START--
INFO: ContentReplace Behavior ::run [ RunTime:0.000389s ]
INFO: TokenBuild Behavior ::run [ RunTime:0.000342s ]
INFO: WriteHtmlCache Behavior ::run [ RunTime:0.000247s ]
INFO: ShowRuntime Behavior ::run [ RunTime:0.000503s ]
INFO: [ view_filter ] --END-- [ RunTime:0.001633s ]
INFO: [ view_end ] --START--
INFO: ShowPageTrace Behavior ::run [ RunTime:0.000554s ]
INFO: [ view_end ] --END-- [ RunTime:0.000603s ]

[ 2016-10-23T13:59:20+08:00 ] 49.64.138.245 /Ucar/index.php?m=Login
INFO: [ app_begin ] --START--
INFO: ReadHtmlCache Behavior ::run [ RunTime:0.000543s ]
INFO: [ app_begin ] --END-- [ RunTime:0.000633s ]
INFO: [ view_parse ] --START--
INFO: ParseTemplate Behavior ::run [ RunTime:0.005608s ]
INFO: [ view_parse ] --END-- [ RunTime:0.005670s ]
INFO: [ view_filter ] --START--
INFO: ContentReplace Behavior ::run [ RunTime:0.000349s ]
INFO: TokenBuild Behavior ::run [ RunTime:0.000360s ]
INFO: WriteHtmlCache Behavior ::run [ RunTime:0.000246s ]
INFO: ShowRuntime Behavior ::run [ RunTime:0.000426s ]
INFO: [ view_filter ] --END-- [ RunTime:0.001525s ]
INFO: [ view_end ] --START--
INFO: ShowPageTrace Behavior ::run [ RunTime:0.000545s ]
INFO: [ view_end ] --END-- [ RunTime:0.000606s ]

[ 2016-10-23T13:59:57+08:00 ] 49.64.138.245 /Ucar/index.php?m=Login
INFO: [ app_begin ] --START--
INFO: ReadHtmlCache Behavior ::run [ RunTime:0.000500s ]
INFO: [ app_begin ] --END-- [ RunTime:0.000580s ]
INFO: [ view_parse ] --START--
INFO: ParseTemplate Behavior ::run [ RunTime:0.005582s ]
INFO: [ view_parse ] --END-- [ RunTime:0.005640s ]
INFO: [ view_filter ] --START--
INFO: ContentReplace Behavior ::run [ RunTime:0.000319s ]
INFO: TokenBuild Behavior ::run [ RunTime:0.000361s ]
INFO: WriteHtmlCache Behavior ::run [ RunTime:0.000243s ]
INFO: ShowRuntime Behavior ::run [ RunTime:0.000391s ]
INFO: [ view_filter ] --END-- [ RunTime:0.001455s ]
INFO: [ view_end ] --START--
INFO: ShowPageTrace Behavior ::run [ RunTime:0.000540s ]
INFO: [ view_end ] --END-- [ RunTime:0.000628s ]

[ 2016-10-23T13:59:59+08:00 ] 49.64.138.245 /Ucar/index.php?m=Lgoin&a=login
INFO: [ app_begin ] --START--
INFO: ReadHtmlCache Behavior ::run [ RunTime:0.000508s ]
INFO: [ app_begin ] --END-- [ RunTime:0.000592s ]
ERR: 无法加载模块:Lgoin

[ 2016-10-23T14:10:54+08:00 ] 49.64.138.245 /Ucar/index.php?m=Lgoin&a=login
INFO: [ app_begin ] --START--
INFO: ReadHtmlCache Behavior ::run [ RunTime:0.000480s ]
INFO: [ app_begin ] --END-- [ RunTime:0.000563s ]
ERR: 无法加载模块:Lgoin

[ 2016-10-23T14:14:32+08:00 ] 49.64.138.245 /Ucar/index.php?m=Lgoin&a=login
INFO: [ app_begin ] --START--
INFO: ReadHtmlCache Behavior ::run [ RunTime:0.000563s ]
INFO: [ app_begin ] --END-- [ RunTime:0.000655s ]
ERR: 无法加载模块:Lgoin

[ 2016-10-23T14:14:34+08:00 ] 49.64.138.245 /Ucar/index.php?m=Lgoin&a=login
INFO: [ app_begin ] --START--
INFO: ReadHtmlCache Behavior ::run [ RunTime:0.000473s ]
INFO: [ app_begin ] --END-- [ RunTime:0.000555s ]
ERR: 无法加载模块:Lgoin

[ 2016-10-23T14:14:37+08:00 ] 49.64.138.245 /Ucar/index.php?m=Login
INFO: [ app_begin ] --START--
INFO: ReadHtmlCache Behavior ::run [ RunTime:0.000506s ]
INFO: [ app_begin ] --END-- [ RunTime:0.000583s ]
INFO: [ view_parse ] --START--
INFO: ParseTemplate Behavior ::run [ RunTime:0.005606s ]
INFO: [ view_parse ] --END-- [ RunTime:0.005665s ]
INFO: [ view_filter ] --START--
INFO: ContentReplace Behavior ::run [ RunTime:0.000318s ]
INFO: TokenBuild Behavior ::run [ RunTime:0.000357s ]
INFO: WriteHtmlCache Behavior ::run [ RunTime:0.000265s ]
INFO: ShowRuntime Behavior ::run [ RunTime:0.000451s ]
INFO: [ view_filter ] --END-- [ RunTime:0.001537s ]
INFO: [ view_end ] --START--
INFO: ShowPageTrace Behavior ::run [ RunTime:0.000573s ]
INFO: [ view_end ] --END-- [ RunTime:0.000621s ]

[ 2016-10-23T14:14:38+08:00 ] 49.64.138.245 /Ucar/index.php?m=Lgoin&a=login
INFO: [ app_begin ] --START--
INFO: ReadHtmlCache Behavior ::run [ RunTime:0.000487s ]
INFO: [ app_begin ] --END-- [ RunTime:0.000605s ]
ERR: 无法加载模块:Lgoin

[ 2016-10-23T14:14:48+08:00 ] 49.64.138.245 /Ucar/index.php?m=Lgoin&a=login
INFO: [ app_begin ] --START--
INFO: ReadHtmlCache Behavior ::run [ RunTime:0.000530s ]
INFO: [ app_begin ] --END-- [ RunTime:0.000634s ]
ERR: 无法加载模块:Lgoin

[ 2016-10-23T14:15:15+08:00 ] 49.64.138.245 /Ucar/index.php?m=Lgoin&a=login
INFO: [ app_begin ] --START--
INFO: ReadHtmlCache Behavior ::run [ RunTime:0.000511s ]
INFO: [ app_begin ] --END-- [ RunTime:0.000594s ]
ERR: 无法加载模块:Lgoin

[ 2016-10-23T14:15:21+08:00 ] 49.64.138.245 /Ucar/index.php?m=Login
INFO: [ app_begin ] --START--
INFO: ReadHtmlCache Behavior ::run [ RunTime:0.000519s ]
INFO: [ app_begin ] --END-- [ RunTime:0.000601s ]
INFO: [ view_parse ] --START--
INFO: ParseTemplate Behavior ::run [ RunTime:0.012955s ]
INFO: [ view_parse ] --END-- [ RunTime:0.013066s ]
INFO: [ view_filter ] --START--
INFO: ContentReplace Behavior ::run [ RunTime:0.000373s ]
INFO: TokenBuild Behavior ::run [ RunTime:0.000383s ]
INFO: WriteHtmlCache Behavior ::run [ RunTime:0.000249s ]
INFO: ShowRuntime Behavior ::run [ RunTime:0.000418s ]
INFO: [ view_filter ] --END-- [ RunTime:0.001567s ]
INFO: [ view_end ] --START--
INFO: ShowPageTrace Behavior ::run [ RunTime:0.000641s ]
INFO: [ view_end ] --END-- [ RunTime:0.000689s ]

[ 2016-10-23T14:15:22+08:00 ] 49.64.138.245 /Ucar/index.php?m=Login&a=login
INFO: [ app_begin ] --START--
INFO: ReadHtmlCache Behavior ::run [ RunTime:0.000480s ]
INFO: [ app_begin ] --END-- [ RunTime:0.000564s ]
SQL: SHOW COLUMNS FROM `admin` [ RunTime:0.000701s ]
SQL: SELECT * FROM `admin` WHERE ( `username` = '' ) LIMIT 1   [ RunTime:0.000306s ]

[ 2016-10-23T14:16:34+08:00 ] 49.64.138.245 /Ucar/index.php?m=Login
INFO: [ app_begin ] --START--
INFO: ReadHtmlCache Behavior ::run [ RunTime:0.000482s ]
INFO: [ app_begin ] --END-- [ RunTime:0.000566s ]
INFO: [ view_parse ] --START--
INFO: ParseTemplate Behavior ::run [ RunTime:0.005537s ]
INFO: [ view_parse ] --END-- [ RunTime:0.005596s ]
INFO: [ view_filter ] --START--
INFO: ContentReplace Behavior ::run [ RunTime:0.000338s ]
INFO: TokenBuild Behavior ::run [ RunTime:0.000331s ]
INFO: WriteHtmlCache Behavior ::run [ RunTime:0.000263s ]
INFO: ShowRuntime Behavior ::run [ RunTime:0.000395s ]
INFO: [ view_filter ] --END-- [ RunTime:0.001480s ]
INFO: [ view_end ] --START--
INFO: ShowPageTrace Behavior ::run [ RunTime:0.000602s ]
INFO: [ view_end ] --END-- [ RunTime:0.000650s ]

[ 2016-10-23T14:16:35+08:00 ] 49.64.138.245 /Ucar/index.php?m=Login&a=login
INFO: [ app_begin ] --START--
INFO: ReadHtmlCache Behavior ::run [ RunTime:0.000505s ]
INFO: [ app_begin ] --END-- [ RunTime:0.000586s ]
SQL: SHOW COLUMNS FROM `admin` [ RunTime:0.000677s ]
SQL: SELECT * FROM `admin` WHERE ( `username` = '' ) LIMIT 1   [ RunTime:0.000117s ]
INFO: [ view_parse ] --START--
INFO: ParseTemplate Behavior ::run [ RunTime:0.006178s ]
INFO: [ view_parse ] --END-- [ RunTime:0.006264s ]
INFO: [ view_filter ] --START--
INFO: ContentReplace Behavior ::run [ RunTime:0.000329s ]
INFO: TokenBuild Behavior ::run [ RunTime:0.000333s ]
INFO: WriteHtmlCache Behavior ::run [ RunTime:0.000270s ]
INFO: ShowRuntime Behavior ::run [ RunTime:0.000404s ]
INFO: [ view_filter ] --END-- [ RunTime:0.001479s ]
INFO: [ view_end ] --START--
INFO: ShowPageTrace Behavior ::run [ RunTime:0.000593s ]
INFO: [ view_end ] --END-- [ RunTime:0.000641s ]

[ 2016-10-23T14:16:47+08:00 ] 49.64.138.245 /Ucar/index.php?m=Login&a=login
INFO: [ app_begin ] --START--
INFO: ReadHtmlCache Behavior ::run [ RunTime:0.000478s ]
INFO: [ app_begin ] --END-- [ RunTime:0.000556s ]
SQL: SHOW COLUMNS FROM `admin` [ RunTime:0.000667s ]
SQL: SELECT * FROM `admin` WHERE ( `username` = 'admin' ) LIMIT 1   [ RunTime:0.000323s ]

[ 2016-10-23T14:16:57+08:00 ] 49.64.138.245 /Ucar/index.php?m=Login
INFO: [ app_begin ] --START--
INFO: ReadHtmlCache Behavior ::run [ RunTime:0.000540s ]
INFO: [ app_begin ] --END-- [ RunTime:0.000619s ]
INFO: [ view_parse ] --START--
INFO: ParseTemplate Behavior ::run [ RunTime:0.005959s ]
INFO: [ view_parse ] --END-- [ RunTime:0.006020s ]
INFO: [ view_filter ] --START--
INFO: ContentReplace Behavior ::run [ RunTime:0.000332s ]
INFO: TokenBuild Behavior ::run [ RunTime:0.000418s ]
INFO: WriteHtmlCache Behavior ::run [ RunTime:0.000265s ]
INFO: ShowRuntime Behavior ::run [ RunTime:0.000422s ]
INFO: [ view_filter ] --END-- [ RunTime:0.001581s ]
INFO: [ view_end ] --START--
INFO: ShowPageTrace Behavior ::run [ RunTime:0.000606s ]
INFO: [ view_end ] --END-- [ RunTime:0.000654s ]

[ 2016-10-23T14:17:04+08:00 ] 49.64.138.245 /Ucar/index.php?m=Login&a=login
INFO: [ app_begin ] --START--
INFO: ReadHtmlCache Behavior ::run [ RunTime:0.000520s ]
INFO: [ app_begin ] --END-- [ RunTime:0.000615s ]
SQL: SHOW COLUMNS FROM `admin` [ RunTime:0.000680s ]
SQL: SELECT * FROM `admin` WHERE ( `username` = 'admin' ) LIMIT 1   [ RunTime:0.000119s ]

[ 2016-10-23T14:17:46+08:00 ] 49.64.138.245 /Ucar/index.php?m=Login&a=login
INFO: [ app_begin ] --START--
INFO: ReadHtmlCache Behavior ::run [ RunTime:0.000498s ]
INFO: [ app_begin ] --END-- [ RunTime:0.000576s ]
SQL: SHOW COLUMNS FROM `admin` [ RunTime:0.000634s ]
SQL: SELECT * FROM `admin` WHERE ( `username` = 'admin' ) LIMIT 1   [ RunTime:0.000135s ]

[ 2016-10-23T14:23:41+08:00 ] 49.64.138.245 /Ucar/index.php?m=Login&a=login
INFO: [ app_begin ] --START--
INFO: ReadHtmlCache Behavior ::run [ RunTime:0.001007s ]
INFO: [ app_begin ] --END-- [ RunTime:0.001126s ]
SQL: SHOW COLUMNS FROM `admin` [ RunTime:0.000897s ]
SQL: SELECT * FROM `admin` WHERE ( `username` = 'admin' ) LIMIT 1   [ RunTime:0.000140s ]
INFO: [ view_parse ] --START--
INFO: ParseTemplate Behavior ::run [ RunTime:0.006147s ]
INFO: [ view_parse ] --END-- [ RunTime:0.006230s ]
INFO: [ view_filter ] --START--
INFO: ContentReplace Behavior ::run [ RunTime:0.000339s ]
INFO: TokenBuild Behavior ::run [ RunTime:0.000335s ]
INFO: WriteHtmlCache Behavior ::run [ RunTime:0.000267s ]
INFO: ShowRuntime Behavior ::run [ RunTime:0.000410s ]
INFO: [ view_filter ] --END-- [ RunTime:0.001494s ]
INFO: [ view_end ] --START--
INFO: ShowPageTrace Behavior ::run [ RunTime:0.000590s ]
INFO: [ view_end ] --END-- [ RunTime:0.000636s ]

[ 2016-10-23T14:56:37+08:00 ] 49.64.138.245 /Ucar/index.php?m=Admin
INFO: [ app_begin ] --START--
INFO: ReadHtmlCache Behavior ::run [ RunTime:0.000551s ]
INFO: [ app_begin ] --END-- [ RunTime:0.000638s ]
INFO: [ view_parse ] --START--
INFO: ParseTemplate Behavior ::run [ RunTime:0.006555s ]
INFO: [ view_parse ] --END-- [ RunTime:0.006623s ]
INFO: [ view_filter ] --START--
INFO: ContentReplace Behavior ::run [ RunTime:0.000372s ]
INFO: TokenBuild Behavior ::run [ RunTime:0.000337s ]
INFO: WriteHtmlCache Behavior ::run [ RunTime:0.000286s ]
INFO: ShowRuntime Behavior ::run [ RunTime:0.000411s ]
INFO: [ view_filter ] --END-- [ RunTime:0.001582s ]
INFO: [ view_end ] --START--
INFO: ShowPageTrace Behavior ::run [ RunTime:0.000628s ]
INFO: [ view_end ] --END-- [ RunTime:0.000676s ]

[ 2016-10-23T14:56:46+08:00 ] 49.64.138.245 /Ucar/index.php?m=Login
INFO: [ app_begin ] --START--
INFO: ReadHtmlCache Behavior ::run [ RunTime:0.000500s ]
INFO: [ app_begin ] --END-- [ RunTime:0.000583s ]
INFO: [ view_parse ] --START--
NOTIC: [8] Undefined index: remember /home/wwwroot/default/Ucar/Runtime/Cache/ec7ad561f8db6671ff45d6a8165d8f07.php 第 17 行.
NOTIC: [8] Undefined index: remember /home/wwwroot/default/Ucar/Runtime/Cache/ec7ad561f8db6671ff45d6a8165d8f07.php 第 17 行.
INFO: ParseTemplate Behavior ::run [ RunTime:0.006002s ]
INFO: [ view_parse ] --END-- [ RunTime:0.006055s ]
INFO: [ view_filter ] --START--
INFO: ContentReplace Behavior ::run [ RunTime:0.000345s ]
INFO: TokenBuild Behavior ::run [ RunTime:0.000366s ]
INFO: WriteHtmlCache Behavior ::run [ RunTime:0.000247s ]
INFO: ShowRuntime Behavior ::run [ RunTime:0.000474s ]
INFO: [ view_filter ] --END-- [ RunTime:0.001585s ]
INFO: [ view_end ] --START--
INFO: ShowPageTrace Behavior ::run [ RunTime:0.000578s ]
INFO: [ view_end ] --END-- [ RunTime:0.000625s ]

[ 2016-10-23T15:10:09+08:00 ] 49.64.138.245 /Ucar/index.php?m=Login
INFO: [ app_begin ] --START--
INFO: ReadHtmlCache Behavior ::run [ RunTime:0.000764s ]
INFO: [ app_begin ] --END-- [ RunTime:0.000984s ]
INFO: [ view_parse ] --START--
NOTIC: [8] Undefined index: username /home/wwwroot/default/Ucar/Runtime/Cache/ec7ad561f8db6671ff45d6a8165d8f07.php 第 10 行.
NOTIC: [8] Undefined index: pwd /home/wwwroot/default/Ucar/Runtime/Cache/ec7ad561f8db6671ff45d6a8165d8f07.php 第 13 行.
NOTIC: [8] Undefined index: remember /home/wwwroot/default/Ucar/Runtime/Cache/ec7ad561f8db6671ff45d6a8165d8f07.php 第 17 行.
NOTIC: [8] Undefined index: remember /home/wwwroot/default/Ucar/Runtime/Cache/ec7ad561f8db6671ff45d6a8165d8f07.php 第 19 行.
INFO: ParseTemplate Behavior ::run [ RunTime:0.006564s ]
INFO: [ view_parse ] --END-- [ RunTime:0.006631s ]
INFO: [ view_filter ] --START--
INFO: ContentReplace Behavior ::run [ RunTime:0.000372s ]
INFO: TokenBuild Behavior ::run [ RunTime:0.000403s ]
INFO: WriteHtmlCache Behavior ::run [ RunTime:0.000248s ]
INFO: ShowRuntime Behavior ::run [ RunTime:0.000478s ]
INFO: [ view_filter ] --END-- [ RunTime:0.001645s ]
INFO: [ view_end ] --START--
INFO: ShowPageTrace Behavior ::run [ RunTime:0.000571s ]
INFO: [ view_end ] --END-- [ RunTime:0.000622s ]

[ 2016-10-23T15:10:22+08:00 ] 49.64.138.245 /Ucar/index.php?m=Login&a=login
INFO: [ app_begin ] --START--
INFO: ReadHtmlCache Behavior ::run [ RunTime:0.000479s ]
INFO: [ app_begin ] --END-- [ RunTime:0.000556s ]
SQL: SHOW COLUMNS FROM `admin` [ RunTime:0.000694s ]
SQL: SELECT * FROM `admin` WHERE ( `username` = 'admin' ) LIMIT 1   [ RunTime:0.000117s ]
INFO: [ view_parse ] --START--
INFO: ParseTemplate Behavior ::run [ RunTime:0.005975s ]
INFO: [ view_parse ] --END-- [ RunTime:0.006035s ]
INFO: [ view_filter ] --START--
INFO: ContentReplace Behavior ::run [ RunTime:0.000368s ]
INFO: TokenBuild Behavior ::run [ RunTime:0.000355s ]
INFO: WriteHtmlCache Behavior ::run [ RunTime:0.000243s ]
INFO: ShowRuntime Behavior ::run [ RunTime:0.000428s ]
INFO: [ view_filter ] --END-- [ RunTime:0.001536s ]
INFO: [ view_end ] --START--
INFO: ShowPageTrace Behavior ::run [ RunTime:0.000542s ]
INFO: [ view_end ] --END-- [ RunTime:0.000589s ]

[ 2016-10-23T15:10:23+08:00 ] 49.64.138.245 /Ucar/index.php?m=Admin&a=index
INFO: [ app_begin ] --START--
INFO: ReadHtmlCache Behavior ::run [ RunTime:0.000504s ]
INFO: [ app_begin ] --END-- [ RunTime:0.000588s ]
INFO: [ view_parse ] --START--
INFO: ParseTemplate Behavior ::run [ RunTime:0.005884s ]
INFO: [ view_parse ] --END-- [ RunTime:0.005945s ]
INFO: [ view_filter ] --START--
INFO: ContentReplace Behavior ::run [ RunTime:0.000331s ]
INFO: TokenBuild Behavior ::run [ RunTime:0.000355s ]
INFO: WriteHtmlCache Behavior ::run [ RunTime:0.000244s ]
INFO: ShowRuntime Behavior ::run [ RunTime:0.000406s ]
INFO: [ view_filter ] --END-- [ RunTime:0.001479s ]
INFO: [ view_end ] --START--
INFO: ShowPageTrace Behavior ::run [ RunTime:0.000621s ]
INFO: [ view_end ] --END-- [ RunTime:0.000669s ]

[ 2016-10-23T15:10:28+08:00 ] 49.64.138.245 /Ucar/index.php?m=Admin&a=index
INFO: [ app_begin ] --START--
INFO: ReadHtmlCache Behavior ::run [ RunTime:0.000486s ]
INFO: [ app_begin ] --END-- [ RunTime:0.000571s ]
INFO: [ view_parse ] --START--
INFO: ParseTemplate Behavior ::run [ RunTime:0.006293s ]
INFO: [ view_parse ] --END-- [ RunTime:0.006396s ]
INFO: [ view_filter ] --START--
INFO: ContentReplace Behavior ::run [ RunTime:0.000343s ]
INFO: TokenBuild Behavior ::run [ RunTime:0.000334s ]
INFO: WriteHtmlCache Behavior ::run [ RunTime:0.000267s ]
INFO: ShowRuntime Behavior ::run [ RunTime:0.000405s ]
INFO: [ view_filter ] --END-- [ RunTime:0.001513s ]
INFO: [ view_end ] --START--
INFO: ShowPageTrace Behavior ::run [ RunTime:0.000596s ]
INFO: [ view_end ] --END-- [ RunTime:0.000642s ]

[ 2016-10-23T15:10:38+08:00 ] 49.64.138.245 /Ucar/index.php?m=Login
INFO: [ app_begin ] --START--
INFO: ReadHtmlCache Behavior ::run [ RunTime:0.000483s ]
INFO: [ app_begin ] --END-- [ RunTime:0.000577s ]
INFO: [ view_parse ] --START--
INFO: ParseTemplate Behavior ::run [ RunTime:0.007131s ]
INFO: [ view_parse ] --END-- [ RunTime:0.007220s ]
INFO: [ view_filter ] --START--
INFO: ContentReplace Behavior ::run [ RunTime:0.000391s ]
INFO: TokenBuild Behavior ::run [ RunTime:0.000345s ]
INFO: WriteHtmlCache Behavior ::run [ RunTime:0.000291s ]
INFO: ShowRuntime Behavior ::run [ RunTime:0.000546s ]
INFO: [ view_filter ] --END-- [ RunTime:0.001736s ]
INFO: [ view_end ] --START--
INFO: ShowPageTrace Behavior ::run [ RunTime:0.000763s ]
INFO: [ view_end ] --END-- [ RunTime:0.000823s ]

[ 2016-10-23T15:10:40+08:00 ] 49.64.138.245 /Ucar/index.php?m=Login
INFO: [ app_begin ] --START--
INFO: ReadHtmlCache Behavior ::run [ RunTime:0.000478s ]
INFO: [ app_begin ] --END-- [ RunTime:0.000559s ]
INFO: [ view_parse ] --START--
INFO: ParseTemplate Behavior ::run [ RunTime:0.005961s ]
INFO: [ view_parse ] --END-- [ RunTime:0.006040s ]
INFO: [ view_filter ] --START--
INFO: ContentReplace Behavior ::run [ RunTime:0.000374s ]
INFO: TokenBuild Behavior ::run [ RunTime:0.000353s ]
INFO: WriteHtmlCache Behavior ::run [ RunTime:0.000254s ]
INFO: ShowRuntime Behavior ::run [ RunTime:0.000455s ]
INFO: [ view_filter ] --END-- [ RunTime:0.001585s ]
INFO: [ view_end ] --START--
INFO: ShowPageTrace Behavior ::run [ RunTime:0.000556s ]
INFO: [ view_end ] --END-- [ RunTime:0.000605s ]

[ 2016-10-23T15:10:43+08:00 ] 49.64.138.245 /Ucar/index.php?m=Login
INFO: [ app_begin ] --START--
INFO: ReadHtmlCache Behavior ::run [ RunTime:0.000492s ]
INFO: [ app_begin ] --END-- [ RunTime:0.000580s ]
INFO: [ view_parse ] --START--
INFO: ParseTemplate Behavior ::run [ RunTime:0.016390s ]
INFO: [ view_parse ] --END-- [ RunTime:0.016539s ]
INFO: [ view_filter ] --START--
INFO: ContentReplace Behavior ::run [ RunTime:0.000402s ]
INFO: TokenBuild Behavior ::run [ RunTime:0.000426s ]
INFO: WriteHtmlCache Behavior ::run [ RunTime:0.000256s ]
INFO: ShowRuntime Behavior ::run [ RunTime:0.000410s ]
INFO: [ view_filter ] --END-- [ RunTime:0.001644s ]
INFO: [ view_end ] --START--
INFO: ShowPageTrace Behavior ::run [ RunTime:0.000587s ]
INFO: [ view_end ] --END-- [ RunTime:0.000636s ]

[ 2016-10-23T15:10:49+08:00 ] 49.64.138.245 /Ucar/index.php?m=Login
INFO: [ app_begin ] --START--
INFO: ReadHtmlCache Behavior ::run [ RunTime:0.000514s ]
INFO: [ app_begin ] --END-- [ RunTime:0.000617s ]
INFO: [ view_parse ] --START--
INFO: ParseTemplate Behavior ::run [ RunTime:0.015651s ]
INFO: [ view_parse ] --END-- [ RunTime:0.015760s ]
INFO: [ view_filter ] --START--
INFO: ContentReplace Behavior ::run [ RunTime:0.000387s ]
INFO: TokenBuild Behavior ::run [ RunTime:0.000342s ]
INFO: WriteHtmlCache Behavior ::run [ RunTime:0.000269s ]
INFO: ShowRuntime Behavior ::run [ RunTime:0.000480s ]
INFO: [ view_filter ] --END-- [ RunTime:0.001637s ]
INFO: [ view_end ] --START--
INFO: ShowPageTrace Behavior ::run [ RunTime:0.000568s ]
INFO: [ view_end ] --END-- [ RunTime:0.000616s ]

[ 2016-10-23T15:10:52+08:00 ] 49.64.138.245 /Ucar/index.php?m=Login
INFO: [ app_begin ] --START--
INFO: ReadHtmlCache Behavior ::run [ RunTime:0.000480s ]
INFO: [ app_begin ] --END-- [ RunTime:0.000561s ]
INFO: [ view_parse ] --START--
INFO: ParseTemplate Behavior ::run [ RunTime:0.006170s ]
INFO: [ view_parse ] --END-- [ RunTime:0.006238s ]
INFO: [ view_filter ] --START--
INFO: ContentReplace Behavior ::run [ RunTime:0.000358s ]
INFO: TokenBuild Behavior ::run [ RunTime:0.000336s ]
INFO: WriteHtmlCache Behavior ::run [ RunTime:0.000246s ]
INFO: ShowRuntime Behavior ::run [ RunTime:0.000404s ]
INFO: [ view_filter ] --END-- [ RunTime:0.001509s ]
INFO: [ view_end ] --START--
INFO: ShowPageTrace Behavior ::run [ RunTime:0.000599s ]
INFO: [ view_end ] --END-- [ RunTime:0.000646s ]

[ 2016-10-23T15:10:54+08:00 ] 49.64.138.245 /Ucar/index.php?m=Login
INFO: [ app_begin ] --START--
INFO: ReadHtmlCache Behavior ::run [ RunTime:0.000687s ]
INFO: [ app_begin ] --END-- [ RunTime:0.000779s ]
INFO: [ view_parse ] --START--
INFO: ParseTemplate Behavior ::run [ RunTime:0.006017s ]
INFO: [ view_parse ] --END-- [ RunTime:0.006093s ]
INFO: [ view_filter ] --START--
INFO: ContentReplace Behavior ::run [ RunTime:0.000364s ]
INFO: TokenBuild Behavior ::run [ RunTime:0.000364s ]
INFO: WriteHtmlCache Behavior ::run [ RunTime:0.000257s ]
INFO: ShowRuntime Behavior ::run [ RunTime:0.000442s ]
INFO: [ view_filter ] --END-- [ RunTime:0.001587s ]
INFO: [ view_end ] --START--
INFO: ShowPageTrace Behavior ::run [ RunTime:0.000608s ]
INFO: [ view_end ] --END-- [ RunTime:0.000655s ]

[ 2016-10-23T15:13:44+08:00 ] 49.64.138.245 /Ucar/index.php?m=Login&a=login
INFO: [ app_begin ] --START--
INFO: ReadHtmlCache Behavior ::run [ RunTime:0.000492s ]
INFO: [ app_begin ] --END-- [ RunTime:0.000576s ]
SQL: SHOW COLUMNS FROM `admin` [ RunTime:0.000700s ]
SQL: SELECT * FROM `admin` WHERE ( `username` = 'admin' ) LIMIT 1   [ RunTime:0.000117s ]
INFO: [ view_parse ] --START--
INFO: ParseTemplate Behavior ::run [ RunTime:0.006490s ]
INFO: [ view_parse ] --END-- [ RunTime:0.006571s ]
INFO: [ view_filter ] --START--
INFO: ContentReplace Behavior ::run [ RunTime:0.000382s ]
INFO: TokenBuild Behavior ::run [ RunTime:0.000371s ]
INFO: WriteHtmlCache Behavior ::run [ RunTime:0.000249s ]
INFO: ShowRuntime Behavior ::run [ RunTime:0.000439s ]
INFO: [ view_filter ] --END-- [ RunTime:0.001586s ]
INFO: [ view_end ] --START--
INFO: ShowPageTrace Behavior ::run [ RunTime:0.000540s ]
INFO: [ view_end ] --END-- [ RunTime:0.000605s ]

[ 2016-10-23T15:13:45+08:00 ] 49.64.138.245 /Ucar/index.php?m=Admin&a=index
INFO: [ app_begin ] --START--
INFO: ReadHtmlCache Behavior ::run [ RunTime:0.000742s ]
INFO: [ app_begin ] --END-- [ RunTime:0.000835s ]
INFO: [ view_parse ] --START--
INFO: ParseTemplate Behavior ::run [ RunTime:0.006765s ]
INFO: [ view_parse ] --END-- [ RunTime:0.006861s ]
INFO: [ view_filter ] --START--
INFO: ContentReplace Behavior ::run [ RunTime:0.000498s ]
INFO: TokenBuild Behavior ::run [ RunTime:0.000343s ]
INFO: WriteHtmlCache Behavior ::run [ RunTime:0.000269s ]
INFO: ShowRuntime Behavior ::run [ RunTime:0.000439s ]
INFO: [ view_filter ] --END-- [ RunTime:0.001708s ]
INFO: [ view_end ] --START--
INFO: ShowPageTrace Behavior ::run [ RunTime:0.000605s ]
INFO: [ view_end ] --END-- [ RunTime:0.000670s ]

[ 2016-10-23T15:13:49+08:00 ] 49.64.138.245 /Ucar/index.php?m=Login
INFO: [ app_begin ] --START--
INFO: ReadHtmlCache Behavior ::run [ RunTime:0.000506s ]
INFO: [ app_begin ] --END-- [ RunTime:0.000588s ]
INFO: [ view_parse ] --START--
NOTIC: [8] Undefined index: username /home/wwwroot/default/Ucar/Runtime/Cache/ec7ad561f8db6671ff45d6a8165d8f07.php 第 10 行.
NOTIC: [8] Undefined index: pwd /home/wwwroot/default/Ucar/Runtime/Cache/ec7ad561f8db6671ff45d6a8165d8f07.php 第 13 行.
NOTIC: [8] Undefined index: remember /home/wwwroot/default/Ucar/Runtime/Cache/ec7ad561f8db6671ff45d6a8165d8f07.php 第 17 行.
NOTIC: [8] Undefined index: remember /home/wwwroot/default/Ucar/Runtime/Cache/ec7ad561f8db6671ff45d6a8165d8f07.php 第 19 行.
INFO: ParseTemplate Behavior ::run [ RunTime:0.006289s ]
INFO: [ view_parse ] --END-- [ RunTime:0.006340s ]
INFO: [ view_filter ] --START--
INFO: ContentReplace Behavior ::run [ RunTime:0.000322s ]
INFO: TokenBuild Behavior ::run [ RunTime:0.000371s ]
INFO: WriteHtmlCache Behavior ::run [ RunTime:0.000249s ]
INFO: ShowRuntime Behavior ::run [ RunTime:0.000421s ]
INFO: [ view_filter ] --END-- [ RunTime:0.001514s ]
INFO: [ view_end ] --START--
INFO: ShowPageTrace Behavior ::run [ RunTime:0.000650s ]
INFO: [ view_end ] --END-- [ RunTime:0.000712s ]

[ 2016-10-23T18:46:13+08:00 ] 49.64.138.245 /Ucar/index.php?m=Login&a=login
INFO: [ app_begin ] --START--
INFO: ReadHtmlCache Behavior ::run [ RunTime:0.000687s ]
INFO: [ app_begin ] --END-- [ RunTime:0.000788s ]
SQL: SHOW COLUMNS FROM `admin` [ RunTime:0.000657s ]
SQL: SELECT * FROM `admin` WHERE ( `username` = '789' ) LIMIT 1   [ RunTime:0.000329s ]
INFO: [ view_parse ] --START--
INFO: ParseTemplate Behavior ::run [ RunTime:0.006175s ]
INFO: [ view_parse ] --END-- [ RunTime:0.006243s ]
INFO: [ view_filter ] --START--
INFO: ContentReplace Behavior ::run [ RunTime:0.000363s ]
INFO: TokenBuild Behavior ::run [ RunTime:0.000334s ]
INFO: WriteHtmlCache Behavior ::run [ RunTime:0.000298s ]
INFO: ShowRuntime Behavior ::run [ RunTime:0.000434s ]
INFO: [ view_filter ] --END-- [ RunTime:0.001587s ]
INFO: [ view_end ] --START--
INFO: ShowPageTrace Behavior ::run [ RunTime:0.000532s ]
INFO: [ view_end ] --END-- [ RunTime:0.000578s ]

[ 2016-10-23T18:46:24+08:00 ] 49.64.138.245 /Ucar/index.php?m=Login
INFO: [ app_begin ] --START--
INFO: ReadHtmlCache Behavior ::run [ RunTime:0.000477s ]
INFO: [ app_begin ] --END-- [ RunTime:0.000567s ]
INFO: [ view_parse ] --START--
INFO: ParseTemplate Behavior ::run [ RunTime:0.006364s ]
INFO: [ view_parse ] --END-- [ RunTime:0.006422s ]
INFO: [ view_filter ] --START--
INFO: ContentReplace Behavior ::run [ RunTime:0.000357s ]
INFO: TokenBuild Behavior ::run [ RunTime:0.000344s ]
INFO: WriteHtmlCache Behavior ::run [ RunTime:0.000256s ]
INFO: ShowRuntime Behavior ::run [ RunTime:0.000512s ]
INFO: [ view_filter ] --END-- [ RunTime:0.001626s ]
INFO: [ view_end ] --START--
INFO: ShowPageTrace Behavior ::run [ RunTime:0.000548s ]
INFO: [ view_end ] --END-- [ RunTime:0.000618s ]

[ 2016-10-23T18:46:26+08:00 ] 49.64.138.245 /Ucar/index.php?m=Login
INFO: [ app_begin ] --START--
INFO: ReadHtmlCache Behavior ::run [ RunTime:0.000499s ]
INFO: [ app_begin ] --END-- [ RunTime:0.000633s ]
INFO: [ view_parse ] --START--
INFO: ParseTemplate Behavior ::run [ RunTime:0.006618s ]
INFO: [ view_parse ] --END-- [ RunTime:0.006690s ]
INFO: [ view_filter ] --START--
INFO: ContentReplace Behavior ::run [ RunTime:0.000337s ]
INFO: TokenBuild Behavior ::run [ RunTime:0.000361s ]
INFO: WriteHtmlCache Behavior ::run [ RunTime:0.000258s ]
INFO: ShowRuntime Behavior ::run [ RunTime:0.000406s ]
INFO: [ view_filter ] --END-- [ RunTime:0.001520s ]
INFO: [ view_end ] --START--
INFO: ShowPageTrace Behavior ::run [ RunTime:0.000569s ]
INFO: [ view_end ] --END-- [ RunTime:0.000620s ]

[ 2016-10-23T18:46:31+08:00 ] 49.64.138.245 /Ucar/index.php?m=Login
INFO: [ app_begin ] --START--
INFO: ReadHtmlCache Behavior ::run [ RunTime:0.000587s ]
INFO: [ app_begin ] --END-- [ RunTime:0.000666s ]
INFO: [ view_parse ] --START--
INFO: ParseTemplate Behavior ::run [ RunTime:0.006939s ]
INFO: [ view_parse ] --END-- [ RunTime:0.007016s ]
INFO: [ view_filter ] --START--
INFO: ContentReplace Behavior ::run [ RunTime:0.000361s ]
INFO: TokenBuild Behavior ::run [ RunTime:0.000470s ]
INFO: WriteHtmlCache Behavior ::run [ RunTime:0.000544s ]
INFO: ShowRuntime Behavior ::run [ RunTime:0.000650s ]
INFO: [ view_filter ] --END-- [ RunTime:0.002216s ]
INFO: [ view_end ] --START--
INFO: ShowPageTrace Behavior ::run [ RunTime:0.000616s ]
INFO: [ view_end ] --END-- [ RunTime:0.000665s ]

[ 2016-10-23T18:47:27+08:00 ] 49.64.138.245 /Ucar/index.php?m=Login&a=login
INFO: [ app_begin ] --START--
INFO: ReadHtmlCache Behavior ::run [ RunTime:0.000472s ]
INFO: [ app_begin ] --END-- [ RunTime:0.000549s ]
SQL: SHOW COLUMNS FROM `admin` [ RunTime:0.000669s ]
SQL: SELECT * FROM `admin` WHERE ( `username` = 'admin' ) LIMIT 1   [ RunTime:0.000138s ]
INFO: [ view_parse ] --START--
INFO: ParseTemplate Behavior ::run [ RunTime:0.006492s ]
INFO: [ view_parse ] --END-- [ RunTime:0.006563s ]
INFO: [ view_filter ] --START--
INFO: ContentReplace Behavior ::run [ RunTime:0.000357s ]
INFO: TokenBuild Behavior ::run [ RunTime:0.000387s ]
INFO: WriteHtmlCache Behavior ::run [ RunTime:0.000261s ]
INFO: ShowRuntime Behavior ::run [ RunTime:0.000507s ]
INFO: [ view_filter ] --END-- [ RunTime:0.001712s ]
INFO: [ view_end ] --START--
INFO: ShowPageTrace Behavior ::run [ RunTime:0.000592s ]
INFO: [ view_end ] --END-- [ RunTime:0.000651s ]

[ 2016-10-23T18:47:28+08:00 ] 49.64.138.245 /Ucar/index.php?m=Admin&a=index
INFO: [ app_begin ] --START--
INFO: ReadHtmlCache Behavior ::run [ RunTime:0.000558s ]
INFO: [ app_begin ] --END-- [ RunTime:0.000645s ]
INFO: [ view_parse ] --START--
INFO: ParseTemplate Behavior ::run [ RunTime:0.006379s ]
INFO: [ view_parse ] --END-- [ RunTime:0.006471s ]
INFO: [ view_filter ] --START--
INFO: ContentReplace Behavior ::run [ RunTime:0.000332s ]
INFO: TokenBuild Behavior ::run [ RunTime:0.000463s ]
INFO: WriteHtmlCache Behavior ::run [ RunTime:0.000269s ]
INFO: ShowRuntime Behavior ::run [ RunTime:0.000459s ]
INFO: [ view_filter ] --END-- [ RunTime:0.001744s ]
INFO: [ view_end ] --START--
INFO: ShowPageTrace Behavior ::run [ RunTime:0.000708s ]
INFO: [ view_end ] --END-- [ RunTime:0.000758s ]

